
           ####    G N O M   ---   Version 4.5a revised 09/02/02     ####

                                                  Wed Apr 23 04:00:15 2008
           ===    Run No   1   ===
 Run title:   Merge of: BMV_MG_6.001 BMV_MG_60.00


   *******    Input file(s) : BMV_Mg_1.dat
           Condition P(rmin) = 0 is used. 
           Condition P(rmax) = 0 is used. 

          Highest ALPHA is found to be   0.2283E+04

  The measure of inconsistency AN1 equals to    0.7695E+00
     Alpha    Discrp  Oscill  Stabil  Sysdev  Positv  Valcen    Total   
  0.2283E+07 85.0737  1.4747  0.9775  0.0000  1.0000  0.7869  0.26574
  0.4567E+06 81.2768  1.4638  0.9313  0.0000  1.0000  0.7891  0.27022
  0.9133E+05 67.5616  1.4187  0.7683  0.0356  1.0000  0.7987  0.28890
  0.1827E+05 41.8706  1.3116  0.4912  0.0435  1.0000  0.8264  0.33297
  0.3653E+04 18.4407  1.2465  0.2428  0.0277  1.0000  0.8613  0.37130
  0.7307E+03  5.8773  1.2684  0.0767  0.1700  1.0000  0.8813  0.54055
  0.1461E+03  1.5745  1.3196  0.0277  0.4308  1.0000  0.8880  0.60282
  0.2923E+02  0.5115  1.3444  0.0078  0.6601  1.0000  0.8894  0.66490
  0.5845E+01  0.3893  1.3512  0.0023  0.6838  1.0000  0.8897  0.63655
  0.1169E+01  0.3803  1.3540  0.0019  0.6759  1.0000  0.8896  0.63388
  0.2338E+00  0.3787  1.3568  0.0023  0.6680  1.0000  0.8896  0.63264
  0.4676E-01  0.3780  1.3645  0.0052  0.6680  1.0000  0.8896  0.62985
  0.9352E-02  0.3772  1.4055  0.0188  0.6680  0.9999  0.8891  0.61089
  0.1870E-02  0.3755  1.8042  0.0626  0.6601  0.9997  0.8862  0.42554
  0.3741E-03  0.3731  3.3059  0.1256  0.6443  0.9981  0.8763  0.24947
  0.7482E-04  0.3701  7.1685  0.3600  0.6443  0.9849  0.7961  0.12306
  0.1496E-04  0.3628 13.4242  0.5421  0.6364  0.8971  0.4737  0.00000

          ***  Golden section search to maximize estimate ***
     Alpha    Discrp  Oscill  Stabil  Sysdev  Positv  Valcen    Total   
  0.5405E+02  0.7192  1.3382  0.0131  0.5810  1.0000  0.8891  0.69134
  0.7902E+02  0.9504  1.3326  0.0178  0.5494  1.0000  0.8888  0.64883
  0.4273E+02  0.6197  1.3409  0.0108  0.6047  1.0000  0.8893  0.68618
  0.6249E+02  0.7963  1.3362  0.0147  0.5652  1.0000  0.8890  0.68324
  0.4941E+02  0.6778  1.3393  0.0122  0.5968  1.0000  0.8892  0.69135
  0.4674E+02  0.6544  1.3400  0.0116  0.5889  1.0000  0.8892  0.68996
  0.5113E+02  0.6931  1.3389  0.0125  0.5889  1.0000  0.8892  0.69172
  0.5223E+02  0.7029  1.3386  0.0127  0.5889  1.0000  0.8892  0.69172
  0.5291E+02  0.7090  1.3385  0.0129  0.5889  1.0000  0.8891  0.69164
  0.5180E+02  0.6991  1.3387  0.0127  0.5889  1.0000  0.8892  0.69174
  0.5155E+02  0.6968  1.3388  0.0126  0.5889  1.0000  0.8892  0.69174
  0.5196E+02  0.7005  1.3387  0.0127  0.5889  1.0000  0.8892  0.69174
  0.5180E+02  0.6991  1.3387  0.0127  0.5889  1.0000  0.8892  0.69174



             ####            Final results            ####

 Parameter    DISCRP    OSCILL    STABIL    SYSDEV    POSITV    VALCEN
 Weight        1.000     3.000     3.000     3.000     1.000     1.000
 Sigma         0.300     0.600     0.120     0.120     0.120     0.120
 Ideal         0.700     1.100     0.000     1.000     1.000     0.950
 Current       0.699     1.339     0.013     0.589     1.000     0.889
                - - - - - - - - - - - - - - - - - - - - - - - - - 
 Estimate      1.000     0.854     0.989     0.000     1.000     0.773

  Angular   range    :     from    0.0137   to    0.3214
  Real space range   :     from      0.00   to    108.00

  Highest ALPHA (theor) :   0.228E+07                 JOB = 0
  Current ALPHA         :   0.518E+02   Rg :  0.314E+02   I(0) :   0.245E+03

           Total  estimate : 0.692  which is  A REASONABLE  solution

      S          J EXP       ERROR       J REG       I REG

  0.0000E+00                                      0.2453E+03
  0.6220E-03                                      0.2453E+03
  0.1244E-02                                      0.2452E+03
  0.1866E-02                                      0.2450E+03
  0.2488E-02                                      0.2448E+03
  0.3110E-02                                      0.2446E+03
  0.3732E-02                                      0.2442E+03
  0.4354E-02                                      0.2438E+03
  0.4976E-02                                      0.2433E+03
  0.5598E-02                                      0.2428E+03
  0.6220E-02                                      0.2422E+03
  0.6841E-02                                      0.2416E+03
  0.7463E-02                                      0.2409E+03
  0.8085E-02                                      0.2401E+03
  0.8707E-02                                      0.2393E+03
  0.9329E-02                                      0.2384E+03
  0.9951E-02                                      0.2375E+03
  0.1057E-01                                      0.2365E+03
  0.1120E-01                                      0.2354E+03
  0.1182E-01                                      0.2343E+03
  0.1244E-01                                      0.2332E+03
  0.1306E-01                                      0.2320E+03
  0.1368E-01  0.2546E+03  0.1720E+02  0.2307E+03  0.2307E+03
  0.1429E-01  0.2327E+03  0.1138E+02  0.2294E+03  0.2294E+03
  0.1490E-01  0.2281E+03  0.1100E+02  0.2281E+03  0.2281E+03
  0.1551E-01  0.2169E+03  0.8177E+01  0.2267E+03  0.2267E+03
  0.1611E-01  0.2255E+03  0.7717E+01  0.2253E+03  0.2253E+03
  0.1672E-01  0.2247E+03  0.7903E+01  0.2239E+03  0.2239E+03
  0.1733E-01  0.2163E+03  0.8035E+01  0.2223E+03  0.2223E+03
  0.1794E-01  0.2166E+03  0.5778E+01  0.2208E+03  0.2208E+03
  0.1855E-01  0.2179E+03  0.8045E+01  0.2192E+03  0.2192E+03
  0.1916E-01  0.2191E+03  0.5814E+01  0.2176E+03  0.2176E+03
  0.1976E-01  0.2204E+03  0.5630E+01  0.2159E+03  0.2159E+03
  0.2037E-01  0.2129E+03  0.5369E+01  0.2142E+03  0.2142E+03
  0.2098E-01  0.2107E+03  0.4418E+01  0.2125E+03  0.2125E+03
  0.2159E-01  0.2076E+03  0.4946E+01  0.2107E+03  0.2107E+03
  0.2220E-01  0.2048E+03  0.3590E+01  0.2089E+03  0.2089E+03
  0.2280E-01  0.2023E+03  0.3268E+01  0.2070E+03  0.2070E+03
  0.2341E-01  0.2035E+03  0.3684E+01  0.2051E+03  0.2051E+03
  0.2402E-01  0.1993E+03  0.3871E+01  0.2032E+03  0.2032E+03
  0.2463E-01  0.2016E+03  0.3212E+01  0.2013E+03  0.2013E+03
  0.2524E-01  0.1932E+03  0.2711E+01  0.1993E+03  0.1993E+03
  0.2584E-01  0.1975E+03  0.1712E+01  0.1973E+03  0.1973E+03
  0.2645E-01  0.1951E+03  0.1592E+01  0.1953E+03  0.1953E+03
  0.2706E-01  0.1933E+03  0.1699E+01  0.1933E+03  0.1933E+03
  0.2767E-01  0.1910E+03  0.1483E+01  0.1912E+03  0.1912E+03
  0.2828E-01  0.1899E+03  0.1535E+01  0.1891E+03  0.1891E+03
  0.2889E-01  0.1882E+03  0.1407E+01  0.1870E+03  0.1870E+03
  0.2949E-01  0.1871E+03  0.1384E+01  0.1849E+03  0.1849E+03
  0.3010E-01  0.1842E+03  0.1056E+01  0.1827E+03  0.1827E+03
  0.3071E-01  0.1827E+03  0.1222E+01  0.1806E+03  0.1806E+03
  0.3132E-01  0.1790E+03  0.1088E+01  0.1784E+03  0.1784E+03
  0.3193E-01  0.1773E+03  0.1115E+01  0.1762E+03  0.1762E+03
  0.3254E-01  0.1755E+03  0.1011E+01  0.1740E+03  0.1740E+03
  0.3314E-01  0.1715E+03  0.8666E+00  0.1718E+03  0.1718E+03
  0.3375E-01  0.1714E+03  0.9533E+00  0.1696E+03  0.1696E+03
  0.3436E-01  0.1674E+03  0.9760E+00  0.1674E+03  0.1674E+03
  0.3497E-01  0.1653E+03  0.9376E+00  0.1652E+03  0.1652E+03
  0.3557E-01  0.1625E+03  0.9164E+00  0.1629E+03  0.1629E+03
  0.3618E-01  0.1604E+03  0.9060E+00  0.1607E+03  0.1607E+03
  0.3679E-01  0.1587E+03  0.8739E+00  0.1584E+03  0.1584E+03
  0.3740E-01  0.1564E+03  0.9160E+00  0.1562E+03  0.1562E+03
  0.3801E-01  0.1539E+03  0.9376E+00  0.1539E+03  0.1539E+03
  0.3862E-01  0.1515E+03  0.9574E+00  0.1517E+03  0.1517E+03
  0.3922E-01  0.1498E+03  0.8840E+00  0.1494E+03  0.1494E+03
  0.3983E-01  0.1478E+03  0.9305E+00  0.1472E+03  0.1472E+03
  0.4044E-01  0.1456E+03  0.8594E+00  0.1450E+03  0.1450E+03
  0.4105E-01  0.1430E+03  0.8326E+00  0.1427E+03  0.1427E+03
  0.4166E-01  0.1399E+03  0.9217E+00  0.1405E+03  0.1405E+03
  0.4227E-01  0.1386E+03  0.6702E+00  0.1383E+03  0.1383E+03
  0.4287E-01  0.1370E+03  0.6489E+00  0.1361E+03  0.1361E+03
  0.4348E-01  0.1347E+03  0.6012E+00  0.1339E+03  0.1339E+03
  0.4409E-01  0.1325E+03  0.6160E+00  0.1317E+03  0.1317E+03
  0.4470E-01  0.1298E+03  0.6090E+00  0.1295E+03  0.1295E+03
  0.4530E-01  0.1278E+03  0.5951E+00  0.1273E+03  0.1273E+03
  0.4591E-01  0.1258E+03  0.6362E+00  0.1252E+03  0.1252E+03
  0.4652E-01  0.1244E+03  0.6106E+00  0.1230E+03  0.1230E+03
  0.4713E-01  0.1224E+03  0.6140E+00  0.1209E+03  0.1209E+03
  0.4774E-01  0.1201E+03  0.6581E+00  0.1188E+03  0.1188E+03
  0.4835E-01  0.1179E+03  0.5960E+00  0.1167E+03  0.1167E+03
  0.4895E-01  0.1151E+03  0.5660E+00  0.1146E+03  0.1146E+03
  0.4956E-01  0.1134E+03  0.5531E+00  0.1125E+03  0.1125E+03
  0.5017E-01  0.1117E+03  0.5558E+00  0.1105E+03  0.1105E+03
  0.5078E-01  0.1087E+03  0.4726E+00  0.1084E+03  0.1084E+03
  0.5139E-01  0.1072E+03  0.4957E+00  0.1064E+03  0.1064E+03
  0.5199E-01  0.1052E+03  0.4668E+00  0.1044E+03  0.1044E+03
  0.5260E-01  0.1034E+03  0.5270E+00  0.1025E+03  0.1025E+03
  0.5321E-01  0.1015E+03  0.5139E+00  0.1005E+03  0.1005E+03
  0.5382E-01  0.9955E+02  0.4754E+00  0.9859E+02  0.9859E+02
  0.5443E-01  0.9774E+02  0.4743E+00  0.9669E+02  0.9669E+02
  0.5504E-01  0.9615E+02  0.4720E+00  0.9480E+02  0.9480E+02
  0.5564E-01  0.9411E+02  0.5097E+00  0.9294E+02  0.9294E+02
  0.5625E-01  0.9232E+02  0.5170E+00  0.9110E+02  0.9110E+02
  0.5686E-01  0.9025E+02  0.5260E+00  0.8929E+02  0.8929E+02
  0.5747E-01  0.8856E+02  0.4672E+00  0.8750E+02  0.8750E+02
  0.5808E-01  0.8637E+02  0.4450E+00  0.8574E+02  0.8574E+02
  0.5868E-01  0.8498E+02  0.4384E+00  0.8400E+02  0.8400E+02
  0.5929E-01  0.8318E+02  0.4350E+00  0.8228E+02  0.8228E+02
  0.5990E-01  0.8153E+02  0.4179E+00  0.8059E+02  0.8059E+02
  0.6051E-01  0.7965E+02  0.4278E+00  0.7893E+02  0.7893E+02
  0.6112E-01  0.7789E+02  0.4428E+00  0.7729E+02  0.7729E+02
  0.6172E-01  0.7641E+02  0.4094E+00  0.7567E+02  0.7567E+02
  0.6233E-01  0.7470E+02  0.4238E+00  0.7408E+02  0.7408E+02
  0.6294E-01  0.7322E+02  0.3959E+00  0.7252E+02  0.7252E+02
  0.6355E-01  0.7197E+02  0.4238E+00  0.7098E+02  0.7098E+02
  0.6416E-01  0.6980E+02  0.5148E+00  0.6947E+02  0.6947E+02
  0.6477E-01  0.6831E+02  0.5154E+00  0.6799E+02  0.6799E+02
  0.6537E-01  0.6680E+02  0.7392E+00  0.6653E+02  0.6653E+02
  0.6598E-01  0.6528E+02  0.4974E+00  0.6509E+02  0.6509E+02
  0.6659E-01  0.6408E+02  0.3950E+00  0.6369E+02  0.6369E+02
  0.6720E-01  0.6296E+02  0.3807E+00  0.6230E+02  0.6230E+02
  0.6781E-01  0.6145E+02  0.3377E+00  0.6095E+02  0.6095E+02
  0.6841E-01  0.5996E+02  0.3567E+00  0.5962E+02  0.5962E+02
  0.6902E-01  0.5883E+02  0.3256E+00  0.5831E+02  0.5831E+02
  0.6963E-01  0.5757E+02  0.3584E+00  0.5703E+02  0.5703E+02
  0.7024E-01  0.5637E+02  0.3618E+00  0.5578E+02  0.5578E+02
  0.7085E-01  0.5480E+02  0.3578E+00  0.5455E+02  0.5455E+02
  0.7145E-01  0.5391E+02  0.3445E+00  0.5335E+02  0.5335E+02
  0.7206E-01  0.5240E+02  0.3503E+00  0.5217E+02  0.5217E+02
  0.7267E-01  0.5116E+02  0.3447E+00  0.5101E+02  0.5101E+02
  0.7328E-01  0.5008E+02  0.3163E+00  0.4988E+02  0.4988E+02
  0.7389E-01  0.4882E+02  0.3089E+00  0.4878E+02  0.4878E+02
  0.7450E-01  0.4814E+02  0.2812E+00  0.4769E+02  0.4769E+02
  0.7510E-01  0.4718E+02  0.2919E+00  0.4663E+02  0.4663E+02
  0.7571E-01  0.4578E+02  0.2854E+00  0.4560E+02  0.4560E+02
  0.7632E-01  0.4437E+02  0.2892E+00  0.4459E+02  0.4459E+02
  0.7693E-01  0.4376E+02  0.2963E+00  0.4360E+02  0.4360E+02
  0.7754E-01  0.4292E+02  0.2973E+00  0.4263E+02  0.4263E+02
  0.7814E-01  0.4195E+02  0.2741E+00  0.4168E+02  0.4168E+02
  0.7875E-01  0.4076E+02  0.2789E+00  0.4076E+02  0.4076E+02
  0.7936E-01  0.3994E+02  0.2851E+00  0.3986E+02  0.3986E+02
  0.7997E-01  0.3888E+02  0.3125E+00  0.3898E+02  0.3898E+02
  0.8058E-01  0.3783E+02  0.2555E+00  0.3812E+02  0.3812E+02
  0.8119E-01  0.3692E+02  0.2668E+00  0.3728E+02  0.3728E+02
  0.8179E-01  0.3660E+02  0.2808E+00  0.3646E+02  0.3646E+02
  0.8240E-01  0.3605E+02  0.2615E+00  0.3567E+02  0.3567E+02
  0.8301E-01  0.3525E+02  0.2442E+00  0.3489E+02  0.3489E+02
  0.8362E-01  0.3440E+02  0.2451E+00  0.3413E+02  0.3413E+02
  0.8423E-01  0.3347E+02  0.2438E+00  0.3339E+02  0.3339E+02
  0.8483E-01  0.3249E+02  0.2395E+00  0.3267E+02  0.3267E+02
  0.8544E-01  0.3135E+02  0.2415E+00  0.3196E+02  0.3196E+02
  0.8605E-01  0.3089E+02  0.2330E+00  0.3128E+02  0.3128E+02
  0.8666E-01  0.3012E+02  0.2153E+00  0.3061E+02  0.3061E+02
  0.8727E-01  0.2957E+02  0.2088E+00  0.2996E+02  0.2996E+02
  0.8787E-01  0.2934E+02  0.2275E+00  0.2932E+02  0.2932E+02
  0.8848E-01  0.2877E+02  0.2200E+00  0.2871E+02  0.2871E+02
  0.8909E-01  0.2788E+02  0.2267E+00  0.2810E+02  0.2810E+02
  0.8970E-01  0.2752E+02  0.2142E+00  0.2752E+02  0.2752E+02
  0.9031E-01  0.2692E+02  0.2091E+00  0.2695E+02  0.2695E+02
  0.9091E-01  0.2659E+02  0.2062E+00  0.2639E+02  0.2639E+02
  0.9152E-01  0.2583E+02  0.2069E+00  0.2585E+02  0.2585E+02
  0.9213E-01  0.2531E+02  0.2152E+00  0.2533E+02  0.2533E+02
  0.9274E-01  0.2456E+02  0.2320E+00  0.2481E+02  0.2481E+02
  0.9335E-01  0.2422E+02  0.2212E+00  0.2432E+02  0.2432E+02
  0.9395E-01  0.2373E+02  0.2172E+00  0.2383E+02  0.2383E+02
  0.9456E-01  0.2321E+02  0.1997E+00  0.2336E+02  0.2336E+02
  0.9517E-01  0.2272E+02  0.2027E+00  0.2290E+02  0.2290E+02
  0.9578E-01  0.2239E+02  0.2137E+00  0.2245E+02  0.2245E+02
  0.9639E-01  0.2165E+02  0.2190E+00  0.2202E+02  0.2202E+02
  0.9700E-01  0.2136E+02  0.2558E+00  0.2160E+02  0.2160E+02
  0.9760E-01  0.2090E+02  0.2748E+00  0.2119E+02  0.2119E+02
  0.9821E-01  0.2059E+02  0.5282E+00  0.2079E+02  0.2079E+02
  0.9882E-01  0.2025E+02  0.3525E+00  0.2040E+02  0.2040E+02
  0.9943E-01  0.2021E+02  0.5397E+00  0.2002E+02  0.2002E+02
  0.1000E+00  0.1966E+02  0.3043E+00  0.1965E+02  0.1965E+02
  0.1006E+00  0.1892E+02  0.2096E+00  0.1929E+02  0.1929E+02
  0.1013E+00  0.1874E+02  0.2096E+00  0.1894E+02  0.1894E+02
  0.1019E+00  0.1853E+02  0.2124E+00  0.1861E+02  0.1861E+02
  0.1025E+00  0.1802E+02  0.2518E+00  0.1828E+02  0.1828E+02
  0.1031E+00  0.1778E+02  0.3859E+00  0.1796E+02  0.1796E+02
  0.1037E+00  0.1748E+02  0.2552E+00  0.1764E+02  0.1764E+02
  0.1043E+00  0.1720E+02  0.2681E+00  0.1734E+02  0.1734E+02
  0.1049E+00  0.1673E+02  0.2195E+00  0.1705E+02  0.1705E+02
  0.1055E+00  0.1638E+02  0.1881E+00  0.1676E+02  0.1676E+02
  0.1061E+00  0.1597E+02  0.1926E+00  0.1648E+02  0.1648E+02
  0.1067E+00  0.1609E+02  0.1805E+00  0.1621E+02  0.1621E+02
  0.1073E+00  0.1589E+02  0.1866E+00  0.1595E+02  0.1595E+02
  0.1079E+00  0.1554E+02  0.1900E+00  0.1569E+02  0.1569E+02
  0.1085E+00  0.1530E+02  0.1675E+00  0.1544E+02  0.1544E+02
  0.1092E+00  0.1508E+02  0.1754E+00  0.1520E+02  0.1520E+02
  0.1098E+00  0.1474E+02  0.1970E+00  0.1496E+02  0.1496E+02
  0.1104E+00  0.1470E+02  0.2954E+00  0.1473E+02  0.1473E+02
  0.1110E+00  0.1426E+02  0.4042E+00  0.1451E+02  0.1451E+02
  0.1116E+00  0.1408E+02  0.4827E+00  0.1429E+02  0.1429E+02
  0.1122E+00  0.1379E+02  0.2761E+00  0.1408E+02  0.1408E+02
  0.1128E+00  0.1350E+02  0.2253E+00  0.1387E+02  0.1387E+02
  0.1134E+00  0.1332E+02  0.1797E+00  0.1367E+02  0.1367E+02
  0.1140E+00  0.1327E+02  0.1695E+00  0.1347E+02  0.1347E+02
  0.1146E+00  0.1320E+02  0.1723E+00  0.1328E+02  0.1328E+02
  0.1152E+00  0.1320E+02  0.1702E+00  0.1309E+02  0.1309E+02
  0.1158E+00  0.1294E+02  0.1731E+00  0.1291E+02  0.1291E+02
  0.1165E+00  0.1284E+02  0.1572E+00  0.1274E+02  0.1274E+02
  0.1171E+00  0.1272E+02  0.1624E+00  0.1256E+02  0.1256E+02
  0.1177E+00  0.1270E+02  0.1748E+00  0.1240E+02  0.1240E+02
  0.1183E+00  0.1252E+02  0.1783E+00  0.1223E+02  0.1223E+02
  0.1189E+00  0.1212E+02  0.2138E+00  0.1207E+02  0.1207E+02
  0.1195E+00  0.1221E+02  0.2303E+00  0.1192E+02  0.1192E+02
  0.1201E+00  0.1198E+02  0.2423E+00  0.1177E+02  0.1177E+02
  0.1207E+00  0.1161E+02  0.1809E+00  0.1162E+02  0.1162E+02
  0.1213E+00  0.1165E+02  0.1903E+00  0.1147E+02  0.1147E+02
  0.1219E+00  0.1128E+02  0.1606E+00  0.1133E+02  0.1133E+02
  0.1225E+00  0.1122E+02  0.1515E+00  0.1119E+02  0.1119E+02
  0.1231E+00  0.1100E+02  0.1678E+00  0.1106E+02  0.1106E+02
  0.1238E+00  0.1094E+02  0.1688E+00  0.1093E+02  0.1093E+02
  0.1244E+00  0.1052E+02  0.1626E+00  0.1080E+02  0.1080E+02
  0.1250E+00  0.1041E+02  0.1666E+00  0.1067E+02  0.1067E+02
  0.1256E+00  0.1034E+02  0.1503E+00  0.1055E+02  0.1055E+02
  0.1262E+00  0.1019E+02  0.1465E+00  0.1043E+02  0.1043E+02
  0.1268E+00  0.1035E+02  0.1497E+00  0.1031E+02  0.1031E+02
  0.1274E+00  0.1015E+02  0.1559E+00  0.1020E+02  0.1020E+02
  0.1280E+00  0.9991E+01  0.1500E+00  0.1009E+02  0.1009E+02
  0.1286E+00  0.1006E+02  0.1463E+00  0.9975E+01  0.9975E+01
  0.1292E+00  0.9879E+01  0.1500E+00  0.9868E+01  0.9868E+01
  0.1298E+00  0.9856E+01  0.1485E+00  0.9763E+01  0.9763E+01
  0.1304E+00  0.9653E+01  0.1500E+00  0.9659E+01  0.9659E+01
  0.1310E+00  0.9489E+01  0.1506E+00  0.9558E+01  0.9558E+01
  0.1317E+00  0.9214E+01  0.1484E+00  0.9459E+01  0.9459E+01
  0.1323E+00  0.9224E+01  0.1455E+00  0.9361E+01  0.9361E+01
  0.1329E+00  0.9318E+01  0.1607E+00  0.9266E+01  0.9266E+01
  0.1335E+00  0.9083E+01  0.2310E+00  0.9172E+01  0.9172E+01
  0.1341E+00  0.9006E+01  0.2059E+00  0.9080E+01  0.9080E+01
  0.1347E+00  0.8728E+01  0.1569E+00  0.8990E+01  0.8990E+01
  0.1353E+00  0.8742E+01  0.1494E+00  0.8901E+01  0.8901E+01
  0.1359E+00  0.8648E+01  0.1445E+00  0.8814E+01  0.8814E+01
  0.1365E+00  0.8664E+01  0.1401E+00  0.8729E+01  0.8729E+01
  0.1371E+00  0.8665E+01  0.1533E+00  0.8645E+01  0.8645E+01
  0.1377E+00  0.8618E+01  0.1542E+00  0.8562E+01  0.8562E+01
  0.1383E+00  0.8451E+01  0.1502E+00  0.8481E+01  0.8481E+01
  0.1390E+00  0.8257E+01  0.1508E+00  0.8400E+01  0.8400E+01
  0.1396E+00  0.8132E+01  0.1856E+00  0.8322E+01  0.8322E+01
  0.1402E+00  0.8088E+01  0.2956E+00  0.8244E+01  0.8244E+01
  0.1408E+00  0.8257E+01  0.2194E+00  0.8167E+01  0.8167E+01
  0.1414E+00  0.8020E+01  0.3375E+00  0.8092E+01  0.8092E+01
  0.1420E+00  0.8028E+01  0.3087E+00  0.8018E+01  0.8018E+01
  0.1426E+00  0.7999E+01  0.1821E+00  0.7945E+01  0.7945E+01
  0.1432E+00  0.7924E+01  0.1474E+00  0.7873E+01  0.7873E+01
  0.1438E+00  0.7822E+01  0.1455E+00  0.7801E+01  0.7801E+01
  0.1444E+00  0.7624E+01  0.1436E+00  0.7731E+01  0.7731E+01
  0.1450E+00  0.7651E+01  0.1526E+00  0.7662E+01  0.7662E+01
  0.1456E+00  0.7760E+01  0.1473E+00  0.7593E+01  0.7593E+01
  0.1463E+00  0.7616E+01  0.1450E+00  0.7526E+01  0.7526E+01
  0.1469E+00  0.7393E+01  0.1498E+00  0.7459E+01  0.7459E+01
  0.1475E+00  0.7221E+01  0.1705E+00  0.7393E+01  0.7393E+01
  0.1481E+00  0.7267E+01  0.1449E+00  0.7327E+01  0.7327E+01
  0.1487E+00  0.7344E+01  0.1422E+00  0.7263E+01  0.7263E+01
  0.1493E+00  0.7212E+01  0.1393E+00  0.7199E+01  0.7199E+01
  0.1499E+00  0.7054E+01  0.1302E+00  0.7136E+01  0.7136E+01
  0.1505E+00  0.7045E+01  0.1354E+00  0.7073E+01  0.7073E+01
  0.1511E+00  0.7042E+01  0.1303E+00  0.7012E+01  0.7012E+01
  0.1517E+00  0.7009E+01  0.1689E+00  0.6951E+01  0.6951E+01
  0.1523E+00  0.6922E+01  0.1538E+00  0.6890E+01  0.6890E+01
  0.1529E+00  0.6837E+01  0.1952E+00  0.6830E+01  0.6830E+01
  0.1535E+00  0.6702E+01  0.1530E+00  0.6771E+01  0.6771E+01
  0.1542E+00  0.6718E+01  0.1647E+00  0.6712E+01  0.6712E+01
  0.1548E+00  0.6562E+01  0.1358E+00  0.6653E+01  0.6653E+01
  0.1554E+00  0.6637E+01  0.1370E+00  0.6596E+01  0.6596E+01
  0.1560E+00  0.6522E+01  0.1440E+00  0.6538E+01  0.6538E+01
  0.1566E+00  0.6408E+01  0.1477E+00  0.6482E+01  0.6482E+01
  0.1572E+00  0.6310E+01  0.1457E+00  0.6426E+01  0.6426E+01
  0.1578E+00  0.6389E+01  0.1325E+00  0.6370E+01  0.6370E+01
  0.1584E+00  0.6265E+01  0.1314E+00  0.6315E+01  0.6315E+01
  0.1590E+00  0.6435E+01  0.1284E+00  0.6260E+01  0.6260E+01
  0.1596E+00  0.6422E+01  0.1233E+00  0.6205E+01  0.6205E+01
  0.1602E+00  0.6404E+01  0.1286E+00  0.6152E+01  0.6152E+01
  0.1608E+00  0.6209E+01  0.1361E+00  0.6098E+01  0.6098E+01
  0.1615E+00  0.6195E+01  0.1308E+00  0.6045E+01  0.6045E+01
  0.1621E+00  0.6167E+01  0.1282E+00  0.5992E+01  0.5992E+01
  0.1627E+00  0.6078E+01  0.1256E+00  0.5940E+01  0.5940E+01
  0.1633E+00  0.6005E+01  0.1363E+00  0.5888E+01  0.5888E+01
  0.1639E+00  0.5888E+01  0.1366E+00  0.5837E+01  0.5837E+01
  0.1645E+00  0.5720E+01  0.1387E+00  0.5786E+01  0.5786E+01
  0.1651E+00  0.5624E+01  0.1380E+00  0.5736E+01  0.5736E+01
  0.1657E+00  0.5555E+01  0.1290E+00  0.5685E+01  0.5685E+01
  0.1663E+00  0.5656E+01  0.1198E+00  0.5636E+01  0.5636E+01
  0.1669E+00  0.5495E+01  0.1237E+00  0.5586E+01  0.5586E+01
  0.1675E+00  0.5547E+01  0.1239E+00  0.5537E+01  0.5537E+01
  0.1681E+00  0.5391E+01  0.1197E+00  0.5489E+01  0.5489E+01
  0.1688E+00  0.5572E+01  0.1279E+00  0.5440E+01  0.5440E+01
  0.1694E+00  0.5492E+01  0.1265E+00  0.5392E+01  0.5392E+01
  0.1700E+00  0.5339E+01  0.1270E+00  0.5345E+01  0.5345E+01
  0.1706E+00  0.5261E+01  0.1247E+00  0.5298E+01  0.5298E+01
  0.1712E+00  0.5334E+01  0.1260E+00  0.5251E+01  0.5251E+01
  0.1718E+00  0.5232E+01  0.1273E+00  0.5205E+01  0.5205E+01
  0.1724E+00  0.5168E+01  0.1310E+00  0.5159E+01  0.5159E+01
  0.1730E+00  0.5038E+01  0.1556E+00  0.5113E+01  0.5113E+01
  0.1736E+00  0.4935E+01  0.1577E+00  0.5068E+01  0.5068E+01
  0.1742E+00  0.4910E+01  0.1289E+00  0.5023E+01  0.5023E+01
  0.1748E+00  0.4997E+01  0.1283E+00  0.4978E+01  0.4978E+01
  0.1754E+00  0.5032E+01  0.1268E+00  0.4934E+01  0.4934E+01
  0.1760E+00  0.5046E+01  0.1165E+00  0.4890E+01  0.4890E+01
  0.1767E+00  0.4865E+01  0.1267E+00  0.4846E+01  0.4846E+01
  0.1773E+00  0.4797E+01  0.1278E+00  0.4803E+01  0.4803E+01
  0.1779E+00  0.4762E+01  0.1445E+00  0.4760E+01  0.4760E+01
  0.1785E+00  0.4814E+01  0.1275E+00  0.4717E+01  0.4717E+01
  0.1791E+00  0.5015E+01  0.1223E+00  0.4675E+01  0.4675E+01
  0.1797E+00  0.4921E+01  0.1235E+00  0.4633E+01  0.4633E+01
  0.1803E+00  0.4806E+01  0.1217E+00  0.4592E+01  0.4592E+01
  0.1809E+00  0.4756E+01  0.1215E+00  0.4550E+01  0.4550E+01
  0.1815E+00  0.4618E+01  0.1217E+00  0.4509E+01  0.4509E+01
  0.1821E+00  0.4491E+01  0.1334E+00  0.4469E+01  0.4469E+01
  0.1827E+00  0.4390E+01  0.1196E+00  0.4429E+01  0.4429E+01
  0.1833E+00  0.4215E+01  0.1334E+00  0.4389E+01  0.4389E+01
  0.1840E+00  0.4250E+01  0.1215E+00  0.4349E+01  0.4349E+01
  0.1846E+00  0.4163E+01  0.1210E+00  0.4310E+01  0.4310E+01
  0.1852E+00  0.4142E+01  0.1159E+00  0.4270E+01  0.4270E+01
  0.1858E+00  0.4055E+01  0.1174E+00  0.4232E+01  0.4232E+01
  0.1864E+00  0.4133E+01  0.1102E+00  0.4193E+01  0.4193E+01
  0.1870E+00  0.4088E+01  0.1166E+00  0.4155E+01  0.4155E+01
  0.1876E+00  0.4108E+01  0.1164E+00  0.4117E+01  0.4117E+01
  0.1882E+00  0.4056E+01  0.1144E+00  0.4080E+01  0.4080E+01
  0.1888E+00  0.4106E+01  0.1220E+00  0.4042E+01  0.4042E+01
  0.1894E+00  0.3931E+01  0.1176E+00  0.4005E+01  0.4005E+01
  0.1900E+00  0.3981E+01  0.1134E+00  0.3968E+01  0.3968E+01
  0.1906E+00  0.3878E+01  0.1161E+00  0.3932E+01  0.3932E+01
  0.1912E+00  0.3765E+01  0.1238E+00  0.3896E+01  0.3896E+01
  0.1919E+00  0.3782E+01  0.1191E+00  0.3860E+01  0.3860E+01
  0.1925E+00  0.3712E+01  0.1134E+00  0.3824E+01  0.3824E+01
  0.1931E+00  0.3661E+01  0.1114E+00  0.3789E+01  0.3789E+01
  0.1937E+00  0.3768E+01  0.1146E+00  0.3753E+01  0.3753E+01
  0.1943E+00  0.3636E+01  0.1172E+00  0.3718E+01  0.3718E+01
  0.1949E+00  0.3815E+01  0.1166E+00  0.3684E+01  0.3684E+01
  0.1955E+00  0.3829E+01  0.1225E+00  0.3649E+01  0.3649E+01
  0.1961E+00  0.3879E+01  0.1508E+00  0.3615E+01  0.3615E+01
  0.1967E+00  0.3697E+01  0.1604E+00  0.3581E+01  0.3581E+01
  0.1973E+00  0.3576E+01  0.1985E+00  0.3547E+01  0.3547E+01
  0.1979E+00  0.3663E+01  0.1864E+00  0.3514E+01  0.3514E+01
  0.1985E+00  0.3648E+01  0.1228E+00  0.3480E+01  0.3480E+01
  0.1992E+00  0.3705E+01  0.1152E+00  0.3447E+01  0.3447E+01
  0.1998E+00  0.3634E+01  0.1287E+00  0.3414E+01  0.3414E+01
  0.2004E+00  0.3544E+01  0.1217E+00  0.3382E+01  0.3382E+01
  0.2010E+00  0.3252E+01  0.1411E+00  0.3349E+01  0.3349E+01
  0.2016E+00  0.3274E+01  0.1138E+00  0.3317E+01  0.3317E+01
  0.2022E+00  0.3292E+01  0.1184E+00  0.3285E+01  0.3285E+01
  0.2028E+00  0.3318E+01  0.1180E+00  0.3253E+01  0.3253E+01
  0.2034E+00  0.3405E+01  0.1109E+00  0.3222E+01  0.3222E+01
  0.2040E+00  0.3240E+01  0.1177E+00  0.3190E+01  0.3190E+01
  0.2046E+00  0.3218E+01  0.1101E+00  0.3159E+01  0.3159E+01
  0.2052E+00  0.3198E+01  0.1094E+00  0.3128E+01  0.3128E+01
  0.2058E+00  0.2928E+01  0.1100E+00  0.3097E+01  0.3097E+01
  0.2065E+00  0.3084E+01  0.1089E+00  0.3066E+01  0.3066E+01
  0.2071E+00  0.3076E+01  0.1069E+00  0.3036E+01  0.3036E+01
  0.2077E+00  0.2916E+01  0.1122E+00  0.3006E+01  0.3006E+01
  0.2083E+00  0.3039E+01  0.1083E+00  0.2976E+01  0.2976E+01
  0.2089E+00  0.2941E+01  0.1093E+00  0.2946E+01  0.2946E+01
  0.2095E+00  0.2947E+01  0.1103E+00  0.2916E+01  0.2916E+01
  0.2101E+00  0.2855E+01  0.1076E+00  0.2886E+01  0.2886E+01
  0.2107E+00  0.2897E+01  0.1106E+00  0.2857E+01  0.2857E+01
  0.2113E+00  0.2890E+01  0.1085E+00  0.2828E+01  0.2828E+01
  0.2119E+00  0.2823E+01  0.1041E+00  0.2799E+01  0.2799E+01
  0.2125E+00  0.3015E+01  0.1086E+00  0.2770E+01  0.2770E+01
  0.2131E+00  0.2990E+01  0.1055E+00  0.2742E+01  0.2742E+01
  0.2137E+00  0.3043E+01  0.1140E+00  0.2713E+01  0.2713E+01
  0.2144E+00  0.2855E+01  0.1086E+00  0.2685E+01  0.2685E+01
  0.2150E+00  0.2684E+01  0.1062E+00  0.2657E+01  0.2657E+01
  0.2156E+00  0.2613E+01  0.1029E+00  0.2630E+01  0.2630E+01
  0.2162E+00  0.2481E+01  0.1033E+00  0.2602E+01  0.2602E+01
  0.2168E+00  0.2534E+01  0.1070E+00  0.2575E+01  0.2575E+01
  0.2174E+00  0.2316E+01  0.1045E+00  0.2548E+01  0.2548E+01
  0.2180E+00  0.2374E+01  0.1077E+00  0.2521E+01  0.2521E+01
  0.2186E+00  0.2425E+01  0.1125E+00  0.2494E+01  0.2494E+01
  0.2192E+00  0.2490E+01  0.1237E+00  0.2467E+01  0.2467E+01
  0.2198E+00  0.2420E+01  0.1253E+00  0.2441E+01  0.2441E+01
  0.2204E+00  0.2458E+01  0.1183E+00  0.2415E+01  0.2415E+01
  0.2210E+00  0.2329E+01  0.1163E+00  0.2389E+01  0.2389E+01
  0.2217E+00  0.2334E+01  0.1031E+00  0.2363E+01  0.2363E+01
  0.2223E+00  0.2214E+01  0.1022E+00  0.2338E+01  0.2338E+01
  0.2229E+00  0.2312E+01  0.1060E+00  0.2313E+01  0.2313E+01
  0.2235E+00  0.2292E+01  0.9971E-01  0.2288E+01  0.2288E+01
  0.2241E+00  0.2308E+01  0.1031E+00  0.2263E+01  0.2263E+01
  0.2247E+00  0.2345E+01  0.1048E+00  0.2238E+01  0.2238E+01
  0.2253E+00  0.2293E+01  0.1014E+00  0.2214E+01  0.2214E+01
  0.2259E+00  0.2255E+01  0.1009E+00  0.2190E+01  0.2190E+01
  0.2265E+00  0.2180E+01  0.1039E+00  0.2166E+01  0.2166E+01
  0.2271E+00  0.2075E+01  0.1044E+00  0.2143E+01  0.2143E+01
  0.2277E+00  0.1990E+01  0.1017E+00  0.2119E+01  0.2119E+01
  0.2283E+00  0.2106E+01  0.1135E+00  0.2096E+01  0.2096E+01
  0.2289E+00  0.1889E+01  0.9659E-01  0.2073E+01  0.2073E+01
  0.2296E+00  0.1911E+01  0.9883E-01  0.2051E+01  0.2051E+01
  0.2302E+00  0.2002E+01  0.9860E-01  0.2028E+01  0.2028E+01
  0.2308E+00  0.1802E+01  0.9725E-01  0.2006E+01  0.2006E+01
  0.2314E+00  0.2015E+01  0.1004E+00  0.1984E+01  0.1984E+01
  0.2320E+00  0.2013E+01  0.1045E+00  0.1963E+01  0.1963E+01
  0.2326E+00  0.2002E+01  0.1133E+00  0.1941E+01  0.1941E+01
  0.2332E+00  0.2064E+01  0.1525E+00  0.1920E+01  0.1920E+01
  0.2338E+00  0.2132E+01  0.1467E+00  0.1899E+01  0.1899E+01
  0.2344E+00  0.1867E+01  0.1311E+00  0.1879E+01  0.1879E+01
  0.2350E+00  0.1818E+01  0.1167E+00  0.1858E+01  0.1858E+01
  0.2356E+00  0.1819E+01  0.9911E-01  0.1838E+01  0.1838E+01
  0.2362E+00  0.1711E+01  0.9954E-01  0.1818E+01  0.1818E+01
  0.2369E+00  0.1654E+01  0.9816E-01  0.1799E+01  0.1799E+01
  0.2375E+00  0.1699E+01  0.9673E-01  0.1779E+01  0.1779E+01
  0.2381E+00  0.1781E+01  0.9446E-01  0.1760E+01  0.1760E+01
  0.2387E+00  0.1860E+01  0.9394E-01  0.1741E+01  0.1741E+01
  0.2393E+00  0.1740E+01  0.1004E+00  0.1723E+01  0.1723E+01
  0.2399E+00  0.1668E+01  0.1022E+00  0.1704E+01  0.1704E+01
  0.2405E+00  0.1651E+01  0.9880E-01  0.1686E+01  0.1686E+01
  0.2411E+00  0.1735E+01  0.1069E+00  0.1669E+01  0.1669E+01
  0.2417E+00  0.1707E+01  0.1037E+00  0.1651E+01  0.1651E+01
  0.2423E+00  0.1574E+01  0.1014E+00  0.1634E+01  0.1634E+01
  0.2429E+00  0.1608E+01  0.9989E-01  0.1616E+01  0.1616E+01
  0.2435E+00  0.1497E+01  0.9854E-01  0.1599E+01  0.1599E+01
  0.2441E+00  0.1510E+01  0.9982E-01  0.1583E+01  0.1583E+01
  0.2448E+00  0.1609E+01  0.9965E-01  0.1566E+01  0.1566E+01
  0.2454E+00  0.1637E+01  0.9748E-01  0.1550E+01  0.1550E+01
  0.2460E+00  0.1553E+01  0.9684E-01  0.1534E+01  0.1534E+01
  0.2466E+00  0.1410E+01  0.1031E+00  0.1518E+01  0.1518E+01
  0.2472E+00  0.1376E+01  0.9736E-01  0.1503E+01  0.1503E+01
  0.2478E+00  0.1332E+01  0.9525E-01  0.1488E+01  0.1488E+01
  0.2484E+00  0.1339E+01  0.9725E-01  0.1472E+01  0.1472E+01
  0.2490E+00  0.1365E+01  0.1004E+00  0.1458E+01  0.1458E+01
  0.2496E+00  0.1501E+01  0.9739E-01  0.1443E+01  0.1443E+01
  0.2502E+00  0.1441E+01  0.9408E-01  0.1428E+01  0.1428E+01
  0.2508E+00  0.1549E+01  0.9202E-01  0.1414E+01  0.1414E+01
  0.2514E+00  0.1564E+01  0.9431E-01  0.1400E+01  0.1400E+01
  0.2521E+00  0.1395E+01  0.9382E-01  0.1386E+01  0.1386E+01
  0.2527E+00  0.1289E+01  0.1001E+00  0.1372E+01  0.1372E+01
  0.2533E+00  0.1331E+01  0.1189E+00  0.1359E+01  0.1359E+01
  0.2539E+00  0.1190E+01  0.9774E-01  0.1345E+01  0.1345E+01
  0.2545E+00  0.1252E+01  0.9471E-01  0.1332E+01  0.1332E+01
  0.2551E+00  0.1221E+01  0.9419E-01  0.1319E+01  0.1319E+01
  0.2557E+00  0.1295E+01  0.9264E-01  0.1306E+01  0.1306E+01
  0.2563E+00  0.1168E+01  0.9215E-01  0.1294E+01  0.1294E+01
  0.2569E+00  0.1214E+01  0.9417E-01  0.1281E+01  0.1281E+01
  0.2575E+00  0.1287E+01  0.1066E+00  0.1269E+01  0.1269E+01
  0.2581E+00  0.1338E+01  0.1074E+00  0.1256E+01  0.1256E+01
  0.2587E+00  0.1301E+01  0.9808E-01  0.1244E+01  0.1244E+01
  0.2593E+00  0.1275E+01  0.9837E-01  0.1232E+01  0.1232E+01
  0.2600E+00  0.1292E+01  0.9623E-01  0.1221E+01  0.1221E+01
  0.2606E+00  0.1292E+01  0.9510E-01  0.1209E+01  0.1209E+01
  0.2612E+00  0.1170E+01  0.1015E+00  0.1197E+01  0.1197E+01
  0.2618E+00  0.1144E+01  0.1144E+00  0.1186E+01  0.1186E+01
  0.2624E+00  0.1247E+01  0.9556E-01  0.1175E+01  0.1175E+01
  0.2630E+00  0.1119E+01  0.9357E-01  0.1163E+01  0.1163E+01
  0.2636E+00  0.1146E+01  0.9501E-01  0.1152E+01  0.1152E+01
  0.2642E+00  0.1190E+01  0.9285E-01  0.1141E+01  0.1141E+01
  0.2648E+00  0.1159E+01  0.9829E-01  0.1131E+01  0.1131E+01
  0.2654E+00  0.1118E+01  0.9660E-01  0.1120E+01  0.1120E+01
  0.2660E+00  0.1168E+01  0.9869E-01  0.1109E+01  0.1109E+01
  0.2666E+00  0.1113E+01  0.9152E-01  0.1099E+01  0.1099E+01
  0.2673E+00  0.9898E+00  0.9391E-01  0.1088E+01  0.1088E+01
  0.2679E+00  0.9811E+00  0.9399E-01  0.1078E+01  0.1078E+01
  0.2685E+00  0.9866E+00  0.9471E-01  0.1068E+01  0.1068E+01
  0.2691E+00  0.1028E+01  0.9100E-01  0.1058E+01  0.1058E+01
  0.2697E+00  0.1073E+01  0.8985E-01  0.1048E+01  0.1048E+01
  0.2703E+00  0.1109E+01  0.8807E-01  0.1038E+01  0.1038E+01
  0.2709E+00  0.1087E+01  0.8745E-01  0.1028E+01  0.1028E+01
  0.2715E+00  0.9628E+00  0.9152E-01  0.1018E+01  0.1018E+01
  0.2721E+00  0.9102E+00  0.8891E-01  0.1008E+01  0.1008E+01
  0.2727E+00  0.1055E+01  0.9059E-01  0.9989E+00  0.9989E+00
  0.2733E+00  0.1083E+01  0.8991E-01  0.9894E+00  0.9894E+00
  0.2739E+00  0.1034E+01  0.9195E-01  0.9800E+00  0.9800E+00
  0.2745E+00  0.9208E+00  0.9164E-01  0.9707E+00  0.9707E+00
  0.2752E+00  0.8534E+00  0.9553E-01  0.9615E+00  0.9615E+00
  0.2758E+00  0.7876E+00  0.9075E-01  0.9523E+00  0.9523E+00
  0.2764E+00  0.6136E+00  0.8990E-01  0.9433E+00  0.9433E+00
  0.2770E+00  0.7957E+00  0.9275E-01  0.9343E+00  0.9343E+00
  0.2776E+00  0.9570E+00  0.9547E-01  0.9255E+00  0.9255E+00
  0.2782E+00  0.9560E+00  0.9083E-01  0.9167E+00  0.9167E+00
  0.2788E+00  0.9138E+00  0.1154E+00  0.9080E+00  0.9080E+00
  0.2794E+00  0.8380E+00  0.1827E+00  0.8994E+00  0.8994E+00
  0.2800E+00  0.8764E+00  0.1620E+00  0.8909E+00  0.8909E+00
  0.2806E+00  0.9491E+00  0.1582E+00  0.8825E+00  0.8825E+00
  0.2812E+00  0.9137E+00  0.1448E+00  0.8742E+00  0.8742E+00
  0.2818E+00  0.9068E+00  0.9977E-01  0.8659E+00  0.8659E+00
  0.2825E+00  0.9308E+00  0.9027E-01  0.8578E+00  0.8578E+00
  0.2831E+00  0.9062E+00  0.8994E-01  0.8497E+00  0.8497E+00
  0.2837E+00  0.8432E+00  0.8726E-01  0.8417E+00  0.8417E+00
  0.2843E+00  0.6846E+00  0.8816E-01  0.8339E+00  0.8339E+00
  0.2849E+00  0.6446E+00  0.8929E-01  0.8262E+00  0.8262E+00
  0.2855E+00  0.7032E+00  0.9416E-01  0.8185E+00  0.8185E+00
  0.2861E+00  0.7190E+00  0.9103E-01  0.8109E+00  0.8109E+00
  0.2867E+00  0.8234E+00  0.9685E-01  0.8035E+00  0.8035E+00
  0.2873E+00  0.7756E+00  0.9311E-01  0.7961E+00  0.7961E+00
  0.2879E+00  0.9006E+00  0.8992E-01  0.7889E+00  0.7889E+00
  0.2885E+00  0.8027E+00  0.1007E+00  0.7817E+00  0.7817E+00
  0.2891E+00  0.7596E+00  0.9139E-01  0.7747E+00  0.7747E+00
  0.2897E+00  0.7355E+00  0.8336E-01  0.7678E+00  0.7678E+00
  0.2904E+00  0.7738E+00  0.8429E-01  0.7609E+00  0.7609E+00
  0.2910E+00  0.6996E+00  0.8613E-01  0.7542E+00  0.7542E+00
  0.2916E+00  0.7118E+00  0.8978E-01  0.7476E+00  0.7476E+00
  0.2922E+00  0.6027E+00  0.9293E-01  0.7411E+00  0.7411E+00
  0.2928E+00  0.6670E+00  0.8614E-01  0.7348E+00  0.7348E+00
  0.2934E+00  0.5637E+00  0.8778E-01  0.7285E+00  0.7285E+00
  0.2940E+00  0.7475E+00  0.8575E-01  0.7224E+00  0.7224E+00
  0.2946E+00  0.7909E+00  0.9097E-01  0.7163E+00  0.7163E+00
  0.2952E+00  0.6064E+00  0.1131E+00  0.7105E+00  0.7105E+00
  0.2958E+00  0.5946E+00  0.1146E+00  0.7046E+00  0.7046E+00
  0.2964E+00  0.6169E+00  0.1031E+00  0.6989E+00  0.6989E+00
  0.2970E+00  0.7014E+00  0.1000E+00  0.6933E+00  0.6933E+00
  0.2976E+00  0.7007E+00  0.8449E-01  0.6879E+00  0.6879E+00
  0.2983E+00  0.7230E+00  0.8658E-01  0.6825E+00  0.6825E+00
  0.2989E+00  0.6773E+00  0.8583E-01  0.6773E+00  0.6773E+00
  0.2995E+00  0.6551E+00  0.8666E-01  0.6722E+00  0.6722E+00
  0.3001E+00  0.5877E+00  0.1038E+00  0.6672E+00  0.6672E+00
  0.3007E+00  0.5758E+00  0.8184E-01  0.6623E+00  0.6623E+00
  0.3013E+00  0.6133E+00  0.8322E-01  0.6575E+00  0.6575E+00
  0.3019E+00  0.6370E+00  0.8243E-01  0.6529E+00  0.6529E+00
  0.3025E+00  0.6229E+00  0.7995E-01  0.6483E+00  0.6483E+00
  0.3031E+00  0.5973E+00  0.7903E-01  0.6438E+00  0.6438E+00
  0.3037E+00  0.6513E+00  0.8751E-01  0.6395E+00  0.6395E+00
  0.3043E+00  0.5174E+00  0.8258E-01  0.6353E+00  0.6353E+00
  0.3049E+00  0.5672E+00  0.9159E-01  0.6312E+00  0.6312E+00
  0.3056E+00  0.5642E+00  0.1211E+00  0.6272E+00  0.6272E+00
  0.3062E+00  0.5225E+00  0.1103E+00  0.6232E+00  0.6232E+00
  0.3068E+00  0.5457E+00  0.1163E+00  0.6194E+00  0.6194E+00
  0.3074E+00  0.5513E+00  0.8700E-01  0.6157E+00  0.6157E+00
  0.3080E+00  0.6256E+00  0.7827E-01  0.6122E+00  0.6122E+00
  0.3086E+00  0.6420E+00  0.7517E-01  0.6086E+00  0.6086E+00
  0.3092E+00  0.5655E+00  0.8085E-01  0.6053E+00  0.6053E+00
  0.3098E+00  0.5921E+00  0.8079E-01  0.6018E+00  0.6018E+00
  0.3104E+00  0.5363E+00  0.8986E-01  0.5986E+00  0.5986E+00
  0.3110E+00  0.4829E+00  0.9013E-01  0.5954E+00  0.5954E+00
  0.3116E+00  0.5761E+00  0.1184E+00  0.5923E+00  0.5923E+00
  0.3122E+00  0.5060E+00  0.9903E-01  0.5894E+00  0.5894E+00
  0.3128E+00  0.4852E+00  0.8150E-01  0.5864E+00  0.5864E+00
  0.3135E+00  0.4865E+00  0.7388E-01  0.5836E+00  0.5836E+00
  0.3141E+00  0.5710E+00  0.8010E-01  0.5808E+00  0.5808E+00
  0.3147E+00  0.5359E+00  0.7486E-01  0.5781E+00  0.5781E+00
  0.3153E+00  0.5696E+00  0.7870E-01  0.5755E+00  0.5755E+00
  0.3159E+00  0.3706E+00  0.8346E-01  0.5730E+00  0.5730E+00
  0.3165E+00  0.3933E+00  0.8857E-01  0.5705E+00  0.5705E+00
  0.3171E+00  0.4066E+00  0.9219E-01  0.5680E+00  0.5680E+00
  0.3177E+00  0.5531E+00  0.9923E-01  0.5656E+00  0.5656E+00
  0.3183E+00  0.5905E+00  0.1012E+00  0.5633E+00  0.5633E+00
  0.3189E+00  0.6394E+00  0.1024E+00  0.5610E+00  0.5610E+00
  0.3195E+00  0.6776E+00  0.1039E+00  0.5588E+00  0.5588E+00
  0.3201E+00  0.6268E+00  0.1137E+00  0.5566E+00  0.5566E+00
  0.3208E+00  0.6173E+00  0.1296E+00  0.5545E+00  0.5545E+00
  0.3214E+00  0.4830E+00  0.1373E+00  0.5524E+00  0.5524E+00

           Distance distribution  function of particle  


       R          P(R)      ERROR

  0.0000E+00  0.0000E+00  0.0000E+00
  0.1080E+01  0.6574E-02  0.8574E-04
  0.2160E+01  0.1630E-01  0.1300E-03
  0.3240E+01  0.2898E-01  0.1376E-03
  0.4320E+01  0.4432E-01  0.1166E-03
  0.5400E+01  0.6189E-01  0.8102E-04
  0.6480E+01  0.8122E-01  0.6458E-04
  0.7560E+01  0.1018E+00  0.9920E-04
  0.8640E+01  0.1230E+00  0.1504E-03
  0.9720E+01  0.1445E+00  0.1952E-03
  0.1080E+02  0.1656E+00  0.2252E-03
  0.1188E+02  0.1860E+00  0.2378E-03
  0.1296E+02  0.2053E+00  0.2347E-03
  0.1404E+02  0.2234E+00  0.2226E-03
  0.1512E+02  0.2400E+00  0.2128E-03
  0.1620E+02  0.2551E+00  0.2185E-03
  0.1728E+02  0.2689E+00  0.2450E-03
  0.1836E+02  0.2813E+00  0.2857E-03
  0.1944E+02  0.2926E+00  0.3296E-03
  0.2052E+02  0.3029E+00  0.3677E-03
  0.2160E+02  0.3125E+00  0.3944E-03
  0.2268E+02  0.3215E+00  0.4079E-03
  0.2376E+02  0.3301E+00  0.4092E-03
  0.2484E+02  0.3384E+00  0.4022E-03
  0.2592E+02  0.3465E+00  0.3924E-03
  0.2700E+02  0.3543E+00  0.3858E-03
  0.2808E+02  0.3620E+00  0.3867E-03
  0.2916E+02  0.3692E+00  0.3960E-03
  0.3024E+02  0.3761E+00  0.4115E-03
  0.3132E+02  0.3823E+00  0.4295E-03
  0.3240E+02  0.3877E+00  0.4470E-03
  0.3348E+02  0.3921E+00  0.4624E-03
  0.3456E+02  0.3955E+00  0.4756E-03
  0.3564E+02  0.3977E+00  0.4876E-03
  0.3672E+02  0.3986E+00  0.4995E-03
  0.3780E+02  0.3981E+00  0.5115E-03
  0.3888E+02  0.3963E+00  0.5230E-03
  0.3996E+02  0.3931E+00  0.5329E-03
  0.4104E+02  0.3887E+00  0.5401E-03
  0.4212E+02  0.3831E+00  0.5443E-03
  0.4320E+02  0.3765E+00  0.5466E-03
  0.4428E+02  0.3689E+00  0.5493E-03
  0.4536E+02  0.3606E+00  0.5552E-03
  0.4644E+02  0.3515E+00  0.5665E-03
  0.4752E+02  0.3418E+00  0.5837E-03
  0.4860E+02  0.3317E+00  0.6053E-03
  0.4968E+02  0.3211E+00  0.6283E-03
  0.5076E+02  0.3103E+00  0.6492E-03
  0.5184E+02  0.2991E+00  0.6648E-03
  0.5292E+02  0.2878E+00  0.6736E-03
  0.5400E+02  0.2763E+00  0.6753E-03
  0.5508E+02  0.2647E+00  0.6712E-03
  0.5616E+02  0.2530E+00  0.6640E-03
  0.5724E+02  0.2412E+00  0.6568E-03
  0.5832E+02  0.2295E+00  0.6528E-03
  0.5940E+02  0.2178E+00  0.6544E-03
  0.6048E+02  0.2063E+00  0.6627E-03
  0.6156E+02  0.1950E+00  0.6779E-03
  0.6264E+02  0.1839E+00  0.6991E-03
  0.6372E+02  0.1731E+00  0.7253E-03
  0.6480E+02  0.1626E+00  0.7550E-03
  0.6588E+02  0.1525E+00  0.7871E-03
  0.6696E+02  0.1429E+00  0.8203E-03
  0.6804E+02  0.1336E+00  0.8534E-03
  0.6912E+02  0.1248E+00  0.8851E-03
  0.7020E+02  0.1164E+00  0.9147E-03
  0.7128E+02  0.1084E+00  0.9415E-03
  0.7236E+02  0.1008E+00  0.9655E-03
  0.7344E+02  0.9352E-01  0.9870E-03
  0.7452E+02  0.8658E-01  0.1006E-02
  0.7560E+02  0.7996E-01  0.1024E-02
  0.7668E+02  0.7364E-01  0.1039E-02
  0.7776E+02  0.6760E-01  0.1052E-02
  0.7884E+02  0.6184E-01  0.1062E-02
  0.7992E+02  0.5638E-01  0.1066E-02
  0.8100E+02  0.5123E-01  0.1065E-02
  0.8208E+02  0.4639E-01  0.1059E-02
  0.8316E+02  0.4188E-01  0.1049E-02
  0.8424E+02  0.3773E-01  0.1036E-02
  0.8532E+02  0.3392E-01  0.1024E-02
  0.8640E+02  0.3048E-01  0.1015E-02
  0.8748E+02  0.2740E-01  0.1013E-02
  0.8856E+02  0.2466E-01  0.1017E-02
  0.8964E+02  0.2223E-01  0.1027E-02
  0.9072E+02  0.2010E-01  0.1042E-02
  0.9180E+02  0.1822E-01  0.1060E-02
  0.9288E+02  0.1655E-01  0.1077E-02
  0.9396E+02  0.1506E-01  0.1093E-02
  0.9504E+02  0.1369E-01  0.1106E-02
  0.9612E+02  0.1241E-01  0.1114E-02
  0.9720E+02  0.1120E-01  0.1115E-02
  0.9828E+02  0.1001E-01  0.1106E-02
  0.9936E+02  0.8848E-02  0.1085E-02
  0.1004E+03  0.7687E-02  0.1048E-02
  0.1015E+03  0.6529E-02  0.9886E-03
  0.1026E+03  0.5377E-02  0.9042E-03
  0.1037E+03  0.4238E-02  0.7905E-03
  0.1048E+03  0.3122E-02  0.6446E-03
  0.1058E+03  0.2039E-02  0.4646E-03
  0.1069E+03  0.9963E-03  0.2496E-03
  0.1080E+03  0.0000E+00  0.0000E+00
          Reciprocal space: Rg =   31.36     , I(0) =   0.2453E+03
     Real space: Rg =   31.39 +- 0.079  I(0) =   0.2453E+03 +-  0.5840E+00
