
PBS Leader node is jaccn026

Job setup time: Tue Oct 28 16:03:22 PDT 2008

Setting up security

Job startup at  Tue Oct 28 16:03:28 PDT 2008

----------------------------------------------------------------

Warning: no access to tty (Bad file descriptor).
Thus no job control in this shell.
mpirun WARNING: PBS temporary directory /tmp/pbs.568817.jacin03-m.nersc.gov does not exist.
mpirun WARNING: Creating mpirun check file in /tmp. 
mpirun_rank is 0
mpirun_rank is 2
mpirun_rank is 4
mpirun_rank is 3
mpirun_rank is 5
mpirun_rank is 1
mpirun_rank is 9
mpirun_rank is 8
mpirun_rank is 6
mpirun_rank is 7
Tue Oct 28 16:03:30 PDT 2008
Tue Oct 28 16:03:30 PDT 2008
Tue Oct 28 16:03:30 PDT 2008
Tue Oct 28 16:03:30 PDT 2008
Tue Oct 28 16:03:30 PDT 2008
Tue Oct 28 16:03:30 PDT 2008
Tue Oct 28 16:03:30 PDT 2008
Tue Oct 28 16:03:30 PDT 2008
Tue Oct 28 16:03:30 PDT 2008
Tue Oct 28 16:03:30 PDT 2008
Tue Oct 28 16:03:30 PDT 2008
Tue Oct 28 16:03:32 PDT 2008
Tue Oct 28 16:03:34 PDT 2008
Tue Oct 28 16:03:36 PDT 2008
Tue Oct 28 16:03:38 PDT 2008
Tue Oct 28 16:03:40 PDT 2008
Tue Oct 28 16:03:42 PDT 2008
Tue Oct 28 16:03:44 PDT 2008
Tue Oct 28 16:03:46 PDT 2008
Tue Oct 28 16:03:48 PDT 2008

----------------------------------------------------------------
Jobs exit status code is 
Job gasborP1/568817.jacin03-m.nersc.gov completed Thu Oct 30 06:31:38 PDT 2008
Submitted by glhura/glhura using m870
Job Limits: neednodes=5:ppn=2,nodes=5:ppn=2,walltime=48:00:00
Job Resources used: cput=00:00:00,mem=31252kb,vmem=260676kb,walltime=38:28:09
Nodes used: jaccn021 jaccn022 jaccn023 jaccn025 jaccn026 

Killing any leftover processes...

Job completed.
