
           ####    G N O M   ---   Version 4.5a revised 09/02/02     ####

                                                  Mon Apr 14 00:49:31 2008
           ===    Run No   1   ===
 Run title:   Merge of: Lys_free1_6. Lys_free1_6. Lys_free1_60


   *******    Input file(s) : free.dat
           Condition P(rmin) = 0 is used. 
           Condition P(rmax) = 0 is used. 

          Highest ALPHA is found to be   0.2776E+03

  The measure of inconsistency AN1 equals to    0.7333E+00
     Alpha    Discrp  Oscill  Stabil  Sysdev  Positv  Valcen    Total   
  0.2776E+06 37.1360  1.4583  0.9767  0.0000  1.0000  0.7900  0.27246
  0.5551E+05 35.3212  1.4473  0.9276  0.0000  1.0000  0.7922  0.27693
  0.1110E+05 28.8514  1.4019  0.7561  0.0000  1.0000  0.8012  0.29532
  0.2220E+04 17.1518  1.2969  0.4652  0.1158  1.0000  0.8258  0.33638
  0.4441E+03  7.1983  1.2513  0.2027  0.0798  1.0000  0.8511  0.37461
  0.8882E+02  2.2097  1.3066  0.0638  0.4152  1.0000  0.8600  0.54133
  0.1776E+02  0.6440  1.3613  0.0239  0.5509  1.0000  0.8620  0.65950
  0.3553E+01  0.3668  1.3822  0.0072  0.7106  1.0000  0.8625  0.60681
  0.7106E+00  0.3459  1.3884  0.0027  0.7026  1.0000  0.8625  0.60185
  0.1421E+00  0.3439  1.3924  0.0055  0.7106  1.0000  0.8623  0.59993
  0.2842E-01  0.3415  1.4248  0.0192  0.7026  1.0000  0.8615  0.58237
  0.5684E-02  0.3360  1.7220  0.0438  0.6866  0.9998  0.8585  0.45344
  0.1137E-02  0.3320  2.3785  0.0413  0.6866  0.9991  0.8531  0.37031
  0.2274E-03  0.3310  3.0026  0.0695  0.6866  0.9985  0.8477  0.32104
  0.4548E-04  0.3303  4.6840  0.1113  0.6866  0.9934  0.8348  0.24053
  0.9095E-05  0.3296  8.4720  0.3615  0.6946  0.9650  0.7561  0.10124
  0.1819E-05  0.3281 14.7752  0.6975  0.6866  0.8725  0.4022  0.00000

          ***  Golden section search to maximize estimate ***
     Alpha    Discrp  Oscill  Stabil  Sysdev  Positv  Valcen    Total   
  0.3285E+02  1.0025  1.3449  0.0358  0.5429  1.0000  0.8615  0.60223
  0.1405E+02  0.5586  1.3661  0.0203  0.5908  1.0000  0.8621  0.64712
  0.2247E+02  0.7553  1.3558  0.0281  0.5429  1.0000  0.8618  0.65758
  0.1624E+02  0.6086  1.3632  0.0225  0.5669  1.0000  0.8620  0.65555
  0.1943E+02  0.6832  1.3593  0.0255  0.5509  1.0000  0.8619  0.66142
  0.2054E+02  0.7095  1.3580  0.0264  0.5429  1.0000  0.8619  0.66112
  0.1878E+02  0.6678  1.3601  0.0249  0.5509  1.0000  0.8619  0.66099
  0.1985E+02  0.6931  1.3588  0.0258  0.5429  1.0000  0.8619  0.66146
  0.2011E+02  0.6993  1.3585  0.0261  0.5429  1.0000  0.8619  0.66139
  0.1969E+02  0.6893  1.3590  0.0257  0.5509  1.0000  0.8619  0.66146
  0.1959E+02  0.6870  1.3591  0.0256  0.5509  1.0000  0.8619  0.66145
  0.1975E+02  0.6907  1.3589  0.0257  0.5509  1.0000  0.8619  0.66146
  0.1979E+02  0.6916  1.3589  0.0258  0.5509  1.0000  0.8619  0.66146
  0.1975E+02  0.6907  1.3589  0.0257  0.5509  1.0000  0.8619  0.66146



             ####            Final results            ####

 Parameter    DISCRP    OSCILL    STABIL    SYSDEV    POSITV    VALCEN
 Weight        1.000     3.000     3.000     3.000     1.000     1.000
 Sigma         0.300     0.600     0.120     0.120     0.120     0.120
 Ideal         0.700     1.100     0.000     1.000     1.000     0.950
 Current       0.691     1.359     0.026     0.551     1.000     0.862
                - - - - - - - - - - - - - - - - - - - - - - - - - 
 Estimate      0.999     0.830     0.955     0.000     1.000     0.583

  Angular   range    :     from    0.0131   to    0.3177
  Real space range   :     from      0.00   to    108.00

  Highest ALPHA (theor) :   0.278E+06                 JOB = 0
  Current ALPHA         :   0.197E+02   Rg :  0.319E+02   I(0) :   0.137E+03

           Total  estimate : 0.661  which is  A REASONABLE  solution

      S          J EXP       ERROR       J REG       I REG

  0.0000E+00                                      0.1374E+03
  0.6226E-03                                      0.1374E+03
  0.1245E-02                                      0.1373E+03
  0.1868E-02                                      0.1372E+03
  0.2490E-02                                      0.1371E+03
  0.3113E-02                                      0.1369E+03
  0.3736E-02                                      0.1367E+03
  0.4358E-02                                      0.1365E+03
  0.4981E-02                                      0.1362E+03
  0.5604E-02                                      0.1359E+03
  0.6226E-02                                      0.1356E+03
  0.6849E-02                                      0.1352E+03
  0.7471E-02                                      0.1348E+03
  0.8094E-02                                      0.1344E+03
  0.8717E-02                                      0.1339E+03
  0.9339E-02                                      0.1334E+03
  0.9962E-02                                      0.1328E+03
  0.1058E-01                                      0.1323E+03
  0.1121E-01                                      0.1317E+03
  0.1183E-01                                      0.1310E+03
  0.1245E-01                                      0.1304E+03
  0.1307E-01  0.1077E+03  0.8705E+01  0.1297E+03  0.1297E+03
  0.1368E-01  0.1236E+03  0.7786E+01  0.1290E+03  0.1290E+03
  0.1429E-01  0.1204E+03  0.6589E+01  0.1282E+03  0.1282E+03
  0.1490E-01  0.1260E+03  0.6033E+01  0.1275E+03  0.1275E+03
  0.1551E-01  0.1199E+03  0.5222E+01  0.1267E+03  0.1267E+03
  0.1611E-01  0.1256E+03  0.6983E+01  0.1259E+03  0.1259E+03
  0.1672E-01  0.1193E+03  0.5637E+01  0.1250E+03  0.1250E+03
  0.1733E-01  0.1135E+03  0.5143E+01  0.1242E+03  0.1242E+03
  0.1794E-01  0.1183E+03  0.4954E+01  0.1233E+03  0.1233E+03
  0.1855E-01  0.1188E+03  0.4368E+01  0.1224E+03  0.1224E+03
  0.1916E-01  0.1204E+03  0.4349E+01  0.1214E+03  0.1214E+03
  0.1976E-01  0.1181E+03  0.3640E+01  0.1205E+03  0.1205E+03
  0.2037E-01  0.1227E+03  0.3464E+01  0.1195E+03  0.1195E+03
  0.2098E-01  0.1201E+03  0.3204E+01  0.1185E+03  0.1185E+03
  0.2159E-01  0.1174E+03  0.3635E+01  0.1175E+03  0.1175E+03
  0.2220E-01  0.1143E+03  0.2868E+01  0.1165E+03  0.1165E+03
  0.2280E-01  0.1140E+03  0.5777E+01  0.1154E+03  0.1154E+03
  0.2341E-01  0.1138E+03  0.1160E+02  0.1144E+03  0.1144E+03
  0.2402E-01  0.1149E+03  0.5028E+01  0.1133E+03  0.1133E+03
  0.2463E-01  0.1128E+03  0.1732E+01  0.1122E+03  0.1122E+03
  0.2524E-01  0.1119E+03  0.1905E+01  0.1111E+03  0.1111E+03
  0.2584E-01  0.1096E+03  0.1582E+01  0.1099E+03  0.1099E+03
  0.2645E-01  0.1074E+03  0.1486E+01  0.1088E+03  0.1088E+03
  0.2706E-01  0.1051E+03  0.1510E+01  0.1077E+03  0.1077E+03
  0.2767E-01  0.1041E+03  0.1337E+01  0.1065E+03  0.1065E+03
  0.2828E-01  0.1040E+03  0.1472E+01  0.1053E+03  0.1053E+03
  0.2889E-01  0.1042E+03  0.1357E+01  0.1042E+03  0.1042E+03
  0.2949E-01  0.1043E+03  0.1243E+01  0.1030E+03  0.1030E+03
  0.3010E-01  0.1029E+03  0.1272E+01  0.1018E+03  0.1018E+03
  0.3071E-01  0.1014E+03  0.1430E+01  0.1006E+03  0.1006E+03
  0.3132E-01  0.9944E+02  0.1200E+01  0.9936E+02  0.9936E+02
  0.3193E-01  0.9850E+02  0.1321E+01  0.9814E+02  0.9814E+02
  0.3254E-01  0.9561E+02  0.1257E+01  0.9692E+02  0.9692E+02
  0.3314E-01  0.9775E+02  0.1226E+01  0.9570E+02  0.9570E+02
  0.3375E-01  0.9601E+02  0.1265E+01  0.9448E+02  0.9448E+02
  0.3436E-01  0.9566E+02  0.1242E+01  0.9325E+02  0.9325E+02
  0.3497E-01  0.9412E+02  0.1184E+01  0.9202E+02  0.9202E+02
  0.3557E-01  0.9378E+02  0.1199E+01  0.9079E+02  0.9079E+02
  0.3618E-01  0.9313E+02  0.1183E+01  0.8955E+02  0.8955E+02
  0.3679E-01  0.9190E+02  0.1131E+01  0.8832E+02  0.8832E+02
  0.3740E-01  0.8955E+02  0.1200E+01  0.8709E+02  0.8709E+02
  0.3801E-01  0.8848E+02  0.1063E+01  0.8586E+02  0.8586E+02
  0.3862E-01  0.8660E+02  0.1093E+01  0.8463E+02  0.8463E+02
  0.3922E-01  0.8475E+02  0.1043E+01  0.8341E+02  0.8341E+02
  0.3983E-01  0.8273E+02  0.1222E+01  0.8219E+02  0.8219E+02
  0.4044E-01  0.8239E+02  0.1092E+01  0.8098E+02  0.8098E+02
  0.4105E-01  0.8049E+02  0.1162E+01  0.7976E+02  0.7976E+02
  0.4166E-01  0.7801E+02  0.1053E+01  0.7856E+02  0.7856E+02
  0.4227E-01  0.7938E+02  0.1124E+01  0.7736E+02  0.7736E+02
  0.4287E-01  0.7741E+02  0.9909E+00  0.7616E+02  0.7616E+02
  0.4348E-01  0.7566E+02  0.1044E+01  0.7498E+02  0.7498E+02
  0.4409E-01  0.7520E+02  0.9216E+00  0.7380E+02  0.7380E+02
  0.4470E-01  0.7334E+02  0.1029E+01  0.7263E+02  0.7263E+02
  0.4530E-01  0.7315E+02  0.9416E+00  0.7147E+02  0.7147E+02
  0.4591E-01  0.7179E+02  0.9003E+00  0.7031E+02  0.7031E+02
  0.4652E-01  0.7081E+02  0.9339E+00  0.6917E+02  0.6917E+02
  0.4713E-01  0.6846E+02  0.8828E+00  0.6803E+02  0.6803E+02
  0.4774E-01  0.6799E+02  0.9035E+00  0.6691E+02  0.6691E+02
  0.4835E-01  0.6633E+02  0.9476E+00  0.6579E+02  0.6579E+02
  0.4895E-01  0.6565E+02  0.9510E+00  0.6469E+02  0.6469E+02
  0.4956E-01  0.6423E+02  0.8492E+00  0.6360E+02  0.6360E+02
  0.5017E-01  0.6409E+02  0.8449E+00  0.6251E+02  0.6251E+02
  0.5078E-01  0.6222E+02  0.8428E+00  0.6144E+02  0.6144E+02
  0.5139E-01  0.6073E+02  0.8817E+00  0.6038E+02  0.6038E+02
  0.5199E-01  0.6045E+02  0.8054E+00  0.5934E+02  0.5934E+02
  0.5260E-01  0.5871E+02  0.7932E+00  0.5831E+02  0.5831E+02
  0.5321E-01  0.5761E+02  0.8340E+00  0.5729E+02  0.5729E+02
  0.5382E-01  0.5731E+02  0.8629E+00  0.5628E+02  0.5628E+02
  0.5443E-01  0.5620E+02  0.7797E+00  0.5528E+02  0.5528E+02
  0.5504E-01  0.5482E+02  0.8181E+00  0.5430E+02  0.5430E+02
  0.5564E-01  0.5407E+02  0.8121E+00  0.5333E+02  0.5333E+02
  0.5625E-01  0.5308E+02  0.7782E+00  0.5238E+02  0.5238E+02
  0.5686E-01  0.5213E+02  0.7606E+00  0.5143E+02  0.5143E+02
  0.5747E-01  0.5151E+02  0.6806E+00  0.5051E+02  0.5051E+02
  0.5808E-01  0.5069E+02  0.7095E+00  0.4959E+02  0.4959E+02
  0.5868E-01  0.5046E+02  0.6964E+00  0.4869E+02  0.4869E+02
  0.5929E-01  0.4907E+02  0.7137E+00  0.4781E+02  0.4781E+02
  0.5990E-01  0.4837E+02  0.6386E+00  0.4693E+02  0.4693E+02
  0.6051E-01  0.4746E+02  0.6456E+00  0.4607E+02  0.4607E+02
  0.6112E-01  0.4582E+02  0.6294E+00  0.4523E+02  0.4523E+02
  0.6172E-01  0.4532E+02  0.6593E+00  0.4439E+02  0.4439E+02
  0.6233E-01  0.4444E+02  0.5731E+00  0.4358E+02  0.4358E+02
  0.6294E-01  0.4354E+02  0.6197E+00  0.4277E+02  0.4277E+02
  0.6355E-01  0.4318E+02  0.5896E+00  0.4198E+02  0.4198E+02
  0.6416E-01  0.4280E+02  0.5931E+00  0.4121E+02  0.4121E+02
  0.6477E-01  0.4162E+02  0.6229E+00  0.4044E+02  0.4044E+02
  0.6537E-01  0.4066E+02  0.6006E+00  0.3969E+02  0.3969E+02
  0.6598E-01  0.3982E+02  0.6235E+00  0.3895E+02  0.3895E+02
  0.6659E-01  0.3985E+02  0.6021E+00  0.3823E+02  0.3823E+02
  0.6720E-01  0.3900E+02  0.5682E+00  0.3752E+02  0.3752E+02
  0.6781E-01  0.3781E+02  0.5206E+00  0.3682E+02  0.3682E+02
  0.6841E-01  0.3741E+02  0.5449E+00  0.3614E+02  0.3614E+02
  0.6902E-01  0.3604E+02  0.5065E+00  0.3547E+02  0.3547E+02
  0.6963E-01  0.3575E+02  0.5589E+00  0.3481E+02  0.3481E+02
  0.7024E-01  0.3569E+02  0.5049E+00  0.3416E+02  0.3416E+02
  0.7085E-01  0.3465E+02  0.5112E+00  0.3353E+02  0.3353E+02
  0.7145E-01  0.3336E+02  0.5092E+00  0.3290E+02  0.3290E+02
  0.7206E-01  0.3250E+02  0.5137E+00  0.3229E+02  0.3229E+02
  0.7267E-01  0.3221E+02  0.4661E+00  0.3169E+02  0.3169E+02
  0.7328E-01  0.3173E+02  0.4701E+00  0.3111E+02  0.3111E+02
  0.7389E-01  0.3178E+02  0.4862E+00  0.3053E+02  0.3053E+02
  0.7450E-01  0.3066E+02  0.4673E+00  0.2997E+02  0.2997E+02
  0.7510E-01  0.2990E+02  0.4998E+00  0.2941E+02  0.2941E+02
  0.7571E-01  0.2927E+02  0.4652E+00  0.2887E+02  0.2887E+02
  0.7632E-01  0.2928E+02  0.4549E+00  0.2834E+02  0.2834E+02
  0.7693E-01  0.2853E+02  0.4804E+00  0.2782E+02  0.2782E+02
  0.7754E-01  0.2813E+02  0.4880E+00  0.2731E+02  0.2731E+02
  0.7814E-01  0.2737E+02  0.4309E+00  0.2681E+02  0.2681E+02
  0.7875E-01  0.2668E+02  0.4661E+00  0.2631E+02  0.2631E+02
  0.7936E-01  0.2605E+02  0.4298E+00  0.2583E+02  0.2583E+02
  0.7997E-01  0.2590E+02  0.4362E+00  0.2536E+02  0.2536E+02
  0.8058E-01  0.2505E+02  0.4284E+00  0.2490E+02  0.2490E+02
  0.8119E-01  0.2455E+02  0.4390E+00  0.2444E+02  0.2444E+02
  0.8179E-01  0.2399E+02  0.4104E+00  0.2400E+02  0.2400E+02
  0.8240E-01  0.2351E+02  0.4234E+00  0.2356E+02  0.2356E+02
  0.8301E-01  0.2289E+02  0.3978E+00  0.2314E+02  0.2314E+02
  0.8362E-01  0.2275E+02  0.3777E+00  0.2272E+02  0.2272E+02
  0.8423E-01  0.2243E+02  0.3705E+00  0.2231E+02  0.2231E+02
  0.8483E-01  0.2182E+02  0.3912E+00  0.2190E+02  0.2190E+02
  0.8544E-01  0.2119E+02  0.4446E+00  0.2151E+02  0.2151E+02
  0.8605E-01  0.2104E+02  0.7219E+00  0.2112E+02  0.2112E+02
  0.8666E-01  0.2058E+02  0.4937E+00  0.2074E+02  0.2074E+02
  0.8727E-01  0.2020E+02  0.3368E+00  0.2037E+02  0.2037E+02
  0.8787E-01  0.2089E+02  0.3340E+00  0.2000E+02  0.2000E+02
  0.8848E-01  0.1974E+02  0.3428E+00  0.1965E+02  0.1965E+02
  0.8909E-01  0.1970E+02  0.3350E+00  0.1930E+02  0.1930E+02
  0.8970E-01  0.1883E+02  0.3261E+00  0.1895E+02  0.1895E+02
  0.9031E-01  0.1838E+02  0.3610E+00  0.1861E+02  0.1861E+02
  0.9091E-01  0.1822E+02  0.3168E+00  0.1828E+02  0.1828E+02
  0.9152E-01  0.1825E+02  0.3342E+00  0.1796E+02  0.1796E+02
  0.9213E-01  0.1794E+02  0.3153E+00  0.1764E+02  0.1764E+02
  0.9274E-01  0.1762E+02  0.3046E+00  0.1732E+02  0.1732E+02
  0.9335E-01  0.1722E+02  0.3016E+00  0.1702E+02  0.1702E+02
  0.9395E-01  0.1680E+02  0.3142E+00  0.1671E+02  0.1671E+02
  0.9456E-01  0.1636E+02  0.3004E+00  0.1642E+02  0.1642E+02
  0.9517E-01  0.1607E+02  0.3017E+00  0.1613E+02  0.1613E+02
  0.9578E-01  0.1584E+02  0.2989E+00  0.1584E+02  0.1584E+02
  0.9639E-01  0.1536E+02  0.2886E+00  0.1556E+02  0.1556E+02
  0.9700E-01  0.1521E+02  0.3066E+00  0.1529E+02  0.1529E+02
  0.9760E-01  0.1483E+02  0.3011E+00  0.1502E+02  0.1502E+02
  0.9821E-01  0.1496E+02  0.2898E+00  0.1475E+02  0.1475E+02
  0.9882E-01  0.1434E+02  0.2821E+00  0.1449E+02  0.1449E+02
  0.9943E-01  0.1435E+02  0.2870E+00  0.1424E+02  0.1424E+02
  0.1000E+00  0.1383E+02  0.2970E+00  0.1399E+02  0.1399E+02
  0.1006E+00  0.1349E+02  0.2751E+00  0.1374E+02  0.1374E+02
  0.1013E+00  0.1311E+02  0.2664E+00  0.1350E+02  0.1350E+02
  0.1019E+00  0.1322E+02  0.2629E+00  0.1326E+02  0.1326E+02
  0.1025E+00  0.1315E+02  0.2581E+00  0.1303E+02  0.1303E+02
  0.1031E+00  0.1270E+02  0.2577E+00  0.1280E+02  0.1280E+02
  0.1037E+00  0.1278E+02  0.2483E+00  0.1258E+02  0.1258E+02
  0.1043E+00  0.1242E+02  0.2661E+00  0.1236E+02  0.1236E+02
  0.1049E+00  0.1187E+02  0.2648E+00  0.1214E+02  0.1214E+02
  0.1055E+00  0.1196E+02  0.2614E+00  0.1193E+02  0.1193E+02
  0.1061E+00  0.1148E+02  0.2644E+00  0.1172E+02  0.1172E+02
  0.1067E+00  0.1144E+02  0.2470E+00  0.1152E+02  0.1152E+02
  0.1073E+00  0.1131E+02  0.2681E+00  0.1132E+02  0.1132E+02
  0.1079E+00  0.1086E+02  0.2763E+00  0.1112E+02  0.1112E+02
  0.1085E+00  0.1059E+02  0.2732E+00  0.1093E+02  0.1093E+02
  0.1092E+00  0.1045E+02  0.2370E+00  0.1074E+02  0.1074E+02
  0.1098E+00  0.1067E+02  0.2605E+00  0.1056E+02  0.1056E+02
  0.1104E+00  0.1035E+02  0.2432E+00  0.1038E+02  0.1038E+02
  0.1110E+00  0.1028E+02  0.2416E+00  0.1020E+02  0.1020E+02
  0.1116E+00  0.9981E+01  0.2460E+00  0.1002E+02  0.1002E+02
  0.1122E+00  0.9813E+01  0.2616E+00  0.9851E+01  0.9851E+01
  0.1128E+00  0.9543E+01  0.2532E+00  0.9683E+01  0.9683E+01
  0.1134E+00  0.9326E+01  0.2420E+00  0.9519E+01  0.9519E+01
  0.1140E+00  0.9077E+01  0.2325E+00  0.9357E+01  0.9357E+01
  0.1146E+00  0.9019E+01  0.2350E+00  0.9199E+01  0.9199E+01
  0.1152E+00  0.8996E+01  0.2315E+00  0.9044E+01  0.9044E+01
  0.1158E+00  0.9177E+01  0.2223E+00  0.8892E+01  0.8892E+01
  0.1165E+00  0.8785E+01  0.2359E+00  0.8744E+01  0.8744E+01
  0.1171E+00  0.8876E+01  0.2447E+00  0.8598E+01  0.8598E+01
  0.1177E+00  0.8451E+01  0.2464E+00  0.8456E+01  0.8456E+01
  0.1183E+00  0.8186E+01  0.2319E+00  0.8317E+01  0.8317E+01
  0.1189E+00  0.8532E+01  0.2422E+00  0.8180E+01  0.8180E+01
  0.1195E+00  0.8165E+01  0.2209E+00  0.8046E+01  0.8046E+01
  0.1201E+00  0.8037E+01  0.2280E+00  0.7916E+01  0.7916E+01
  0.1207E+00  0.7946E+01  0.2334E+00  0.7788E+01  0.7788E+01
  0.1213E+00  0.7997E+01  0.2265E+00  0.7662E+01  0.7662E+01
  0.1219E+00  0.7675E+01  0.2342E+00  0.7540E+01  0.7540E+01
  0.1225E+00  0.7414E+01  0.2313E+00  0.7420E+01  0.7420E+01
  0.1231E+00  0.7030E+01  0.2136E+00  0.7303E+01  0.7303E+01
  0.1238E+00  0.7189E+01  0.2039E+00  0.7189E+01  0.7189E+01
  0.1244E+00  0.6838E+01  0.2074E+00  0.7077E+01  0.7077E+01
  0.1250E+00  0.6684E+01  0.2073E+00  0.6968E+01  0.6968E+01
  0.1256E+00  0.6706E+01  0.2161E+00  0.6861E+01  0.6861E+01
  0.1262E+00  0.6424E+01  0.2284E+00  0.6757E+01  0.6757E+01
  0.1268E+00  0.6311E+01  0.2213E+00  0.6654E+01  0.6654E+01
  0.1274E+00  0.6454E+01  0.2181E+00  0.6555E+01  0.6555E+01
  0.1280E+00  0.6118E+01  0.2285E+00  0.6458E+01  0.6458E+01
  0.1286E+00  0.6083E+01  0.1938E+00  0.6363E+01  0.6363E+01
  0.1292E+00  0.6142E+01  0.2041E+00  0.6270E+01  0.6270E+01
  0.1298E+00  0.6105E+01  0.2011E+00  0.6179E+01  0.6179E+01
  0.1304E+00  0.6029E+01  0.2124E+00  0.6091E+01  0.6091E+01
  0.1310E+00  0.6084E+01  0.2176E+00  0.6004E+01  0.6004E+01
  0.1317E+00  0.5879E+01  0.2024E+00  0.5920E+01  0.5920E+01
  0.1323E+00  0.5742E+01  0.1986E+00  0.5837E+01  0.5837E+01
  0.1329E+00  0.5429E+01  0.2068E+00  0.5757E+01  0.5757E+01
  0.1335E+00  0.5609E+01  0.1990E+00  0.5678E+01  0.5678E+01
  0.1341E+00  0.5442E+01  0.1999E+00  0.5601E+01  0.5601E+01
  0.1347E+00  0.5440E+01  0.2035E+00  0.5527E+01  0.5527E+01
  0.1353E+00  0.5508E+01  0.2089E+00  0.5453E+01  0.5453E+01
  0.1359E+00  0.5308E+01  0.2252E+00  0.5382E+01  0.5382E+01
  0.1365E+00  0.5088E+01  0.2107E+00  0.5312E+01  0.5312E+01
  0.1371E+00  0.4909E+01  0.2047E+00  0.5244E+01  0.5244E+01
  0.1377E+00  0.4925E+01  0.1868E+00  0.5178E+01  0.5178E+01
  0.1383E+00  0.4946E+01  0.1955E+00  0.5113E+01  0.5113E+01
  0.1390E+00  0.4774E+01  0.2108E+00  0.5049E+01  0.5049E+01
  0.1396E+00  0.4683E+01  0.2145E+00  0.4987E+01  0.4987E+01
  0.1402E+00  0.4465E+01  0.2238E+00  0.4927E+01  0.4927E+01
  0.1408E+00  0.5059E+01  0.2386E+00  0.4867E+01  0.4867E+01
  0.1414E+00  0.5068E+01  0.2753E+00  0.4810E+01  0.4810E+01
  0.1420E+00  0.5083E+01  0.2615E+00  0.4753E+01  0.4753E+01
  0.1426E+00  0.5077E+01  0.2307E+00  0.4698E+01  0.4698E+01
  0.1432E+00  0.4630E+01  0.1974E+00  0.4644E+01  0.4644E+01
  0.1438E+00  0.4503E+01  0.1999E+00  0.4591E+01  0.4591E+01
  0.1444E+00  0.4531E+01  0.2021E+00  0.4539E+01  0.4539E+01
  0.1450E+00  0.4311E+01  0.2104E+00  0.4488E+01  0.4488E+01
  0.1456E+00  0.4506E+01  0.2492E+00  0.4438E+01  0.4438E+01
  0.1463E+00  0.4372E+01  0.2520E+00  0.4390E+01  0.4390E+01
  0.1469E+00  0.4509E+01  0.2395E+00  0.4342E+01  0.4342E+01
  0.1475E+00  0.4437E+01  0.2345E+00  0.4295E+01  0.4295E+01
  0.1481E+00  0.4384E+01  0.2052E+00  0.4249E+01  0.4249E+01
  0.1487E+00  0.3919E+01  0.1894E+00  0.4205E+01  0.4205E+01
  0.1493E+00  0.3997E+01  0.1841E+00  0.4161E+01  0.4161E+01
  0.1499E+00  0.3820E+01  0.1927E+00  0.4117E+01  0.4117E+01
  0.1505E+00  0.3870E+01  0.1807E+00  0.4075E+01  0.4075E+01
  0.1511E+00  0.3905E+01  0.1895E+00  0.4033E+01  0.4033E+01
  0.1517E+00  0.3846E+01  0.1849E+00  0.3992E+01  0.3992E+01
  0.1523E+00  0.3835E+01  0.1710E+00  0.3952E+01  0.3952E+01
  0.1529E+00  0.3900E+01  0.1844E+00  0.3913E+01  0.3913E+01
  0.1535E+00  0.3622E+01  0.1816E+00  0.3874E+01  0.3874E+01
  0.1542E+00  0.3800E+01  0.1807E+00  0.3836E+01  0.3836E+01
  0.1548E+00  0.3504E+01  0.1792E+00  0.3798E+01  0.3798E+01
  0.1554E+00  0.3607E+01  0.1877E+00  0.3761E+01  0.3761E+01
  0.1560E+00  0.3570E+01  0.1676E+00  0.3725E+01  0.3725E+01
  0.1566E+00  0.3587E+01  0.1827E+00  0.3689E+01  0.3689E+01
  0.1572E+00  0.3594E+01  0.1711E+00  0.3654E+01  0.3654E+01
  0.1578E+00  0.3649E+01  0.1769E+00  0.3619E+01  0.3619E+01
  0.1584E+00  0.3594E+01  0.1759E+00  0.3585E+01  0.3585E+01
  0.1590E+00  0.3412E+01  0.1767E+00  0.3551E+01  0.3551E+01
  0.1596E+00  0.3371E+01  0.1692E+00  0.3518E+01  0.3518E+01
  0.1602E+00  0.3260E+01  0.1830E+00  0.3485E+01  0.3485E+01
  0.1608E+00  0.3276E+01  0.1813E+00  0.3453E+01  0.3453E+01
  0.1615E+00  0.3379E+01  0.1845E+00  0.3421E+01  0.3421E+01
  0.1621E+00  0.3157E+01  0.1807E+00  0.3390E+01  0.3390E+01
  0.1627E+00  0.3267E+01  0.1812E+00  0.3359E+01  0.3359E+01
  0.1633E+00  0.3213E+01  0.1902E+00  0.3328E+01  0.3328E+01
  0.1639E+00  0.3245E+01  0.3574E+00  0.3298E+01  0.3298E+01
  0.1645E+00  0.3388E+01  0.5991E+00  0.3268E+01  0.3268E+01
  0.1651E+00  0.3143E+01  0.3685E+00  0.3239E+01  0.3239E+01
  0.1657E+00  0.3140E+01  0.2609E+00  0.3210E+01  0.3210E+01
  0.1663E+00  0.3020E+01  0.2091E+00  0.3181E+01  0.3181E+01
  0.1669E+00  0.2915E+01  0.2297E+00  0.3153E+01  0.3153E+01
  0.1675E+00  0.2866E+01  0.2065E+00  0.3125E+01  0.3125E+01
  0.1681E+00  0.3103E+01  0.1747E+00  0.3098E+01  0.3098E+01
  0.1688E+00  0.3086E+01  0.1610E+00  0.3071E+01  0.3071E+01
  0.1694E+00  0.3114E+01  0.1763E+00  0.3044E+01  0.3044E+01
  0.1700E+00  0.3030E+01  0.1710E+00  0.3018E+01  0.3018E+01
  0.1706E+00  0.3178E+01  0.1733E+00  0.2991E+01  0.2991E+01
  0.1712E+00  0.2986E+01  0.1743E+00  0.2966E+01  0.2966E+01
  0.1718E+00  0.3046E+01  0.1817E+00  0.2940E+01  0.2940E+01
  0.1724E+00  0.2882E+01  0.1726E+00  0.2915E+01  0.2915E+01
  0.1730E+00  0.2779E+01  0.1769E+00  0.2890E+01  0.2890E+01
  0.1736E+00  0.3056E+01  0.1742E+00  0.2866E+01  0.2866E+01
  0.1742E+00  0.3057E+01  0.1742E+00  0.2842E+01  0.2842E+01
  0.1748E+00  0.2996E+01  0.1731E+00  0.2818E+01  0.2818E+01
  0.1754E+00  0.2935E+01  0.1776E+00  0.2795E+01  0.2795E+01
  0.1760E+00  0.2840E+01  0.1930E+00  0.2772E+01  0.2772E+01
  0.1767E+00  0.2709E+01  0.1805E+00  0.2749E+01  0.2749E+01
  0.1773E+00  0.2857E+01  0.1930E+00  0.2726E+01  0.2726E+01
  0.1779E+00  0.2921E+01  0.1692E+00  0.2704E+01  0.2704E+01
  0.1785E+00  0.2629E+01  0.1669E+00  0.2682E+01  0.2682E+01
  0.1791E+00  0.2521E+01  0.1684E+00  0.2661E+01  0.2661E+01
  0.1797E+00  0.2361E+01  0.1685E+00  0.2640E+01  0.2640E+01
  0.1803E+00  0.2281E+01  0.1579E+00  0.2619E+01  0.2619E+01
  0.1809E+00  0.2535E+01  0.1655E+00  0.2598E+01  0.2598E+01
  0.1815E+00  0.2602E+01  0.1646E+00  0.2578E+01  0.2578E+01
  0.1821E+00  0.2625E+01  0.1805E+00  0.2558E+01  0.2558E+01
  0.1827E+00  0.2645E+01  0.1805E+00  0.2538E+01  0.2538E+01
  0.1833E+00  0.2505E+01  0.2227E+00  0.2519E+01  0.2519E+01
  0.1840E+00  0.2527E+01  0.1835E+00  0.2500E+01  0.2500E+01
  0.1846E+00  0.2473E+01  0.2133E+00  0.2481E+01  0.2481E+01
  0.1852E+00  0.2286E+01  0.1829E+00  0.2463E+01  0.2463E+01
  0.1858E+00  0.2401E+01  0.1774E+00  0.2444E+01  0.2444E+01
  0.1864E+00  0.2401E+01  0.1697E+00  0.2426E+01  0.2426E+01
  0.1870E+00  0.2318E+01  0.1630E+00  0.2409E+01  0.2409E+01
  0.1876E+00  0.2352E+01  0.1579E+00  0.2391E+01  0.2391E+01
  0.1882E+00  0.2132E+01  0.1562E+00  0.2374E+01  0.2374E+01
  0.1888E+00  0.2245E+01  0.1626E+00  0.2357E+01  0.2357E+01
  0.1894E+00  0.2455E+01  0.1634E+00  0.2341E+01  0.2341E+01
  0.1900E+00  0.2231E+01  0.1607E+00  0.2324E+01  0.2324E+01
  0.1906E+00  0.2191E+01  0.1554E+00  0.2308E+01  0.2308E+01
  0.1912E+00  0.2097E+01  0.1563E+00  0.2292E+01  0.2292E+01
  0.1919E+00  0.2145E+01  0.1580E+00  0.2276E+01  0.2276E+01
  0.1925E+00  0.2162E+01  0.1556E+00  0.2261E+01  0.2261E+01
  0.1931E+00  0.2114E+01  0.1507E+00  0.2245E+01  0.2245E+01
  0.1937E+00  0.2242E+01  0.1586E+00  0.2230E+01  0.2230E+01
  0.1943E+00  0.2147E+01  0.1561E+00  0.2216E+01  0.2216E+01
  0.1949E+00  0.2336E+01  0.1470E+00  0.2201E+01  0.2201E+01
  0.1955E+00  0.2256E+01  0.1463E+00  0.2186E+01  0.2186E+01
  0.1961E+00  0.2417E+01  0.1454E+00  0.2172E+01  0.2172E+01
  0.1967E+00  0.2222E+01  0.1581E+00  0.2158E+01  0.2158E+01
  0.1973E+00  0.2351E+01  0.1506E+00  0.2144E+01  0.2144E+01
  0.1979E+00  0.2305E+01  0.1500E+00  0.2130E+01  0.2130E+01
  0.1985E+00  0.2190E+01  0.1518E+00  0.2117E+01  0.2117E+01
  0.1992E+00  0.2263E+01  0.1532E+00  0.2103E+01  0.2103E+01
  0.1998E+00  0.2336E+01  0.1547E+00  0.2090E+01  0.2090E+01
  0.2004E+00  0.2105E+01  0.1565E+00  0.2077E+01  0.2077E+01
  0.2010E+00  0.2013E+01  0.1492E+00  0.2063E+01  0.2063E+01
  0.2016E+00  0.1954E+01  0.1546E+00  0.2051E+01  0.2051E+01
  0.2022E+00  0.1888E+01  0.1549E+00  0.2038E+01  0.2038E+01
  0.2028E+00  0.2250E+01  0.1509E+00  0.2025E+01  0.2025E+01
  0.2034E+00  0.2213E+01  0.1445E+00  0.2012E+01  0.2012E+01
  0.2040E+00  0.2152E+01  0.1533E+00  0.2000E+01  0.2000E+01
  0.2046E+00  0.2041E+01  0.1553E+00  0.1987E+01  0.1987E+01
  0.2052E+00  0.2123E+01  0.1507E+00  0.1975E+01  0.1975E+01
  0.2058E+00  0.1927E+01  0.1854E+00  0.1963E+01  0.1963E+01
  0.2065E+00  0.2082E+01  0.2684E+00  0.1951E+01  0.1951E+01
  0.2071E+00  0.1804E+01  0.1745E+00  0.1938E+01  0.1938E+01
  0.2077E+00  0.1886E+01  0.1480E+00  0.1926E+01  0.1926E+01
  0.2083E+00  0.1813E+01  0.1528E+00  0.1914E+01  0.1914E+01
  0.2089E+00  0.1914E+01  0.1528E+00  0.1902E+01  0.1902E+01
  0.2095E+00  0.1994E+01  0.1567E+00  0.1891E+01  0.1891E+01
  0.2101E+00  0.1821E+01  0.1593E+00  0.1879E+01  0.1879E+01
  0.2107E+00  0.1755E+01  0.1564E+00  0.1867E+01  0.1867E+01
  0.2113E+00  0.1902E+01  0.1500E+00  0.1855E+01  0.1855E+01
  0.2119E+00  0.1753E+01  0.2210E+00  0.1843E+01  0.1843E+01
  0.2125E+00  0.1974E+01  0.4352E+00  0.1832E+01  0.1832E+01
  0.2131E+00  0.1826E+01  0.3151E+00  0.1820E+01  0.1820E+01
  0.2137E+00  0.1952E+01  0.2130E+00  0.1809E+01  0.1809E+01
  0.2144E+00  0.1889E+01  0.1610E+00  0.1797E+01  0.1797E+01
  0.2150E+00  0.1714E+01  0.1509E+00  0.1785E+01  0.1785E+01
  0.2156E+00  0.1611E+01  0.1451E+00  0.1774E+01  0.1774E+01
  0.2162E+00  0.1613E+01  0.1536E+00  0.1762E+01  0.1762E+01
  0.2168E+00  0.1610E+01  0.1404E+00  0.1751E+01  0.1751E+01
  0.2174E+00  0.1774E+01  0.1413E+00  0.1739E+01  0.1739E+01
  0.2180E+00  0.1462E+01  0.1441E+00  0.1728E+01  0.1728E+01
  0.2186E+00  0.1453E+01  0.1443E+00  0.1717E+01  0.1717E+01
  0.2192E+00  0.1430E+01  0.1458E+00  0.1705E+01  0.1705E+01
  0.2198E+00  0.1555E+01  0.1551E+00  0.1694E+01  0.1694E+01
  0.2204E+00  0.1629E+01  0.1438E+00  0.1682E+01  0.1682E+01
  0.2210E+00  0.1737E+01  0.1459E+00  0.1671E+01  0.1671E+01
  0.2217E+00  0.1654E+01  0.1455E+00  0.1660E+01  0.1660E+01
  0.2223E+00  0.1632E+01  0.1426E+00  0.1649E+01  0.1649E+01
  0.2229E+00  0.1690E+01  0.1418E+00  0.1637E+01  0.1637E+01
  0.2235E+00  0.1782E+01  0.1452E+00  0.1626E+01  0.1626E+01
  0.2241E+00  0.1742E+01  0.1452E+00  0.1615E+01  0.1615E+01
  0.2247E+00  0.1621E+01  0.1441E+00  0.1604E+01  0.1604E+01
  0.2253E+00  0.1583E+01  0.1511E+00  0.1593E+01  0.1593E+01
  0.2259E+00  0.1694E+01  0.1514E+00  0.1582E+01  0.1582E+01
  0.2265E+00  0.1557E+01  0.1455E+00  0.1571E+01  0.1571E+01
  0.2271E+00  0.1601E+01  0.1361E+00  0.1560E+01  0.1560E+01
  0.2277E+00  0.1739E+01  0.1402E+00  0.1549E+01  0.1549E+01
  0.2283E+00  0.1540E+01  0.1428E+00  0.1538E+01  0.1538E+01
  0.2289E+00  0.1687E+01  0.1456E+00  0.1527E+01  0.1527E+01
  0.2296E+00  0.1529E+01  0.1411E+00  0.1516E+01  0.1516E+01
  0.2302E+00  0.1709E+01  0.1457E+00  0.1505E+01  0.1505E+01
  0.2308E+00  0.1439E+01  0.1431E+00  0.1495E+01  0.1495E+01
  0.2314E+00  0.1720E+01  0.1385E+00  0.1484E+01  0.1484E+01
  0.2320E+00  0.1653E+01  0.1391E+00  0.1473E+01  0.1473E+01
  0.2326E+00  0.1684E+01  0.1449E+00  0.1463E+01  0.1463E+01
  0.2332E+00  0.1734E+01  0.1541E+00  0.1452E+01  0.1452E+01
  0.2338E+00  0.1551E+01  0.1984E+00  0.1442E+01  0.1442E+01
  0.2344E+00  0.1456E+01  0.1619E+00  0.1432E+01  0.1432E+01
  0.2350E+00  0.1517E+01  0.1797E+00  0.1421E+01  0.1421E+01
  0.2356E+00  0.1601E+01  0.1501E+00  0.1411E+01  0.1411E+01
  0.2362E+00  0.1570E+01  0.1344E+00  0.1401E+01  0.1401E+01
  0.2369E+00  0.1357E+01  0.1392E+00  0.1391E+01  0.1391E+01
  0.2375E+00  0.1485E+01  0.1386E+00  0.1381E+01  0.1381E+01
  0.2381E+00  0.1442E+01  0.1408E+00  0.1372E+01  0.1372E+01
  0.2387E+00  0.1117E+01  0.1399E+00  0.1362E+01  0.1362E+01
  0.2393E+00  0.1241E+01  0.1467E+00  0.1352E+01  0.1352E+01
  0.2399E+00  0.1285E+01  0.1485E+00  0.1343E+01  0.1343E+01
  0.2405E+00  0.1499E+01  0.1433E+00  0.1333E+01  0.1333E+01
  0.2411E+00  0.1423E+01  0.1488E+00  0.1324E+01  0.1324E+01
  0.2417E+00  0.1443E+01  0.2036E+00  0.1315E+01  0.1315E+01
  0.2423E+00  0.1304E+01  0.2271E+00  0.1305E+01  0.1305E+01
  0.2429E+00  0.1050E+01  0.3215E+00  0.1296E+01  0.1296E+01
  0.2435E+00  0.1189E+01  0.4134E+00  0.1287E+01  0.1287E+01
  0.2441E+00  0.1303E+01  0.2689E+00  0.1279E+01  0.1279E+01
  0.2448E+00  0.1337E+01  0.2146E+00  0.1270E+01  0.1270E+01
  0.2454E+00  0.1346E+01  0.2012E+00  0.1261E+01  0.1261E+01
  0.2460E+00  0.1282E+01  0.2502E+00  0.1253E+01  0.1253E+01
  0.2466E+00  0.1224E+01  0.1652E+00  0.1244E+01  0.1244E+01
  0.2472E+00  0.1268E+01  0.1649E+00  0.1236E+01  0.1236E+01
  0.2478E+00  0.1232E+01  0.1934E+00  0.1228E+01  0.1228E+01
  0.2484E+00  0.1294E+01  0.2532E+00  0.1219E+01  0.1219E+01
  0.2490E+00  0.1165E+01  0.1681E+00  0.1211E+01  0.1211E+01
  0.2496E+00  0.1224E+01  0.1778E+00  0.1203E+01  0.1203E+01
  0.2502E+00  0.1291E+01  0.1388E+00  0.1196E+01  0.1196E+01
  0.2508E+00  0.1076E+01  0.1386E+00  0.1188E+01  0.1188E+01
  0.2514E+00  0.1118E+01  0.1448E+00  0.1180E+01  0.1180E+01
  0.2521E+00  0.1096E+01  0.1391E+00  0.1173E+01  0.1173E+01
  0.2527E+00  0.1032E+01  0.1394E+00  0.1165E+01  0.1165E+01
  0.2533E+00  0.9007E+00  0.1393E+00  0.1158E+01  0.1158E+01
  0.2539E+00  0.8692E+00  0.1409E+00  0.1151E+01  0.1151E+01
  0.2545E+00  0.8420E+00  0.1743E+00  0.1143E+01  0.1143E+01
  0.2551E+00  0.7875E+00  0.1862E+00  0.1136E+01  0.1136E+01
  0.2557E+00  0.9330E+00  0.2676E+00  0.1129E+01  0.1129E+01
  0.2563E+00  0.9659E+00  0.2050E+00  0.1122E+01  0.1122E+01
  0.2569E+00  0.1050E+01  0.3399E+00  0.1116E+01  0.1116E+01
  0.2575E+00  0.1078E+01  0.1840E+00  0.1109E+01  0.1109E+01
  0.2581E+00  0.1214E+01  0.1354E+00  0.1102E+01  0.1102E+01
  0.2587E+00  0.1043E+01  0.1359E+00  0.1095E+01  0.1095E+01
  0.2593E+00  0.1099E+01  0.1361E+00  0.1089E+01  0.1089E+01
  0.2600E+00  0.1029E+01  0.1268E+00  0.1083E+01  0.1083E+01
  0.2606E+00  0.1094E+01  0.1258E+00  0.1076E+01  0.1076E+01
  0.2612E+00  0.1105E+01  0.1254E+00  0.1070E+01  0.1070E+01
  0.2618E+00  0.1025E+01  0.1310E+00  0.1064E+01  0.1064E+01
  0.2624E+00  0.9107E+00  0.1500E+00  0.1057E+01  0.1057E+01
  0.2630E+00  0.9481E+00  0.1325E+00  0.1051E+01  0.1051E+01
  0.2636E+00  0.9894E+00  0.1245E+00  0.1045E+01  0.1045E+01
  0.2642E+00  0.1197E+01  0.1389E+00  0.1039E+01  0.1039E+01
  0.2648E+00  0.1263E+01  0.1680E+00  0.1033E+01  0.1033E+01
  0.2654E+00  0.9874E+00  0.1584E+00  0.1027E+01  0.1027E+01
  0.2660E+00  0.9924E+00  0.1992E+00  0.1021E+01  0.1021E+01
  0.2666E+00  0.8462E+00  0.1539E+00  0.1016E+01  0.1016E+01
  0.2673E+00  0.9984E+00  0.1349E+00  0.1010E+01  0.1010E+01
  0.2679E+00  0.1012E+01  0.1394E+00  0.1004E+01  0.1004E+01
  0.2685E+00  0.9824E+00  0.1268E+00  0.9986E+00  0.9986E+00
  0.2691E+00  0.1037E+01  0.1276E+00  0.9930E+00  0.9930E+00
  0.2697E+00  0.9554E+00  0.1275E+00  0.9874E+00  0.9874E+00
  0.2703E+00  0.9966E+00  0.1301E+00  0.9819E+00  0.9819E+00
  0.2709E+00  0.9955E+00  0.1257E+00  0.9764E+00  0.9764E+00
  0.2715E+00  0.9831E+00  0.1300E+00  0.9709E+00  0.9709E+00
  0.2721E+00  0.9040E+00  0.1401E+00  0.9655E+00  0.9655E+00
  0.2727E+00  0.1033E+01  0.1303E+00  0.9601E+00  0.9601E+00
  0.2733E+00  0.8481E+00  0.1275E+00  0.9548E+00  0.9548E+00
  0.2739E+00  0.7609E+00  0.1333E+00  0.9495E+00  0.9495E+00
  0.2745E+00  0.8512E+00  0.1675E+00  0.9442E+00  0.9442E+00
  0.2752E+00  0.9012E+00  0.1766E+00  0.9390E+00  0.9390E+00
  0.2758E+00  0.8616E+00  0.3099E+00  0.9338E+00  0.9338E+00
  0.2764E+00  0.7872E+00  0.1891E+00  0.9286E+00  0.9286E+00
  0.2770E+00  0.7455E+00  0.2503E+00  0.9235E+00  0.9235E+00
  0.2776E+00  0.8130E+00  0.1493E+00  0.9184E+00  0.9184E+00
  0.2782E+00  0.9688E+00  0.1381E+00  0.9133E+00  0.9133E+00
  0.2788E+00  0.7742E+00  0.1375E+00  0.9082E+00  0.9082E+00
  0.2794E+00  0.8334E+00  0.1230E+00  0.9032E+00  0.9032E+00
  0.2800E+00  0.6931E+00  0.1236E+00  0.8982E+00  0.8982E+00
  0.2806E+00  0.6800E+00  0.1521E+00  0.8933E+00  0.8933E+00
  0.2812E+00  0.6931E+00  0.1833E+00  0.8884E+00  0.8884E+00
  0.2818E+00  0.9117E+00  0.1384E+00  0.8835E+00  0.8835E+00
  0.2825E+00  0.8105E+00  0.1304E+00  0.8786E+00  0.8786E+00
  0.2831E+00  0.8122E+00  0.1427E+00  0.8738E+00  0.8738E+00
  0.2837E+00  0.1059E+01  0.1349E+00  0.8690E+00  0.8690E+00
  0.2843E+00  0.1130E+01  0.1261E+00  0.8643E+00  0.8643E+00
  0.2849E+00  0.1048E+01  0.1240E+00  0.8595E+00  0.8595E+00
  0.2855E+00  0.9592E+00  0.1178E+00  0.8548E+00  0.8548E+00
  0.2861E+00  0.8208E+00  0.1181E+00  0.8502E+00  0.8502E+00
  0.2867E+00  0.9037E+00  0.1180E+00  0.8456E+00  0.8456E+00
  0.2873E+00  0.7890E+00  0.1226E+00  0.8410E+00  0.8410E+00
  0.2879E+00  0.8787E+00  0.1176E+00  0.8365E+00  0.8365E+00
  0.2885E+00  0.7911E+00  0.1173E+00  0.8320E+00  0.8320E+00
  0.2891E+00  0.8375E+00  0.1177E+00  0.8275E+00  0.8275E+00
  0.2897E+00  0.8217E+00  0.1593E+00  0.8231E+00  0.8231E+00
  0.2904E+00  0.9073E+00  0.2892E+00  0.8187E+00  0.8187E+00
  0.2910E+00  0.8655E+00  0.1612E+00  0.8144E+00  0.8144E+00
  0.2916E+00  0.8612E+00  0.1178E+00  0.8101E+00  0.8101E+00
  0.2922E+00  0.8365E+00  0.1156E+00  0.8059E+00  0.8059E+00
  0.2928E+00  0.8299E+00  0.1178E+00  0.8017E+00  0.8017E+00
  0.2934E+00  0.6782E+00  0.1153E+00  0.7975E+00  0.7975E+00
  0.2940E+00  0.7473E+00  0.1217E+00  0.7934E+00  0.7934E+00
  0.2946E+00  0.7250E+00  0.1240E+00  0.7894E+00  0.7894E+00
  0.2952E+00  0.6428E+00  0.1194E+00  0.7854E+00  0.7854E+00
  0.2958E+00  0.5505E+00  0.1323E+00  0.7814E+00  0.7814E+00
  0.2964E+00  0.8588E+00  0.1223E+00  0.7775E+00  0.7775E+00
  0.2970E+00  0.7133E+00  0.1089E+00  0.7736E+00  0.7736E+00
  0.2976E+00  0.6680E+00  0.1186E+00  0.7698E+00  0.7698E+00
  0.2983E+00  0.7095E+00  0.1209E+00  0.7660E+00  0.7660E+00
  0.2989E+00  0.6805E+00  0.1254E+00  0.7623E+00  0.7623E+00
  0.2995E+00  0.6222E+00  0.1996E+00  0.7586E+00  0.7586E+00
  0.3001E+00  0.6512E+00  0.4106E+00  0.7550E+00  0.7550E+00
  0.3007E+00  0.8560E+00  0.1986E+00  0.7514E+00  0.7514E+00
  0.3013E+00  0.8317E+00  0.1372E+00  0.7479E+00  0.7479E+00
  0.3019E+00  0.8704E+00  0.1545E+00  0.7444E+00  0.7444E+00
  0.3025E+00  0.8305E+00  0.2665E+00  0.7410E+00  0.7410E+00
  0.3031E+00  0.8222E+00  0.1892E+00  0.7376E+00  0.7376E+00
  0.3037E+00  0.7971E+00  0.3083E+00  0.7343E+00  0.7343E+00
  0.3043E+00  0.6946E+00  0.1662E+00  0.7310E+00  0.7310E+00
  0.3049E+00  0.6922E+00  0.1435E+00  0.7278E+00  0.7278E+00
  0.3056E+00  0.6906E+00  0.1191E+00  0.7246E+00  0.7246E+00
  0.3062E+00  0.6479E+00  0.1143E+00  0.7214E+00  0.7214E+00
  0.3068E+00  0.5570E+00  0.1097E+00  0.7183E+00  0.7183E+00
  0.3074E+00  0.5696E+00  0.1061E+00  0.7153E+00  0.7153E+00
  0.3080E+00  0.5589E+00  0.1137E+00  0.7123E+00  0.7123E+00
  0.3086E+00  0.5012E+00  0.1154E+00  0.7093E+00  0.7093E+00
  0.3092E+00  0.6029E+00  0.1057E+00  0.7064E+00  0.7064E+00
  0.3098E+00  0.7545E+00  0.1076E+00  0.7035E+00  0.7035E+00
  0.3104E+00  0.6704E+00  0.1045E+00  0.7007E+00  0.7007E+00
  0.3110E+00  0.6905E+00  0.1075E+00  0.6979E+00  0.6979E+00
  0.3116E+00  0.6253E+00  0.1177E+00  0.6951E+00  0.6951E+00
  0.3122E+00  0.6780E+00  0.1126E+00  0.6924E+00  0.6924E+00
  0.3128E+00  0.6418E+00  0.1025E+00  0.6897E+00  0.6897E+00
  0.3135E+00  0.7068E+00  0.1068E+00  0.6871E+00  0.6871E+00
  0.3141E+00  0.8425E+00  0.1043E+00  0.6845E+00  0.6845E+00
  0.3147E+00  0.7394E+00  0.1072E+00  0.6819E+00  0.6819E+00
  0.3153E+00  0.6429E+00  0.1033E+00  0.6793E+00  0.6793E+00
  0.3159E+00  0.7570E+00  0.1050E+00  0.6768E+00  0.6768E+00
  0.3165E+00  0.6143E+00  0.1254E+00  0.6743E+00  0.6743E+00
  0.3171E+00  0.6573E+00  0.1493E+00  0.6718E+00  0.6718E+00
  0.3177E+00  0.4867E+00  0.1721E+00  0.6694E+00  0.6694E+00

           Distance distribution  function of particle  


       R          P(R)      ERROR

  0.0000E+00  0.0000E+00  0.0000E+00
  0.1080E+01  0.6385E-02  0.8479E-04
  0.2160E+01  0.1377E-01  0.1318E-03
  0.3240E+01  0.2211E-01  0.1454E-03
  0.4320E+01  0.3132E-01  0.1331E-03
  0.5400E+01  0.4129E-01  0.1074E-03
  0.6480E+01  0.5187E-01  0.9118E-04
  0.7560E+01  0.6293E-01  0.1095E-03
  0.8640E+01  0.7430E-01  0.1519E-03
  0.9720E+01  0.8583E-01  0.1971E-03
  0.1080E+02  0.9736E-01  0.2343E-03
  0.1188E+02  0.1088E+00  0.2596E-03
  0.1296E+02  0.1199E+00  0.2732E-03
  0.1404E+02  0.1306E+00  0.2790E-03
  0.1512E+02  0.1409E+00  0.2838E-03
  0.1620E+02  0.1507E+00  0.2952E-03
  0.1728E+02  0.1598E+00  0.3178E-03
  0.1836E+02  0.1684E+00  0.3510E-03
  0.1944E+02  0.1763E+00  0.3896E-03
  0.2052E+02  0.1836E+00  0.4274E-03
  0.2160E+02  0.1903E+00  0.4591E-03
  0.2268E+02  0.1963E+00  0.4816E-03
  0.2376E+02  0.2017E+00  0.4942E-03
  0.2484E+02  0.2065E+00  0.4983E-03
  0.2592E+02  0.2106E+00  0.4973E-03
  0.2700E+02  0.2141E+00  0.4953E-03
  0.2808E+02  0.2170E+00  0.4965E-03
  0.2916E+02  0.2191E+00  0.5033E-03
  0.3024E+02  0.2207E+00  0.5157E-03
  0.3132E+02  0.2215E+00  0.5318E-03
  0.3240E+02  0.2215E+00  0.5489E-03
  0.3348E+02  0.2209E+00  0.5642E-03
  0.3456E+02  0.2196E+00  0.5761E-03
  0.3564E+02  0.2176E+00  0.5839E-03
  0.3672E+02  0.2149E+00  0.5882E-03
  0.3780E+02  0.2116E+00  0.5904E-03
  0.3888E+02  0.2077E+00  0.5918E-03
  0.3996E+02  0.2033E+00  0.5937E-03
  0.4104E+02  0.1985E+00  0.5968E-03
  0.4212E+02  0.1933E+00  0.6017E-03
  0.4320E+02  0.1878E+00  0.6084E-03
  0.4428E+02  0.1821E+00  0.6171E-03
  0.4536E+02  0.1762E+00  0.6279E-03
  0.4644E+02  0.1703E+00  0.6411E-03
  0.4752E+02  0.1644E+00  0.6565E-03
  0.4860E+02  0.1585E+00  0.6734E-03
  0.4968E+02  0.1527E+00  0.6909E-03
  0.5076E+02  0.1470E+00  0.7076E-03
  0.5184E+02  0.1414E+00  0.7218E-03
  0.5292E+02  0.1360E+00  0.7326E-03
  0.5400E+02  0.1307E+00  0.7395E-03
  0.5508E+02  0.1256E+00  0.7429E-03
  0.5616E+02  0.1206E+00  0.7440E-03
  0.5724E+02  0.1158E+00  0.7446E-03
  0.5832E+02  0.1111E+00  0.7468E-03
  0.5940E+02  0.1066E+00  0.7525E-03
  0.6048E+02  0.1021E+00  0.7628E-03
  0.6156E+02  0.9777E-01  0.7780E-03
  0.6264E+02  0.9355E-01  0.7976E-03
  0.6372E+02  0.8944E-01  0.8204E-03
  0.6480E+02  0.8544E-01  0.8452E-03
  0.6588E+02  0.8156E-01  0.8708E-03
  0.6696E+02  0.7780E-01  0.8964E-03
  0.6804E+02  0.7415E-01  0.9215E-03
  0.6912E+02  0.7063E-01  0.9459E-03
  0.7020E+02  0.6723E-01  0.9695E-03
  0.7128E+02  0.6395E-01  0.9922E-03
  0.7236E+02  0.6080E-01  0.1014E-02
  0.7344E+02  0.5776E-01  0.1034E-02
  0.7452E+02  0.5484E-01  0.1053E-02
  0.7560E+02  0.5203E-01  0.1070E-02
  0.7668E+02  0.4933E-01  0.1085E-02
  0.7776E+02  0.4673E-01  0.1097E-02
  0.7884E+02  0.4422E-01  0.1106E-02
  0.7992E+02  0.4181E-01  0.1111E-02
  0.8100E+02  0.3949E-01  0.1113E-02
  0.8208E+02  0.3724E-01  0.1112E-02
  0.8316E+02  0.3508E-01  0.1109E-02
  0.8424E+02  0.3299E-01  0.1104E-02
  0.8532E+02  0.3097E-01  0.1098E-02
  0.8640E+02  0.2902E-01  0.1092E-02
  0.8748E+02  0.2713E-01  0.1087E-02
  0.8856E+02  0.2530E-01  0.1083E-02
  0.8964E+02  0.2353E-01  0.1080E-02
  0.9072E+02  0.2181E-01  0.1078E-02
  0.9180E+02  0.2013E-01  0.1075E-02
  0.9288E+02  0.1851E-01  0.1070E-02
  0.9396E+02  0.1692E-01  0.1062E-02
  0.9504E+02  0.1538E-01  0.1048E-02
  0.9612E+02  0.1389E-01  0.1029E-02
  0.9720E+02  0.1243E-01  0.1002E-02
  0.9828E+02  0.1102E-01  0.9657E-03
  0.9936E+02  0.9653E-02  0.9186E-03
  0.1004E+03  0.8326E-02  0.8592E-03
  0.1015E+03  0.7041E-02  0.7857E-03
  0.1026E+03  0.5795E-02  0.6967E-03
  0.1037E+03  0.4587E-02  0.5912E-03
  0.1048E+03  0.3410E-02  0.4686E-03
  0.1058E+03  0.2259E-02  0.3287E-03
  0.1069E+03  0.1126E-02  0.1721E-03
  0.1080E+03  0.0000E+00  0.0000E+00
          Reciprocal space: Rg =   31.86     , I(0) =   0.1374E+03
     Real space: Rg =   31.94 +- 0.135  I(0) =   0.1374E+03 +-  0.5923E+00
