
           ####    G N O M   ---   Version 4.5a revised 09/02/02     ####

                                                  Fri Jan 30 23:27:58 2009
           ===    Run No   1   ===
 Run title:   Merge of: tRNA_EDTA_A3 tRNA_EDTA_A3


   *******    Input file(s) : Merge00.dat
           Condition P(rmin) = 0 is used. 
           Condition P(rmax) = 0 is used. 

          Highest ALPHA is found to be   0.2416E+04

  The measure of inconsistency AN1 equals to    0.7031E+00
     Alpha    Discrp  Oscill  Stabil  Sysdev  Positv  Valcen    Total   
  0.2416E+07108.4736  2.1058  0.9805  0.0000  1.0000  0.6863  0.09905
  0.4832E+06104.4242  2.0958  0.9442  0.0000  1.0000  0.6872  0.09994
  0.9663E+05 88.6241  2.0492  0.8046  0.0000  1.0000  0.6914  0.10460
  0.1933E+05 55.0830  1.8849  0.5276  0.0000  1.0000  0.7068  0.12985
  0.3865E+04 26.3263  1.6296  0.3185  0.0202  1.0000  0.7358  0.20169
  0.7731E+03  9.5682  1.5293  0.1343  0.0847  1.0000  0.7548  0.31054
  0.1546E+03  2.8914  1.5573  0.0640  0.2984  1.0000  0.7556  0.41728
  0.3092E+02  0.8773  1.5959  0.0285  0.4758  1.0000  0.7539  0.51046
  0.6185E+01  0.5156  1.6101  0.0079  0.6452  1.0000  0.7533  0.51642
  0.1237E+01  0.4837  1.6161  0.0053  0.6048  1.0000  0.7529  0.50729
  0.2474E+00  0.4745  1.6277  0.0045  0.6129  1.0000  0.7524  0.50121
  0.4948E-01  0.4718  1.6443  0.0077  0.6210  0.9999  0.7524  0.49434
  0.9895E-02  0.4700  1.7090  0.0153  0.6452  0.9998  0.7528  0.47048
  0.1979E-02  0.4682  2.0176  0.0551  0.6532  0.9993  0.7505  0.36112
  0.3958E-03  0.4640  4.1027  0.1762  0.6613  0.9942  0.7357  0.16051
  0.7916E-04  0.4586  8.3635  0.1841  0.6694  0.9683  0.6710  0.14556
  0.1583E-04  0.4567 11.4220  0.1871  0.6774  0.9381  0.6237  0.12925
  0.3167E-05  0.4555 17.4752  0.5588  0.7016  0.8638  0.5155  0.00000

          ***  Golden section search to maximize estimate ***
     Alpha    Discrp  Oscill  Stabil  Sysdev  Positv  Valcen    Total   
  0.1672E+02  0.6415  1.6035  0.0179  0.5726  1.0000  0.7536  0.53742
  0.2115E+02  0.7105  1.6010  0.0215  0.5323  1.0000  0.7537  0.53889
  0.2445E+02  0.7653  1.5993  0.0240  0.5081  1.0000  0.7538  0.53386
  0.1933E+02  0.6815  1.6020  0.0200  0.5565  1.0000  0.7537  0.53934
  0.1829E+02  0.6653  1.6026  0.0192  0.5484  1.0000  0.7537  0.53890
  0.2001E+02  0.6922  1.6017  0.0206  0.5484  1.0000  0.7537  0.53935
  0.2044E+02  0.6990  1.6014  0.0209  0.5484  1.0000  0.7537  0.53925
  0.1975E+02  0.6880  1.6018  0.0204  0.5565  1.0000  0.7537  0.53937
  0.1959E+02  0.6855  1.6019  0.0203  0.5565  1.0000  0.7537  0.53937
  0.1985E+02  0.6896  1.6018  0.0205  0.5484  1.0000  0.7537  0.53937
  0.1969E+02  0.6871  1.6018  0.0203  0.5565  1.0000  0.7537  0.53937
  0.1979E+02  0.6886  1.6018  0.0204  0.5565  1.0000  0.7537  0.53937
  0.1975E+02  0.6880  1.6018  0.0204  0.5565  1.0000  0.7537  0.53937



             ####            Final results            ####

 Parameter    DISCRP    OSCILL    STABIL    SYSDEV    POSITV    VALCEN
 Weight        1.000     3.000     3.000     3.000     1.000     1.000
 Sigma         0.300     0.600     0.120     0.120     0.120     0.120
 Ideal         0.700     1.100     0.000     1.000     1.000     0.950
 Current       0.688     1.602     0.020     0.556     1.000     0.754
                - - - - - - - - - - - - - - - - - - - - - - - - - 
 Estimate      0.998     0.497     0.972     0.000     1.000     0.069

  Angular   range    :     from    0.0155   to    0.3171
  Real space range   :     from      0.00   to    105.50

  Highest ALPHA (theor) :   0.242E+07                 JOB = 0
  Current ALPHA         :   0.197E+02   Rg :  0.273E+02   I(0) :   0.368E+03

           Total  estimate : 0.539  which is  A REASONABLE  solution

      S          J EXP       ERROR       J REG       I REG

  0.0000E+00                                      0.3685E+03
  0.6203E-03                                      0.3684E+03
  0.1241E-02                                      0.3683E+03
  0.1861E-02                                      0.3682E+03
  0.2481E-02                                      0.3679E+03
  0.3101E-02                                      0.3676E+03
  0.3722E-02                                      0.3672E+03
  0.4342E-02                                      0.3667E+03
  0.4962E-02                                      0.3662E+03
  0.5583E-02                                      0.3656E+03
  0.6203E-02                                      0.3649E+03
  0.6823E-02                                      0.3642E+03
  0.7443E-02                                      0.3634E+03
  0.8064E-02                                      0.3625E+03
  0.8684E-02                                      0.3616E+03
  0.9304E-02                                      0.3606E+03
  0.9924E-02                                      0.3595E+03
  0.1054E-01                                      0.3584E+03
  0.1117E-01                                      0.3572E+03
  0.1179E-01                                      0.3559E+03
  0.1241E-01                                      0.3546E+03
  0.1303E-01                                      0.3532E+03
  0.1365E-01                                      0.3517E+03
  0.1427E-01                                      0.3502E+03
  0.1489E-01                                      0.3487E+03
  0.1551E-01  0.3362E+03  0.8301E+01  0.3471E+03  0.3471E+03
  0.1612E-01  0.3353E+03  0.7328E+01  0.3454E+03  0.3454E+03
  0.1672E-01  0.3326E+03  0.6265E+01  0.3437E+03  0.3437E+03
  0.1733E-01  0.3394E+03  0.6108E+01  0.3420E+03  0.3420E+03
  0.1794E-01  0.3303E+03  0.5975E+01  0.3402E+03  0.3402E+03
  0.1855E-01  0.3263E+03  0.5148E+01  0.3383E+03  0.3383E+03
  0.1916E-01  0.3289E+03  0.5313E+01  0.3364E+03  0.3364E+03
  0.1976E-01  0.3278E+03  0.4718E+01  0.3345E+03  0.3345E+03
  0.2037E-01  0.3253E+03  0.3670E+01  0.3325E+03  0.3325E+03
  0.2098E-01  0.3261E+03  0.4050E+01  0.3305E+03  0.3305E+03
  0.2159E-01  0.3193E+03  0.4805E+01  0.3284E+03  0.3284E+03
  0.2220E-01  0.3207E+03  0.3705E+01  0.3263E+03  0.3263E+03
  0.2281E-01  0.3163E+03  0.3769E+01  0.3241E+03  0.3241E+03
  0.2341E-01  0.3161E+03  0.3466E+01  0.3219E+03  0.3219E+03
  0.2402E-01  0.3173E+03  0.3634E+01  0.3197E+03  0.3197E+03
  0.2463E-01  0.3166E+03  0.3222E+01  0.3175E+03  0.3175E+03
  0.2524E-01  0.3148E+03  0.3251E+01  0.3152E+03  0.3152E+03
  0.2585E-01  0.3139E+03  0.2920E+01  0.3128E+03  0.3128E+03
  0.2645E-01  0.3116E+03  0.2914E+01  0.3105E+03  0.3105E+03
  0.2706E-01  0.3077E+03  0.3414E+01  0.3081E+03  0.3081E+03
  0.2767E-01  0.3065E+03  0.3122E+01  0.3056E+03  0.3056E+03
  0.2828E-01  0.3033E+03  0.3306E+01  0.3032E+03  0.3032E+03
  0.2889E-01  0.2992E+03  0.3327E+01  0.3007E+03  0.3007E+03
  0.2949E-01  0.2970E+03  0.3201E+01  0.2982E+03  0.2982E+03
  0.3010E-01  0.2992E+03  0.3136E+01  0.2957E+03  0.2957E+03
  0.3071E-01  0.2959E+03  0.3319E+01  0.2931E+03  0.2931E+03
  0.3132E-01  0.2929E+03  0.3396E+01  0.2906E+03  0.2906E+03
  0.3193E-01  0.2880E+03  0.3193E+01  0.2880E+03  0.2880E+03
  0.3254E-01  0.2855E+03  0.3044E+01  0.2854E+03  0.2854E+03
  0.3314E-01  0.2853E+03  0.3255E+01  0.2827E+03  0.2827E+03
  0.3375E-01  0.2831E+03  0.2893E+01  0.2801E+03  0.2801E+03
  0.3436E-01  0.2784E+03  0.2737E+01  0.2775E+03  0.2775E+03
  0.3497E-01  0.2774E+03  0.2899E+01  0.2748E+03  0.2748E+03
  0.3558E-01  0.2731E+03  0.2890E+01  0.2721E+03  0.2721E+03
  0.3618E-01  0.2727E+03  0.2859E+01  0.2694E+03  0.2694E+03
  0.3679E-01  0.2706E+03  0.2782E+01  0.2667E+03  0.2667E+03
  0.3740E-01  0.2674E+03  0.2769E+01  0.2640E+03  0.2640E+03
  0.3801E-01  0.2620E+03  0.2518E+01  0.2613E+03  0.2613E+03
  0.3862E-01  0.2626E+03  0.2834E+01  0.2586E+03  0.2586E+03
  0.3922E-01  0.2548E+03  0.2623E+01  0.2559E+03  0.2559E+03
  0.3983E-01  0.2531E+03  0.2959E+01  0.2532E+03  0.2532E+03
  0.4044E-01  0.2517E+03  0.2379E+01  0.2505E+03  0.2505E+03
  0.4105E-01  0.2513E+03  0.2605E+01  0.2478E+03  0.2478E+03
  0.4166E-01  0.2472E+03  0.2474E+01  0.2451E+03  0.2451E+03
  0.4227E-01  0.2485E+03  0.2627E+01  0.2423E+03  0.2423E+03
  0.4287E-01  0.2433E+03  0.2407E+01  0.2396E+03  0.2396E+03
  0.4348E-01  0.2399E+03  0.2662E+01  0.2369E+03  0.2369E+03
  0.4409E-01  0.2371E+03  0.2449E+01  0.2342E+03  0.2342E+03
  0.4470E-01  0.2326E+03  0.2628E+01  0.2316E+03  0.2316E+03
  0.4531E-01  0.2320E+03  0.2398E+01  0.2289E+03  0.2289E+03
  0.4591E-01  0.2299E+03  0.2533E+01  0.2262E+03  0.2262E+03
  0.4652E-01  0.2274E+03  0.2423E+01  0.2235E+03  0.2235E+03
  0.4713E-01  0.2240E+03  0.2350E+01  0.2209E+03  0.2209E+03
  0.4774E-01  0.2241E+03  0.2368E+01  0.2182E+03  0.2182E+03
  0.4835E-01  0.2197E+03  0.2286E+01  0.2156E+03  0.2156E+03
  0.4895E-01  0.2198E+03  0.2451E+01  0.2130E+03  0.2130E+03
  0.4956E-01  0.2132E+03  0.2233E+01  0.2104E+03  0.2104E+03
  0.5017E-01  0.2120E+03  0.2358E+01  0.2078E+03  0.2078E+03
  0.5078E-01  0.2079E+03  0.2215E+01  0.2053E+03  0.2053E+03
  0.5139E-01  0.2060E+03  0.2149E+01  0.2027E+03  0.2027E+03
  0.5200E-01  0.2021E+03  0.2108E+01  0.2002E+03  0.2002E+03
  0.5260E-01  0.2007E+03  0.2207E+01  0.1976E+03  0.1976E+03
  0.5321E-01  0.1990E+03  0.1963E+01  0.1951E+03  0.1951E+03
  0.5382E-01  0.1966E+03  0.2042E+01  0.1927E+03  0.1927E+03
  0.5443E-01  0.1942E+03  0.1870E+01  0.1902E+03  0.1902E+03
  0.5504E-01  0.1915E+03  0.2042E+01  0.1878E+03  0.1878E+03
  0.5564E-01  0.1880E+03  0.1997E+01  0.1853E+03  0.1853E+03
  0.5625E-01  0.1856E+03  0.2026E+01  0.1829E+03  0.1829E+03
  0.5686E-01  0.1828E+03  0.1882E+01  0.1806E+03  0.1806E+03
  0.5747E-01  0.1801E+03  0.1801E+01  0.1782E+03  0.1782E+03
  0.5808E-01  0.1779E+03  0.1840E+01  0.1759E+03  0.1759E+03
  0.5868E-01  0.1756E+03  0.1977E+01  0.1736E+03  0.1736E+03
  0.5929E-01  0.1725E+03  0.2110E+01  0.1713E+03  0.1713E+03
  0.5990E-01  0.1719E+03  0.1849E+01  0.1690E+03  0.1690E+03
  0.6051E-01  0.1716E+03  0.1888E+01  0.1668E+03  0.1668E+03
  0.6112E-01  0.1669E+03  0.1684E+01  0.1645E+03  0.1645E+03
  0.6173E-01  0.1656E+03  0.1704E+01  0.1623E+03  0.1623E+03
  0.6233E-01  0.1614E+03  0.1655E+01  0.1602E+03  0.1602E+03
  0.6294E-01  0.1586E+03  0.1782E+01  0.1580E+03  0.1580E+03
  0.6355E-01  0.1576E+03  0.1659E+01  0.1559E+03  0.1559E+03
  0.6416E-01  0.1553E+03  0.1735E+01  0.1538E+03  0.1538E+03
  0.6477E-01  0.1526E+03  0.1530E+01  0.1517E+03  0.1517E+03
  0.6537E-01  0.1511E+03  0.1585E+01  0.1497E+03  0.1497E+03
  0.6598E-01  0.1485E+03  0.1682E+01  0.1477E+03  0.1477E+03
  0.6659E-01  0.1472E+03  0.1684E+01  0.1457E+03  0.1457E+03
  0.6720E-01  0.1444E+03  0.1625E+01  0.1437E+03  0.1437E+03
  0.6781E-01  0.1436E+03  0.1727E+01  0.1417E+03  0.1417E+03
  0.6841E-01  0.1424E+03  0.1778E+01  0.1398E+03  0.1398E+03
  0.6902E-01  0.1390E+03  0.1596E+01  0.1379E+03  0.1379E+03
  0.6963E-01  0.1381E+03  0.1552E+01  0.1361E+03  0.1361E+03
  0.7024E-01  0.1341E+03  0.1806E+01  0.1342E+03  0.1342E+03
  0.7085E-01  0.1327E+03  0.9292E+00  0.1324E+03  0.1324E+03
  0.7146E-01  0.1316E+03  0.8975E+00  0.1306E+03  0.1306E+03
  0.7206E-01  0.1297E+03  0.9725E+00  0.1288E+03  0.1288E+03
  0.7267E-01  0.1281E+03  0.8511E+00  0.1271E+03  0.1271E+03
  0.7328E-01  0.1269E+03  0.8943E+00  0.1253E+03  0.1253E+03
  0.7389E-01  0.1246E+03  0.8324E+00  0.1236E+03  0.1236E+03
  0.7450E-01  0.1232E+03  0.8237E+00  0.1220E+03  0.1220E+03
  0.7510E-01  0.1210E+03  0.8352E+00  0.1203E+03  0.1203E+03
  0.7571E-01  0.1195E+03  0.8876E+00  0.1187E+03  0.1187E+03
  0.7632E-01  0.1181E+03  0.8431E+00  0.1171E+03  0.1171E+03
  0.7693E-01  0.1159E+03  0.7867E+00  0.1155E+03  0.1155E+03
  0.7754E-01  0.1147E+03  0.8295E+00  0.1139E+03  0.1139E+03
  0.7814E-01  0.1127E+03  0.7362E+00  0.1124E+03  0.1124E+03
  0.7875E-01  0.1112E+03  0.7605E+00  0.1109E+03  0.1109E+03
  0.7936E-01  0.1097E+03  0.7218E+00  0.1094E+03  0.1094E+03
  0.7997E-01  0.1081E+03  0.7007E+00  0.1079E+03  0.1079E+03
  0.8058E-01  0.1064E+03  0.6505E+00  0.1065E+03  0.1065E+03
  0.8119E-01  0.1051E+03  0.7228E+00  0.1051E+03  0.1051E+03
  0.8179E-01  0.1040E+03  0.6616E+00  0.1037E+03  0.1037E+03
  0.8240E-01  0.1028E+03  0.6946E+00  0.1023E+03  0.1023E+03
  0.8301E-01  0.1009E+03  0.6843E+00  0.1009E+03  0.1009E+03
  0.8362E-01  0.1001E+03  0.6844E+00  0.9959E+02  0.9959E+02
  0.8423E-01  0.9967E+02  0.6373E+00  0.9827E+02  0.9827E+02
  0.8483E-01  0.9716E+02  0.6689E+00  0.9698E+02  0.9698E+02
  0.8544E-01  0.9617E+02  0.6122E+00  0.9570E+02  0.9570E+02
  0.8605E-01  0.9504E+02  0.6247E+00  0.9444E+02  0.9444E+02
  0.8666E-01  0.9411E+02  0.6315E+00  0.9320E+02  0.9320E+02
  0.8727E-01  0.9203E+02  0.7361E+00  0.9198E+02  0.9198E+02
  0.8787E-01  0.9176E+02  0.7599E+00  0.9078E+02  0.9078E+02
  0.8848E-01  0.8963E+02  0.6333E+00  0.8960E+02  0.8960E+02
  0.8909E-01  0.8896E+02  0.6348E+00  0.8844E+02  0.8844E+02
  0.8970E-01  0.8784E+02  0.5884E+00  0.8729E+02  0.8729E+02
  0.9031E-01  0.8630E+02  0.6372E+00  0.8617E+02  0.8617E+02
  0.9091E-01  0.8515E+02  0.5859E+00  0.8506E+02  0.8506E+02
  0.9152E-01  0.8465E+02  0.6262E+00  0.8397E+02  0.8397E+02
  0.9213E-01  0.8303E+02  0.5804E+00  0.8289E+02  0.8289E+02
  0.9274E-01  0.8197E+02  0.6053E+00  0.8183E+02  0.8183E+02
  0.9335E-01  0.8114E+02  0.5426E+00  0.8079E+02  0.8079E+02
  0.9396E-01  0.7944E+02  0.5854E+00  0.7977E+02  0.7977E+02
  0.9456E-01  0.7874E+02  0.5534E+00  0.7876E+02  0.7876E+02
  0.9517E-01  0.7813E+02  0.5844E+00  0.7776E+02  0.7776E+02
  0.9578E-01  0.7718E+02  0.5681E+00  0.7679E+02  0.7679E+02
  0.9639E-01  0.7624E+02  0.5611E+00  0.7582E+02  0.7582E+02
  0.9700E-01  0.7576E+02  0.5695E+00  0.7488E+02  0.7488E+02
  0.9760E-01  0.7452E+02  0.5573E+00  0.7394E+02  0.7394E+02
  0.9821E-01  0.7428E+02  0.5056E+00  0.7302E+02  0.7302E+02
  0.9882E-01  0.7255E+02  0.4760E+00  0.7212E+02  0.7212E+02
  0.9943E-01  0.7143E+02  0.4762E+00  0.7123E+02  0.7123E+02
  0.1000E+00  0.7008E+02  0.4519E+00  0.7036E+02  0.7036E+02
  0.1006E+00  0.6935E+02  0.4896E+00  0.6949E+02  0.6949E+02
  0.1013E+00  0.6809E+02  0.5230E+00  0.6864E+02  0.6864E+02
  0.1019E+00  0.6823E+02  0.5891E+00  0.6781E+02  0.6781E+02
  0.1025E+00  0.6719E+02  0.5205E+00  0.6699E+02  0.6699E+02
  0.1031E+00  0.6615E+02  0.4790E+00  0.6618E+02  0.6618E+02
  0.1037E+00  0.6548E+02  0.4219E+00  0.6538E+02  0.6538E+02
  0.1043E+00  0.6495E+02  0.4140E+00  0.6459E+02  0.6459E+02
  0.1049E+00  0.6361E+02  0.4098E+00  0.6382E+02  0.6382E+02
  0.1055E+00  0.6328E+02  0.4044E+00  0.6306E+02  0.6306E+02
  0.1061E+00  0.6217E+02  0.4335E+00  0.6231E+02  0.6231E+02
  0.1067E+00  0.6141E+02  0.4062E+00  0.6157E+02  0.6157E+02
  0.1073E+00  0.6108E+02  0.4078E+00  0.6085E+02  0.6085E+02
  0.1079E+00  0.6040E+02  0.3886E+00  0.6013E+02  0.6013E+02
  0.1086E+00  0.5944E+02  0.3888E+00  0.5943E+02  0.5943E+02
  0.1092E+00  0.5919E+02  0.3753E+00  0.5874E+02  0.5874E+02
  0.1098E+00  0.5856E+02  0.4083E+00  0.5805E+02  0.5805E+02
  0.1104E+00  0.5747E+02  0.3741E+00  0.5738E+02  0.5738E+02
  0.1110E+00  0.5700E+02  0.3698E+00  0.5672E+02  0.5672E+02
  0.1116E+00  0.5623E+02  0.3722E+00  0.5607E+02  0.5607E+02
  0.1122E+00  0.5510E+02  0.3642E+00  0.5543E+02  0.5543E+02
  0.1128E+00  0.5450E+02  0.3294E+00  0.5480E+02  0.5480E+02
  0.1134E+00  0.5417E+02  0.3300E+00  0.5418E+02  0.5418E+02
  0.1140E+00  0.5325E+02  0.3326E+00  0.5356E+02  0.5356E+02
  0.1146E+00  0.5258E+02  0.3265E+00  0.5296E+02  0.5296E+02
  0.1152E+00  0.5188E+02  0.3320E+00  0.5237E+02  0.5237E+02
  0.1158E+00  0.5134E+02  0.3316E+00  0.5178E+02  0.5178E+02
  0.1165E+00  0.5070E+02  0.3342E+00  0.5120E+02  0.5120E+02
  0.1171E+00  0.5059E+02  0.3306E+00  0.5064E+02  0.5064E+02
  0.1177E+00  0.5006E+02  0.3309E+00  0.5008E+02  0.5008E+02
  0.1183E+00  0.4948E+02  0.3025E+00  0.4953E+02  0.4953E+02
  0.1189E+00  0.4922E+02  0.3405E+00  0.4899E+02  0.4899E+02
  0.1195E+00  0.4845E+02  0.3005E+00  0.4845E+02  0.4845E+02
  0.1201E+00  0.4792E+02  0.3063E+00  0.4793E+02  0.4793E+02
  0.1207E+00  0.4745E+02  0.2925E+00  0.4741E+02  0.4741E+02
  0.1213E+00  0.4691E+02  0.2949E+00  0.4690E+02  0.4690E+02
  0.1219E+00  0.4638E+02  0.2817E+00  0.4639E+02  0.4639E+02
  0.1225E+00  0.4618E+02  0.2913E+00  0.4590E+02  0.4590E+02
  0.1231E+00  0.4543E+02  0.2630E+00  0.4541E+02  0.4541E+02
  0.1238E+00  0.4508E+02  0.2845E+00  0.4493E+02  0.4493E+02
  0.1244E+00  0.4426E+02  0.3129E+00  0.4445E+02  0.4445E+02
  0.1250E+00  0.4384E+02  0.2967E+00  0.4399E+02  0.4399E+02
  0.1256E+00  0.4344E+02  0.3600E+00  0.4353E+02  0.4353E+02
  0.1262E+00  0.4270E+02  0.2836E+00  0.4307E+02  0.4307E+02
  0.1268E+00  0.4251E+02  0.2520E+00  0.4263E+02  0.4263E+02
  0.1274E+00  0.4205E+02  0.2514E+00  0.4219E+02  0.4219E+02
  0.1280E+00  0.4221E+02  0.2725E+00  0.4175E+02  0.4175E+02
  0.1286E+00  0.4120E+02  0.2435E+00  0.4132E+02  0.4132E+02
  0.1292E+00  0.4087E+02  0.2526E+00  0.4090E+02  0.4090E+02
  0.1298E+00  0.4031E+02  0.2472E+00  0.4048E+02  0.4048E+02
  0.1304E+00  0.4012E+02  0.2510E+00  0.4007E+02  0.4007E+02
  0.1310E+00  0.3962E+02  0.2736E+00  0.3967E+02  0.3967E+02
  0.1317E+00  0.3937E+02  0.2624E+00  0.3927E+02  0.3927E+02
  0.1323E+00  0.3885E+02  0.2396E+00  0.3888E+02  0.3888E+02
  0.1329E+00  0.3862E+02  0.2333E+00  0.3849E+02  0.3849E+02
  0.1335E+00  0.3821E+02  0.2272E+00  0.3810E+02  0.3810E+02
  0.1341E+00  0.3801E+02  0.2241E+00  0.3773E+02  0.3773E+02
  0.1347E+00  0.3742E+02  0.2216E+00  0.3735E+02  0.3735E+02
  0.1353E+00  0.3711E+02  0.2349E+00  0.3698E+02  0.3698E+02
  0.1359E+00  0.3685E+02  0.2351E+00  0.3662E+02  0.3662E+02
  0.1365E+00  0.3625E+02  0.2454E+00  0.3626E+02  0.3626E+02
  0.1371E+00  0.3597E+02  0.2414E+00  0.3591E+02  0.3591E+02
  0.1377E+00  0.3555E+02  0.2316E+00  0.3556E+02  0.3556E+02
  0.1383E+00  0.3520E+02  0.2183E+00  0.3521E+02  0.3521E+02
  0.1390E+00  0.3484E+02  0.2100E+00  0.3487E+02  0.3487E+02
  0.1396E+00  0.3474E+02  0.2085E+00  0.3454E+02  0.3454E+02
  0.1402E+00  0.3426E+02  0.2066E+00  0.3420E+02  0.3420E+02
  0.1408E+00  0.3410E+02  0.2243E+00  0.3387E+02  0.3387E+02
  0.1414E+00  0.3361E+02  0.2001E+00  0.3355E+02  0.3355E+02
  0.1420E+00  0.3351E+02  0.2077E+00  0.3323E+02  0.3323E+02
  0.1426E+00  0.3301E+02  0.2044E+00  0.3291E+02  0.3291E+02
  0.1432E+00  0.3263E+02  0.2040E+00  0.3260E+02  0.3260E+02
  0.1438E+00  0.3214E+02  0.2103E+00  0.3229E+02  0.3229E+02
  0.1444E+00  0.3191E+02  0.2022E+00  0.3198E+02  0.3198E+02
  0.1450E+00  0.3156E+02  0.2067E+00  0.3168E+02  0.3168E+02
  0.1456E+00  0.3115E+02  0.2063E+00  0.3138E+02  0.3138E+02
  0.1463E+00  0.3105E+02  0.2120E+00  0.3109E+02  0.3109E+02
  0.1469E+00  0.3105E+02  0.1971E+00  0.3080E+02  0.3080E+02
  0.1475E+00  0.3073E+02  0.2014E+00  0.3051E+02  0.3051E+02
  0.1481E+00  0.3054E+02  0.1873E+00  0.3022E+02  0.3022E+02
  0.1487E+00  0.3011E+02  0.1898E+00  0.2994E+02  0.2994E+02
  0.1493E+00  0.2972E+02  0.1942E+00  0.2966E+02  0.2966E+02
  0.1499E+00  0.2934E+02  0.1973E+00  0.2938E+02  0.2938E+02
  0.1505E+00  0.2893E+02  0.1843E+00  0.2911E+02  0.2911E+02
  0.1511E+00  0.2855E+02  0.1930E+00  0.2883E+02  0.2883E+02
  0.1517E+00  0.2805E+02  0.1965E+00  0.2857E+02  0.2857E+02
  0.1523E+00  0.2824E+02  0.1932E+00  0.2830E+02  0.2830E+02
  0.1529E+00  0.2786E+02  0.1928E+00  0.2804E+02  0.2804E+02
  0.1535E+00  0.2789E+02  0.1873E+00  0.2778E+02  0.2778E+02
  0.1542E+00  0.2747E+02  0.1707E+00  0.2752E+02  0.2752E+02
  0.1548E+00  0.2748E+02  0.1780E+00  0.2726E+02  0.2726E+02
  0.1554E+00  0.2702E+02  0.1774E+00  0.2701E+02  0.2701E+02
  0.1560E+00  0.2699E+02  0.1765E+00  0.2676E+02  0.2676E+02
  0.1566E+00  0.2691E+02  0.1814E+00  0.2651E+02  0.2651E+02
  0.1572E+00  0.2625E+02  0.1814E+00  0.2626E+02  0.2626E+02
  0.1578E+00  0.2615E+02  0.1875E+00  0.2602E+02  0.2602E+02
  0.1584E+00  0.2592E+02  0.1794E+00  0.2578E+02  0.2578E+02
  0.1590E+00  0.2578E+02  0.1827E+00  0.2554E+02  0.2554E+02
  0.1596E+00  0.2539E+02  0.1724E+00  0.2530E+02  0.2530E+02
  0.1602E+00  0.2516E+02  0.1709E+00  0.2507E+02  0.2507E+02
  0.1608E+00  0.2481E+02  0.1784E+00  0.2484E+02  0.2484E+02
  0.1615E+00  0.2451E+02  0.1787E+00  0.2461E+02  0.2461E+02
  0.1621E+00  0.2443E+02  0.1715E+00  0.2438E+02  0.2438E+02
  0.1627E+00  0.2422E+02  0.1800E+00  0.2415E+02  0.2415E+02
  0.1633E+00  0.2394E+02  0.1673E+00  0.2393E+02  0.2393E+02
  0.1639E+00  0.2372E+02  0.1726E+00  0.2371E+02  0.2371E+02
  0.1645E+00  0.2352E+02  0.1895E+00  0.2349E+02  0.2349E+02
  0.1651E+00  0.2323E+02  0.2276E+00  0.2327E+02  0.2327E+02
  0.1657E+00  0.2307E+02  0.2129E+00  0.2306E+02  0.2306E+02
  0.1663E+00  0.2261E+02  0.1999E+00  0.2284E+02  0.2284E+02
  0.1669E+00  0.2256E+02  0.1898E+00  0.2263E+02  0.2263E+02
  0.1675E+00  0.2238E+02  0.2216E+00  0.2242E+02  0.2242E+02
  0.1681E+00  0.2222E+02  0.1870E+00  0.2222E+02  0.2222E+02
  0.1688E+00  0.2200E+02  0.2121E+00  0.2201E+02  0.2201E+02
  0.1694E+00  0.2168E+02  0.1691E+00  0.2181E+02  0.2181E+02
  0.1700E+00  0.2129E+02  0.1634E+00  0.2161E+02  0.2161E+02
  0.1706E+00  0.2128E+02  0.1629E+00  0.2141E+02  0.2141E+02
  0.1712E+00  0.2127E+02  0.1762E+00  0.2121E+02  0.2121E+02
  0.1718E+00  0.2101E+02  0.1659E+00  0.2101E+02  0.2101E+02
  0.1724E+00  0.2082E+02  0.1546E+00  0.2082E+02  0.2082E+02
  0.1730E+00  0.2049E+02  0.1614E+00  0.2063E+02  0.2063E+02
  0.1736E+00  0.2034E+02  0.1580E+00  0.2044E+02  0.2044E+02
  0.1742E+00  0.2009E+02  0.1631E+00  0.2025E+02  0.2025E+02
  0.1748E+00  0.2007E+02  0.1606E+00  0.2006E+02  0.2006E+02
  0.1754E+00  0.1980E+02  0.1498E+00  0.1988E+02  0.1988E+02
  0.1760E+00  0.1988E+02  0.1490E+00  0.1970E+02  0.1970E+02
  0.1767E+00  0.1974E+02  0.1618E+00  0.1952E+02  0.1952E+02
  0.1773E+00  0.1957E+02  0.2149E+00  0.1934E+02  0.1934E+02
  0.1779E+00  0.1913E+02  0.1860E+00  0.1916E+02  0.1916E+02
  0.1785E+00  0.1904E+02  0.2689E+00  0.1899E+02  0.1899E+02
  0.1791E+00  0.1865E+02  0.1772E+00  0.1882E+02  0.1882E+02
  0.1797E+00  0.1865E+02  0.1561E+00  0.1865E+02  0.1865E+02
  0.1803E+00  0.1845E+02  0.1460E+00  0.1848E+02  0.1848E+02
  0.1809E+00  0.1822E+02  0.1497E+00  0.1831E+02  0.1831E+02
  0.1815E+00  0.1810E+02  0.1406E+00  0.1814E+02  0.1814E+02
  0.1821E+00  0.1775E+02  0.1463E+00  0.1798E+02  0.1798E+02
  0.1827E+00  0.1771E+02  0.1436E+00  0.1782E+02  0.1782E+02
  0.1833E+00  0.1755E+02  0.1537E+00  0.1766E+02  0.1766E+02
  0.1840E+00  0.1756E+02  0.1573E+00  0.1750E+02  0.1750E+02
  0.1846E+00  0.1746E+02  0.1452E+00  0.1735E+02  0.1735E+02
  0.1852E+00  0.1720E+02  0.1392E+00  0.1719E+02  0.1719E+02
  0.1858E+00  0.1703E+02  0.1446E+00  0.1704E+02  0.1704E+02
  0.1864E+00  0.1696E+02  0.1458E+00  0.1689E+02  0.1689E+02
  0.1870E+00  0.1682E+02  0.1452E+00  0.1674E+02  0.1674E+02
  0.1876E+00  0.1676E+02  0.1413E+00  0.1659E+02  0.1659E+02
  0.1882E+00  0.1671E+02  0.1370E+00  0.1645E+02  0.1645E+02
  0.1888E+00  0.1634E+02  0.1421E+00  0.1630E+02  0.1630E+02
  0.1894E+00  0.1625E+02  0.1366E+00  0.1616E+02  0.1616E+02
  0.1900E+00  0.1620E+02  0.1440E+00  0.1602E+02  0.1602E+02
  0.1906E+00  0.1599E+02  0.1445E+00  0.1588E+02  0.1588E+02
  0.1912E+00  0.1573E+02  0.1475E+00  0.1575E+02  0.1575E+02
  0.1919E+00  0.1566E+02  0.1411E+00  0.1561E+02  0.1561E+02
  0.1925E+00  0.1557E+02  0.1384E+00  0.1548E+02  0.1548E+02
  0.1931E+00  0.1542E+02  0.1326E+00  0.1535E+02  0.1535E+02
  0.1937E+00  0.1526E+02  0.1304E+00  0.1521E+02  0.1521E+02
  0.1943E+00  0.1511E+02  0.1313E+00  0.1509E+02  0.1509E+02
  0.1949E+00  0.1473E+02  0.1387E+00  0.1496E+02  0.1496E+02
  0.1955E+00  0.1465E+02  0.1431E+00  0.1483E+02  0.1483E+02
  0.1961E+00  0.1460E+02  0.1368E+00  0.1471E+02  0.1471E+02
  0.1967E+00  0.1466E+02  0.1552E+00  0.1459E+02  0.1459E+02
  0.1973E+00  0.1462E+02  0.1405E+00  0.1447E+02  0.1447E+02
  0.1979E+00  0.1467E+02  0.1365E+00  0.1435E+02  0.1435E+02
  0.1985E+00  0.1434E+02  0.1386E+00  0.1423E+02  0.1423E+02
  0.1992E+00  0.1419E+02  0.1405E+00  0.1411E+02  0.1411E+02
  0.1998E+00  0.1379E+02  0.1349E+00  0.1400E+02  0.1400E+02
  0.2004E+00  0.1367E+02  0.1291E+00  0.1389E+02  0.1389E+02
  0.2010E+00  0.1366E+02  0.1248E+00  0.1377E+02  0.1377E+02
  0.2016E+00  0.1349E+02  0.1296E+00  0.1366E+02  0.1366E+02
  0.2022E+00  0.1345E+02  0.1312E+00  0.1355E+02  0.1355E+02
  0.2028E+00  0.1355E+02  0.1355E+00  0.1345E+02  0.1345E+02
  0.2034E+00  0.1343E+02  0.1298E+00  0.1334E+02  0.1334E+02
  0.2040E+00  0.1321E+02  0.1372E+00  0.1324E+02  0.1324E+02
  0.2046E+00  0.1310E+02  0.1363E+00  0.1313E+02  0.1313E+02
  0.2052E+00  0.1301E+02  0.1586E+00  0.1303E+02  0.1303E+02
  0.2058E+00  0.1291E+02  0.1474E+00  0.1293E+02  0.1293E+02
  0.2065E+00  0.1271E+02  0.1593E+00  0.1283E+02  0.1283E+02
  0.2071E+00  0.1272E+02  0.1420E+00  0.1273E+02  0.1273E+02
  0.2077E+00  0.1267E+02  0.1347E+00  0.1263E+02  0.1263E+02
  0.2083E+00  0.1258E+02  0.1379E+00  0.1253E+02  0.1253E+02
  0.2089E+00  0.1239E+02  0.1469E+00  0.1244E+02  0.1244E+02
  0.2095E+00  0.1227E+02  0.2215E+00  0.1235E+02  0.1235E+02
  0.2101E+00  0.1204E+02  0.1563E+00  0.1225E+02  0.1225E+02
  0.2107E+00  0.1190E+02  0.1495E+00  0.1216E+02  0.1216E+02
  0.2113E+00  0.1199E+02  0.1596E+00  0.1207E+02  0.1207E+02
  0.2119E+00  0.1190E+02  0.1571E+00  0.1198E+02  0.1198E+02
  0.2125E+00  0.1179E+02  0.1462E+00  0.1189E+02  0.1189E+02
  0.2131E+00  0.1159E+02  0.1332E+00  0.1180E+02  0.1180E+02
  0.2137E+00  0.1156E+02  0.1303E+00  0.1172E+02  0.1172E+02
  0.2144E+00  0.1151E+02  0.1278E+00  0.1163E+02  0.1163E+02
  0.2150E+00  0.1156E+02  0.1369E+00  0.1154E+02  0.1154E+02
  0.2156E+00  0.1133E+02  0.1217E+00  0.1146E+02  0.1146E+02
  0.2162E+00  0.1140E+02  0.1208E+00  0.1138E+02  0.1138E+02
  0.2168E+00  0.1125E+02  0.1200E+00  0.1129E+02  0.1129E+02
  0.2174E+00  0.1112E+02  0.1228E+00  0.1121E+02  0.1121E+02
  0.2180E+00  0.1095E+02  0.1209E+00  0.1113E+02  0.1113E+02
  0.2186E+00  0.1094E+02  0.1206E+00  0.1105E+02  0.1105E+02
  0.2192E+00  0.1091E+02  0.1206E+00  0.1097E+02  0.1097E+02
  0.2198E+00  0.1087E+02  0.1266E+00  0.1090E+02  0.1090E+02
  0.2204E+00  0.1099E+02  0.1230E+00  0.1082E+02  0.1082E+02
  0.2210E+00  0.1067E+02  0.1265E+00  0.1074E+02  0.1074E+02
  0.2217E+00  0.1067E+02  0.1200E+00  0.1067E+02  0.1067E+02
  0.2223E+00  0.1059E+02  0.1208E+00  0.1059E+02  0.1059E+02
  0.2229E+00  0.1048E+02  0.1178E+00  0.1052E+02  0.1052E+02
  0.2235E+00  0.1044E+02  0.1242E+00  0.1044E+02  0.1044E+02
  0.2241E+00  0.1050E+02  0.1221E+00  0.1037E+02  0.1037E+02
  0.2247E+00  0.1043E+02  0.1247E+00  0.1030E+02  0.1030E+02
  0.2253E+00  0.1047E+02  0.1263E+00  0.1023E+02  0.1023E+02
  0.2259E+00  0.1046E+02  0.1210E+00  0.1016E+02  0.1016E+02
  0.2265E+00  0.1044E+02  0.1218E+00  0.1009E+02  0.1009E+02
  0.2271E+00  0.1018E+02  0.1169E+00  0.1002E+02  0.1002E+02
  0.2277E+00  0.1009E+02  0.1188E+00  0.9951E+01  0.9951E+01
  0.2283E+00  0.9854E+01  0.1226E+00  0.9884E+01  0.9884E+01
  0.2289E+00  0.9632E+01  0.1469E+00  0.9817E+01  0.9817E+01
  0.2296E+00  0.9653E+01  0.2273E+00  0.9750E+01  0.9750E+01
  0.2302E+00  0.9694E+01  0.1863E+00  0.9684E+01  0.9684E+01
  0.2308E+00  0.9712E+01  0.1460E+00  0.9619E+01  0.9619E+01
  0.2314E+00  0.9584E+01  0.1601E+00  0.9555E+01  0.9555E+01
  0.2320E+00  0.9522E+01  0.1318E+00  0.9491E+01  0.9491E+01
  0.2326E+00  0.9500E+01  0.1326E+00  0.9427E+01  0.9427E+01
  0.2332E+00  0.9431E+01  0.1232E+00  0.9365E+01  0.9365E+01
  0.2338E+00  0.9207E+01  0.1375E+00  0.9303E+01  0.9303E+01
  0.2344E+00  0.9062E+01  0.1285E+00  0.9241E+01  0.9241E+01
  0.2350E+00  0.9110E+01  0.1432E+00  0.9180E+01  0.9180E+01
  0.2356E+00  0.9063E+01  0.1251E+00  0.9120E+01  0.9120E+01
  0.2362E+00  0.9050E+01  0.1328E+00  0.9060E+01  0.9060E+01
  0.2369E+00  0.9145E+01  0.1170E+00  0.9001E+01  0.9001E+01
  0.2375E+00  0.8770E+01  0.1146E+00  0.8943E+01  0.8943E+01
  0.2381E+00  0.8669E+01  0.1211E+00  0.8885E+01  0.8885E+01
  0.2387E+00  0.8581E+01  0.1189E+00  0.8827E+01  0.8827E+01
  0.2393E+00  0.8619E+01  0.1182E+00  0.8770E+01  0.8770E+01
  0.2399E+00  0.8620E+01  0.1162E+00  0.8714E+01  0.8714E+01
  0.2405E+00  0.8737E+01  0.1124E+00  0.8658E+01  0.8658E+01
  0.2411E+00  0.8558E+01  0.1109E+00  0.8603E+01  0.8603E+01
  0.2417E+00  0.8720E+01  0.1194E+00  0.8548E+01  0.8548E+01
  0.2423E+00  0.8471E+01  0.1153E+00  0.8494E+01  0.8494E+01
  0.2429E+00  0.8546E+01  0.1135E+00  0.8441E+01  0.8441E+01
  0.2435E+00  0.8488E+01  0.1092E+00  0.8388E+01  0.8388E+01
  0.2441E+00  0.8341E+01  0.1103E+00  0.8335E+01  0.8335E+01
  0.2448E+00  0.8217E+01  0.1059E+00  0.8284E+01  0.8284E+01
  0.2454E+00  0.8203E+01  0.1064E+00  0.8232E+01  0.8232E+01
  0.2460E+00  0.7985E+01  0.1133E+00  0.8181E+01  0.8181E+01
  0.2466E+00  0.8067E+01  0.1147E+00  0.8131E+01  0.8131E+01
  0.2472E+00  0.7931E+01  0.1145E+00  0.8081E+01  0.8081E+01
  0.2478E+00  0.8004E+01  0.1120E+00  0.8032E+01  0.8032E+01
  0.2484E+00  0.7851E+01  0.1095E+00  0.7983E+01  0.7983E+01
  0.2490E+00  0.7907E+01  0.1126E+00  0.7935E+01  0.7935E+01
  0.2496E+00  0.7893E+01  0.1142E+00  0.7887E+01  0.7887E+01
  0.2502E+00  0.7888E+01  0.1083E+00  0.7840E+01  0.7840E+01
  0.2508E+00  0.7945E+01  0.1061E+00  0.7793E+01  0.7793E+01
  0.2514E+00  0.7889E+01  0.1089E+00  0.7747E+01  0.7747E+01
  0.2521E+00  0.7590E+01  0.1113E+00  0.7701E+01  0.7701E+01
  0.2527E+00  0.7477E+01  0.1110E+00  0.7656E+01  0.7656E+01
  0.2533E+00  0.7432E+01  0.1119E+00  0.7612E+01  0.7612E+01
  0.2539E+00  0.7521E+01  0.1107E+00  0.7567E+01  0.7567E+01
  0.2545E+00  0.7463E+01  0.1102E+00  0.7524E+01  0.7524E+01
  0.2551E+00  0.7476E+01  0.1117E+00  0.7480E+01  0.7480E+01
  0.2557E+00  0.7500E+01  0.1159E+00  0.7438E+01  0.7438E+01
  0.2563E+00  0.7423E+01  0.1054E+00  0.7395E+01  0.7395E+01
  0.2569E+00  0.7364E+01  0.9995E-01  0.7353E+01  0.7353E+01
  0.2575E+00  0.7203E+01  0.1045E+00  0.7312E+01  0.7312E+01
  0.2581E+00  0.7097E+01  0.1084E+00  0.7271E+01  0.7271E+01
  0.2587E+00  0.7250E+01  0.1113E+00  0.7231E+01  0.7231E+01
  0.2593E+00  0.7182E+01  0.1108E+00  0.7191E+01  0.7191E+01
  0.2600E+00  0.7194E+01  0.1071E+00  0.7151E+01  0.7151E+01
  0.2606E+00  0.7306E+01  0.1049E+00  0.7112E+01  0.7112E+01
  0.2612E+00  0.7125E+01  0.1046E+00  0.7073E+01  0.7073E+01
  0.2618E+00  0.6917E+01  0.1109E+00  0.7035E+01  0.7035E+01
  0.2624E+00  0.6913E+01  0.1082E+00  0.6997E+01  0.6997E+01
  0.2630E+00  0.6887E+01  0.1073E+00  0.6960E+01  0.6960E+01
  0.2636E+00  0.6856E+01  0.1042E+00  0.6923E+01  0.6923E+01
  0.2642E+00  0.6950E+01  0.1058E+00  0.6886E+01  0.6886E+01
  0.2648E+00  0.7030E+01  0.1057E+00  0.6850E+01  0.6850E+01
  0.2654E+00  0.7040E+01  0.1114E+00  0.6814E+01  0.6814E+01
  0.2660E+00  0.6865E+01  0.1066E+00  0.6779E+01  0.6779E+01
  0.2666E+00  0.6823E+01  0.1085E+00  0.6744E+01  0.6744E+01
  0.2673E+00  0.6765E+01  0.1087E+00  0.6709E+01  0.6709E+01
  0.2679E+00  0.6596E+01  0.1078E+00  0.6675E+01  0.6675E+01
  0.2685E+00  0.6603E+01  0.9950E-01  0.6641E+01  0.6641E+01
  0.2691E+00  0.6599E+01  0.1017E+00  0.6608E+01  0.6608E+01
  0.2697E+00  0.6585E+01  0.1015E+00  0.6575E+01  0.6575E+01
  0.2703E+00  0.6602E+01  0.1019E+00  0.6542E+01  0.6542E+01
  0.2709E+00  0.6503E+01  0.1045E+00  0.6510E+01  0.6510E+01
  0.2715E+00  0.6635E+01  0.1040E+00  0.6478E+01  0.6478E+01
  0.2721E+00  0.6489E+01  0.1055E+00  0.6446E+01  0.6446E+01
  0.2727E+00  0.6440E+01  0.1223E+00  0.6415E+01  0.6415E+01
  0.2733E+00  0.6320E+01  0.1154E+00  0.6384E+01  0.6384E+01
  0.2739E+00  0.6296E+01  0.1196E+00  0.6353E+01  0.6353E+01
  0.2745E+00  0.6331E+01  0.1293E+00  0.6322E+01  0.6322E+01
  0.2752E+00  0.6215E+01  0.1072E+00  0.6292E+01  0.6292E+01
  0.2758E+00  0.6183E+01  0.1022E+00  0.6263E+01  0.6263E+01
  0.2764E+00  0.6056E+01  0.1020E+00  0.6233E+01  0.6233E+01
  0.2770E+00  0.6122E+01  0.9845E-01  0.6204E+01  0.6204E+01
  0.2776E+00  0.5932E+01  0.9686E-01  0.6176E+01  0.6176E+01
  0.2782E+00  0.6066E+01  0.9887E-01  0.6147E+01  0.6147E+01
  0.2788E+00  0.6070E+01  0.9837E-01  0.6119E+01  0.6119E+01
  0.2794E+00  0.6070E+01  0.1020E+00  0.6091E+01  0.6091E+01
  0.2800E+00  0.6060E+01  0.9819E-01  0.6063E+01  0.6063E+01
  0.2806E+00  0.6015E+01  0.1092E+00  0.6036E+01  0.6036E+01
  0.2812E+00  0.5949E+01  0.1356E+00  0.6009E+01  0.6009E+01
  0.2818E+00  0.5958E+01  0.1035E+00  0.5982E+01  0.5982E+01
  0.2825E+00  0.6033E+01  0.1003E+00  0.5956E+01  0.5956E+01
  0.2831E+00  0.5839E+01  0.9715E-01  0.5929E+01  0.5929E+01
  0.2837E+00  0.5958E+01  0.1015E+00  0.5903E+01  0.5903E+01
  0.2843E+00  0.6058E+01  0.1047E+00  0.5878E+01  0.5878E+01
  0.2849E+00  0.5905E+01  0.1002E+00  0.5852E+01  0.5852E+01
  0.2855E+00  0.5893E+01  0.9659E-01  0.5827E+01  0.5827E+01
  0.2861E+00  0.5806E+01  0.1014E+00  0.5802E+01  0.5802E+01
  0.2867E+00  0.5693E+01  0.1013E+00  0.5777E+01  0.5777E+01
  0.2873E+00  0.5651E+01  0.9876E-01  0.5753E+01  0.5753E+01
  0.2879E+00  0.5689E+01  0.9309E-01  0.5728E+01  0.5728E+01
  0.2885E+00  0.5552E+01  0.9709E-01  0.5704E+01  0.5704E+01
  0.2891E+00  0.5614E+01  0.9161E-01  0.5681E+01  0.5681E+01
  0.2897E+00  0.5685E+01  0.9480E-01  0.5657E+01  0.5657E+01
  0.2904E+00  0.5647E+01  0.9401E-01  0.5634E+01  0.5634E+01
  0.2910E+00  0.5610E+01  0.1219E+00  0.5610E+01  0.5610E+01
  0.2916E+00  0.5620E+01  0.2374E+00  0.5587E+01  0.5587E+01
  0.2922E+00  0.5533E+01  0.2861E+00  0.5565E+01  0.5565E+01
  0.2928E+00  0.5548E+01  0.1397E+00  0.5542E+01  0.5542E+01
  0.2934E+00  0.5502E+01  0.9557E-01  0.5520E+01  0.5520E+01
  0.2940E+00  0.5498E+01  0.9288E-01  0.5498E+01  0.5498E+01
  0.2946E+00  0.5471E+01  0.8938E-01  0.5476E+01  0.5476E+01
  0.2952E+00  0.5401E+01  0.9199E-01  0.5454E+01  0.5454E+01
  0.2958E+00  0.5391E+01  0.9152E-01  0.5432E+01  0.5432E+01
  0.2964E+00  0.5177E+01  0.8923E-01  0.5411E+01  0.5411E+01
  0.2970E+00  0.5298E+01  0.8890E-01  0.5390E+01  0.5390E+01
  0.2976E+00  0.5266E+01  0.9507E-01  0.5369E+01  0.5369E+01
  0.2983E+00  0.5381E+01  0.9071E-01  0.5348E+01  0.5348E+01
  0.2989E+00  0.5397E+01  0.9423E-01  0.5327E+01  0.5327E+01
  0.2995E+00  0.5447E+01  0.1003E+00  0.5307E+01  0.5307E+01
  0.3001E+00  0.5473E+01  0.9219E-01  0.5286E+01  0.5286E+01
  0.3007E+00  0.5355E+01  0.9955E-01  0.5266E+01  0.5266E+01
  0.3013E+00  0.5170E+01  0.1089E+00  0.5246E+01  0.5246E+01
  0.3019E+00  0.5143E+01  0.9953E-01  0.5226E+01  0.5226E+01
  0.3025E+00  0.5182E+01  0.1110E+00  0.5206E+01  0.5206E+01
  0.3031E+00  0.5164E+01  0.9710E-01  0.5187E+01  0.5187E+01
  0.3037E+00  0.5173E+01  0.9221E-01  0.5167E+01  0.5167E+01
  0.3043E+00  0.5178E+01  0.9560E-01  0.5148E+01  0.5148E+01
  0.3049E+00  0.5189E+01  0.1153E+00  0.5129E+01  0.5129E+01
  0.3056E+00  0.5150E+01  0.1052E+00  0.5110E+01  0.5110E+01
  0.3062E+00  0.5155E+01  0.1175E+00  0.5091E+01  0.5091E+01
  0.3068E+00  0.5057E+01  0.1277E+00  0.5072E+01  0.5072E+01
  0.3074E+00  0.5009E+01  0.1359E+00  0.5054E+01  0.5054E+01
  0.3080E+00  0.5084E+01  0.1293E+00  0.5035E+01  0.5035E+01
  0.3086E+00  0.4961E+01  0.1067E+00  0.5017E+01  0.5017E+01
  0.3092E+00  0.4959E+01  0.9263E-01  0.4999E+01  0.4999E+01
  0.3098E+00  0.4868E+01  0.1007E+00  0.4981E+01  0.4981E+01
  0.3104E+00  0.4898E+01  0.1069E+00  0.4963E+01  0.4963E+01
  0.3110E+00  0.4924E+01  0.1059E+00  0.4945E+01  0.4945E+01
  0.3116E+00  0.4955E+01  0.1130E+00  0.4927E+01  0.4927E+01
  0.3122E+00  0.4916E+01  0.1040E+00  0.4909E+01  0.4909E+01
  0.3128E+00  0.4894E+01  0.9284E-01  0.4892E+01  0.4892E+01
  0.3135E+00  0.4817E+01  0.8917E-01  0.4874E+01  0.4874E+01
  0.3141E+00  0.4795E+01  0.8724E-01  0.4857E+01  0.4857E+01
  0.3147E+00  0.4919E+01  0.8529E-01  0.4839E+01  0.4839E+01
  0.3153E+00  0.5100E+01  0.8855E-01  0.4822E+01  0.4822E+01
  0.3159E+00  0.5035E+01  0.9321E-01  0.4805E+01  0.4805E+01
  0.3165E+00  0.4864E+01  0.1167E+00  0.4788E+01  0.4788E+01
  0.3171E+00  0.4663E+01  0.1210E+00  0.4771E+01  0.4771E+01

           Distance distribution  function of particle  


       R          P(R)      ERROR

  0.0000E+00  0.0000E+00  0.0000E+00
  0.1055E+01  0.4155E-01  0.1378E-03
  0.2110E+01  0.8452E-01  0.2071E-03
  0.3165E+01  0.1287E+00  0.2159E-03
  0.4220E+01  0.1739E+00  0.1777E-03
  0.5275E+01  0.2196E+00  0.1162E-03
  0.6330E+01  0.2655E+00  0.9539E-04
  0.7385E+01  0.3111E+00  0.1627E-03
  0.8440E+01  0.3557E+00  0.2481E-03
  0.9495E+01  0.3988E+00  0.3185E-03
  0.1055E+02  0.4399E+00  0.3619E-03
  0.1160E+02  0.4783E+00  0.3750E-03
  0.1266E+02  0.5137E+00  0.3619E-03
  0.1371E+02  0.5456E+00  0.3349E-03
  0.1477E+02  0.5736E+00  0.3157E-03
  0.1582E+02  0.5976E+00  0.3279E-03
  0.1688E+02  0.6174E+00  0.3766E-03
  0.1793E+02  0.6329E+00  0.4460E-03
  0.1899E+02  0.6443E+00  0.5163E-03
  0.2004E+02  0.6517E+00  0.5744E-03
  0.2110E+02  0.6555E+00  0.6144E-03
  0.2215E+02  0.6559E+00  0.6377E-03
  0.2321E+02  0.6534E+00  0.6514E-03
  0.2426E+02  0.6483E+00  0.6668E-03
  0.2532E+02  0.6412E+00  0.6942E-03
  0.2638E+02  0.6325E+00  0.7385E-03
  0.2743E+02  0.6226E+00  0.7965E-03
  0.2848E+02  0.6118E+00  0.8591E-03
  0.2954E+02  0.6005E+00  0.9162E-03
  0.3059E+02  0.5889E+00  0.9600E-03
  0.3165E+02  0.5772E+00  0.9869E-03
  0.3270E+02  0.5654E+00  0.9977E-03
  0.3376E+02  0.5537E+00  0.9977E-03
  0.3481E+02  0.5420E+00  0.9943E-03
  0.3587E+02  0.5302E+00  0.9948E-03
  0.3692E+02  0.5184E+00  0.1003E-02
  0.3798E+02  0.5063E+00  0.1020E-02
  0.3903E+02  0.4939E+00  0.1040E-02
  0.4009E+02  0.4811E+00  0.1058E-02
  0.4114E+02  0.4679E+00  0.1070E-02
  0.4220E+02  0.4542E+00  0.1072E-02
  0.4325E+02  0.4400E+00  0.1068E-02
  0.4431E+02  0.4254E+00  0.1062E-02
  0.4536E+02  0.4104E+00  0.1060E-02
  0.4642E+02  0.3951E+00  0.1068E-02
  0.4747E+02  0.3796E+00  0.1086E-02
  0.4853E+02  0.3640E+00  0.1112E-02
  0.4958E+02  0.3484E+00  0.1142E-02
  0.5064E+02  0.3330E+00  0.1170E-02
  0.5170E+02  0.3178E+00  0.1195E-02
  0.5275E+02  0.3028E+00  0.1215E-02
  0.5380E+02  0.2883E+00  0.1233E-02
  0.5486E+02  0.2740E+00  0.1254E-02
  0.5591E+02  0.2602E+00  0.1279E-02
  0.5697E+02  0.2467E+00  0.1309E-02
  0.5802E+02  0.2335E+00  0.1343E-02
  0.5908E+02  0.2206E+00  0.1376E-02
  0.6013E+02  0.2080E+00  0.1405E-02
  0.6119E+02  0.1957E+00  0.1428E-02
  0.6224E+02  0.1837E+00  0.1444E-02
  0.6330E+02  0.1719E+00  0.1456E-02
  0.6435E+02  0.1605E+00  0.1469E-02
  0.6541E+02  0.1495E+00  0.1487E-02
  0.6646E+02  0.1389E+00  0.1512E-02
  0.6752E+02  0.1288E+00  0.1545E-02
  0.6858E+02  0.1192E+00  0.1582E-02
  0.6963E+02  0.1103E+00  0.1622E-02
  0.7069E+02  0.1020E+00  0.1663E-02
  0.7174E+02  0.9446E-01  0.1705E-02
  0.7280E+02  0.8762E-01  0.1751E-02
  0.7385E+02  0.8147E-01  0.1805E-02
  0.7491E+02  0.7598E-01  0.1871E-02
  0.7596E+02  0.7110E-01  0.1947E-02
  0.7702E+02  0.6674E-01  0.2030E-02
  0.7807E+02  0.6283E-01  0.2111E-02
  0.7912E+02  0.5926E-01  0.2180E-02
  0.8018E+02  0.5596E-01  0.2229E-02
  0.8123E+02  0.5282E-01  0.2249E-02
  0.8229E+02  0.4979E-01  0.2237E-02
  0.8334E+02  0.4681E-01  0.2195E-02
  0.8440E+02  0.4384E-01  0.2129E-02
  0.8545E+02  0.4086E-01  0.2048E-02
  0.8651E+02  0.3788E-01  0.1963E-02
  0.8756E+02  0.3492E-01  0.1886E-02
  0.8862E+02  0.3201E-01  0.1826E-02
  0.8967E+02  0.2918E-01  0.1787E-02
  0.9073E+02  0.2646E-01  0.1766E-02
  0.9178E+02  0.2389E-01  0.1758E-02
  0.9284E+02  0.2150E-01  0.1758E-02
  0.9389E+02  0.1928E-01  0.1759E-02
  0.9495E+02  0.1725E-01  0.1758E-02
  0.9600E+02  0.1537E-01  0.1751E-02
  0.9706E+02  0.1363E-01  0.1735E-02
  0.9811E+02  0.1198E-01  0.1703E-02
  0.9917E+02  0.1039E-01  0.1645E-02
  0.1002E+03  0.8809E-02  0.1548E-02
  0.1013E+03  0.7195E-02  0.1398E-02
  0.1023E+03  0.5520E-02  0.1179E-02
  0.1034E+03  0.3763E-02  0.8803E-03
  0.1044E+03  0.1920E-02  0.4896E-03
  0.1055E+03  0.0000E+00  0.0000E+00
          Reciprocal space: Rg =   27.33     , I(0) =   0.3685E+03
     Real space: Rg =   27.45 +- 0.107  I(0) =   0.3685E+03 +-  0.9648E+00
