
           ####    G N O M   ---   Version 4.5a revised 09/02/02     ####

                                                  Sat Apr 19 23:40:35 2008
           ===    Run No   1   ===
 Run title:   Merge of: Lys_EDTA_A2_ Lys_EDTA_A2_


   *******    Input file(s) : Lys_EDTA.dat
           Condition P(rmin) = 0 is used. 
           Condition P(rmax) = 0 is used. 

          Highest ALPHA is found to be   0.1681E+05

  The measure of inconsistency AN1 equals to    0.6422E+00
     Alpha    Discrp  Oscill  Stabil  Sysdev  Positv  Valcen    Total   
  0.1681E+08112.6753  2.9407  0.9876  0.0000  1.0000  0.6549  0.08355
  0.3362E+07111.5375  2.9383  0.9779  0.0000  1.0000  0.6550  0.08355
  0.6724E+06106.2086  2.9266  0.9323  0.0000  1.0000  0.6553  0.08356
  0.1345E+06 86.2611  2.8719  0.7637  0.0000  1.0000  0.6570  0.08359
  0.2689E+05 48.1130  2.6680  0.4617  0.0000  1.0000  0.6641  0.08389
  0.5379E+04 21.2189  2.2559  0.3041  0.0120  1.0000  0.6873  0.09054
  0.1076E+04  9.1302  1.8300  0.2395  0.0998  1.0000  0.7330  0.14804
  0.2152E+03  3.3606  1.6131  0.1121  0.2954  1.0000  0.7668  0.31624
  0.4303E+02  1.0547  1.6083  0.0520  0.4990  1.0000  0.7707  0.44198
  0.8606E+01  0.4354  1.6405  0.0216  0.5988  1.0000  0.7677  0.48296
  0.1721E+01  0.3622  1.6533  0.0058  0.6507  1.0000  0.7665  0.47110
  0.3442E+00  0.3575  1.6574  0.0019  0.6507  1.0000  0.7662  0.46941
  0.6885E-01  0.3562  1.6666  0.0065  0.6587  1.0000  0.7663  0.46557
  0.1377E-01  0.3528  1.7810  0.0204  0.6507  1.0000  0.7668  0.42517
  0.2754E-02  0.3484  2.3159  0.0261  0.6667  0.9996  0.7668  0.35518
  0.5508E-03  0.3459  3.4061  0.0724  0.6747  0.9984  0.7629  0.28527
  0.1102E-03  0.3429  6.9954  0.1466  0.6667  0.9908  0.7410  0.16335
  0.2203E-04  0.3408 11.6367  0.1729  0.6747  0.9696  0.6899  0.13027
  0.4406E-05  0.3396 17.7382  0.5190  0.6587  0.9266  0.5982  0.00000

          ***  Golden section search to maximize estimate ***
     Alpha    Discrp  Oscill  Stabil  Sysdev  Positv  Valcen    Total   
  0.1591E+02  0.5585  1.6304  0.0327  0.5469  1.0000  0.7686  0.50503
  0.2327E+02  0.6948  1.6225  0.0404  0.5309  1.0000  0.7694  0.51564
  0.2943E+02  0.8095  1.6171  0.0450  0.5150  1.0000  0.7699  0.50115
  0.2013E+02  0.6361  1.6257  0.0375  0.5389  1.0000  0.7691  0.51440
  0.2545E+02  0.7356  1.6205  0.0422  0.5230  1.0000  0.7696  0.51295
  0.2202E+02  0.6714  1.6237  0.0393  0.5309  1.0000  0.7693  0.51585
  0.2127E+02  0.6575  1.6245  0.0386  0.5389  1.0000  0.7692  0.51553
  0.2249E+02  0.6802  1.6232  0.0397  0.5309  1.0000  0.7693  0.51589
  0.2278E+02  0.6857  1.6230  0.0400  0.5309  1.0000  0.7694  0.51584
  0.2231E+02  0.6768  1.6234  0.0395  0.5309  1.0000  0.7693  0.51589
  0.2219E+02  0.6747  1.6235  0.0394  0.5309  1.0000  0.7693  0.51588
  0.2237E+02  0.6781  1.6234  0.0396  0.5309  1.0000  0.7693  0.51589
  0.2242E+02  0.6789  1.6233  0.0396  0.5309  1.0000  0.7693  0.51589
  0.2237E+02  0.6781  1.6234  0.0396  0.5309  1.0000  0.7693  0.51589



             ####            Final results            ####

 Parameter    DISCRP    OSCILL    STABIL    SYSDEV    POSITV    VALCEN
 Weight        1.000     3.000     3.000     3.000     1.000     1.000
 Sigma         0.300     0.600     0.120     0.120     0.120     0.120
 Ideal         0.700     1.100     0.000     1.000     1.000     0.950
 Current       0.678     1.623     0.040     0.531     1.000     0.769
                - - - - - - - - - - - - - - - - - - - - - - - - - 
 Estimate      0.995     0.467     0.897     0.000     1.000     0.104

  Angular   range    :     from    0.0131   to    0.3177
  Real space range   :     from      0.00   to    172.00

  Highest ALPHA (theor) :   0.168E+08                 JOB = 0
  Current ALPHA         :   0.224E+02   Rg :  0.470E+02   I(0) :   0.108E+04

           Total  estimate : 0.516  which is  A REASONABLE  solution

      S          J EXP       ERROR       J REG       I REG

  0.0000E+00                                      0.1085E+04
  0.6226E-03                                      0.1084E+04
  0.1245E-02                                      0.1083E+04
  0.1868E-02                                      0.1082E+04
  0.2490E-02                                      0.1080E+04
  0.3113E-02                                      0.1077E+04
  0.3736E-02                                      0.1073E+04
  0.4358E-02                                      0.1069E+04
  0.4981E-02                                      0.1065E+04
  0.5604E-02                                      0.1060E+04
  0.6226E-02                                      0.1054E+04
  0.6849E-02                                      0.1048E+04
  0.7471E-02                                      0.1041E+04
  0.8094E-02                                      0.1033E+04
  0.8717E-02                                      0.1025E+04
  0.9339E-02                                      0.1017E+04
  0.9962E-02                                      0.1008E+04
  0.1058E-01                                      0.9989E+03
  0.1121E-01                                      0.9891E+03
  0.1183E-01                                      0.9789E+03
  0.1245E-01                                      0.9683E+03
  0.1307E-01  0.9541E+03  0.2989E+02  0.9573E+03  0.9573E+03
  0.1368E-01  0.9373E+03  0.2634E+02  0.9463E+03  0.9463E+03
  0.1429E-01  0.9173E+03  0.1880E+02  0.9349E+03  0.9349E+03
  0.1490E-01  0.8983E+03  0.1633E+02  0.9233E+03  0.9233E+03
  0.1551E-01  0.9065E+03  0.1378E+02  0.9113E+03  0.9113E+03
  0.1611E-01  0.9015E+03  0.1568E+02  0.8991E+03  0.8991E+03
  0.1672E-01  0.8688E+03  0.1452E+02  0.8867E+03  0.8867E+03
  0.1733E-01  0.8675E+03  0.1680E+02  0.8740E+03  0.8740E+03
  0.1794E-01  0.8439E+03  0.1758E+02  0.8612E+03  0.8612E+03
  0.1855E-01  0.8415E+03  0.1588E+02  0.8482E+03  0.8482E+03
  0.1916E-01  0.8414E+03  0.1802E+02  0.8351E+03  0.8351E+03
  0.1976E-01  0.8204E+03  0.1547E+02  0.8218E+03  0.8218E+03
  0.2037E-01  0.8194E+03  0.1552E+02  0.8085E+03  0.8085E+03
  0.2098E-01  0.8074E+03  0.1537E+02  0.7950E+03  0.7950E+03
  0.2159E-01  0.7852E+03  0.1657E+02  0.7815E+03  0.7815E+03
  0.2220E-01  0.7834E+03  0.1516E+02  0.7680E+03  0.7680E+03
  0.2280E-01  0.7799E+03  0.1705E+02  0.7544E+03  0.7544E+03
  0.2341E-01  0.7433E+03  0.1321E+02  0.7408E+03  0.7408E+03
  0.2402E-01  0.7363E+03  0.1341E+02  0.7273E+03  0.7273E+03
  0.2463E-01  0.7201E+03  0.4932E+02  0.7138E+03  0.7138E+03
  0.2524E-01  0.7127E+03  0.1858E+02  0.7003E+03  0.7003E+03
  0.2584E-01  0.7005E+03  0.1133E+02  0.6869E+03  0.6869E+03
  0.2645E-01  0.6973E+03  0.1282E+02  0.6735E+03  0.6735E+03
  0.2706E-01  0.6715E+03  0.1009E+02  0.6603E+03  0.6603E+03
  0.2767E-01  0.6691E+03  0.1244E+02  0.6472E+03  0.6472E+03
  0.2828E-01  0.6547E+03  0.9400E+01  0.6342E+03  0.6342E+03
  0.2889E-01  0.6371E+03  0.8207E+01  0.6213E+03  0.6213E+03
  0.2949E-01  0.6238E+03  0.7906E+01  0.6086E+03  0.6086E+03
  0.3010E-01  0.6095E+03  0.7336E+01  0.5960E+03  0.5960E+03
  0.3071E-01  0.5918E+03  0.8309E+01  0.5837E+03  0.5837E+03
  0.3132E-01  0.5830E+03  0.7271E+01  0.5714E+03  0.5714E+03
  0.3193E-01  0.5678E+03  0.7686E+01  0.5594E+03  0.5594E+03
  0.3254E-01  0.5552E+03  0.6989E+01  0.5476E+03  0.5476E+03
  0.3314E-01  0.5536E+03  0.7308E+01  0.5359E+03  0.5359E+03
  0.3375E-01  0.5379E+03  0.6884E+01  0.5245E+03  0.5245E+03
  0.3436E-01  0.5261E+03  0.7363E+01  0.5133E+03  0.5133E+03
  0.3497E-01  0.5191E+03  0.8754E+01  0.5023E+03  0.5023E+03
  0.3557E-01  0.5061E+03  0.8981E+01  0.4915E+03  0.4915E+03
  0.3618E-01  0.4951E+03  0.8457E+01  0.4809E+03  0.4809E+03
  0.3679E-01  0.4875E+03  0.8233E+01  0.4706E+03  0.4706E+03
  0.3740E-01  0.4761E+03  0.8224E+01  0.4604E+03  0.4604E+03
  0.3801E-01  0.4608E+03  0.7667E+01  0.4506E+03  0.4506E+03
  0.3862E-01  0.4610E+03  0.7828E+01  0.4409E+03  0.4409E+03
  0.3922E-01  0.4425E+03  0.7040E+01  0.4314E+03  0.4314E+03
  0.3983E-01  0.4302E+03  0.7854E+01  0.4222E+03  0.4222E+03
  0.4044E-01  0.4268E+03  0.6678E+01  0.4132E+03  0.4132E+03
  0.4105E-01  0.4172E+03  0.7451E+01  0.4045E+03  0.4045E+03
  0.4166E-01  0.4032E+03  0.6391E+01  0.3959E+03  0.3959E+03
  0.4227E-01  0.4046E+03  0.6734E+01  0.3876E+03  0.3876E+03
  0.4287E-01  0.3926E+03  0.6043E+01  0.3794E+03  0.3794E+03
  0.4348E-01  0.3783E+03  0.6064E+01  0.3715E+03  0.3715E+03
  0.4409E-01  0.3752E+03  0.5686E+01  0.3638E+03  0.3638E+03
  0.4470E-01  0.3682E+03  0.6104E+01  0.3563E+03  0.3563E+03
  0.4530E-01  0.3572E+03  0.5326E+01  0.3490E+03  0.3490E+03
  0.4591E-01  0.3518E+03  0.5422E+01  0.3419E+03  0.3419E+03
  0.4652E-01  0.3463E+03  0.5287E+01  0.3350E+03  0.3350E+03
  0.4713E-01  0.3355E+03  0.5064E+01  0.3282E+03  0.3282E+03
  0.4774E-01  0.3341E+03  0.5014E+01  0.3217E+03  0.3217E+03
  0.4835E-01  0.3251E+03  0.4872E+01  0.3153E+03  0.3153E+03
  0.4895E-01  0.3180E+03  0.4854E+01  0.3091E+03  0.3091E+03
  0.4956E-01  0.3100E+03  0.4317E+01  0.3030E+03  0.3030E+03
  0.5017E-01  0.3076E+03  0.4451E+01  0.2971E+03  0.2971E+03
  0.5078E-01  0.2985E+03  0.4021E+01  0.2914E+03  0.2914E+03
  0.5139E-01  0.2933E+03  0.4210E+01  0.2858E+03  0.2858E+03
  0.5199E-01  0.2869E+03  0.3895E+01  0.2803E+03  0.2803E+03
  0.5260E-01  0.2810E+03  0.3925E+01  0.2750E+03  0.2750E+03
  0.5321E-01  0.2735E+03  0.3581E+01  0.2699E+03  0.2699E+03
  0.5382E-01  0.2704E+03  0.3824E+01  0.2648E+03  0.2648E+03
  0.5443E-01  0.2637E+03  0.3423E+01  0.2599E+03  0.2599E+03
  0.5504E-01  0.2592E+03  0.3421E+01  0.2551E+03  0.2551E+03
  0.5564E-01  0.2541E+03  0.3252E+01  0.2504E+03  0.2504E+03
  0.5625E-01  0.2489E+03  0.3199E+01  0.2458E+03  0.2458E+03
  0.5686E-01  0.2433E+03  0.3029E+01  0.2414E+03  0.2414E+03
  0.5747E-01  0.2382E+03  0.3037E+01  0.2370E+03  0.2370E+03
  0.5808E-01  0.2352E+03  0.2980E+01  0.2328E+03  0.2328E+03
  0.5868E-01  0.2306E+03  0.2866E+01  0.2286E+03  0.2286E+03
  0.5929E-01  0.2263E+03  0.2880E+01  0.2246E+03  0.2246E+03
  0.5990E-01  0.2224E+03  0.2584E+01  0.2206E+03  0.2206E+03
  0.6051E-01  0.2190E+03  0.2622E+01  0.2167E+03  0.2167E+03
  0.6112E-01  0.2142E+03  0.2416E+01  0.2130E+03  0.2130E+03
  0.6172E-01  0.2095E+03  0.2372E+01  0.2092E+03  0.2092E+03
  0.6233E-01  0.2060E+03  0.2265E+01  0.2056E+03  0.2056E+03
  0.6294E-01  0.2023E+03  0.2423E+01  0.2021E+03  0.2021E+03
  0.6355E-01  0.1980E+03  0.2123E+01  0.1986E+03  0.1986E+03
  0.6416E-01  0.1965E+03  0.2185E+01  0.1952E+03  0.1952E+03
  0.6477E-01  0.1901E+03  0.2098E+01  0.1919E+03  0.1919E+03
  0.6537E-01  0.1872E+03  0.2042E+01  0.1886E+03  0.1886E+03
  0.6598E-01  0.1846E+03  0.2019E+01  0.1855E+03  0.1855E+03
  0.6659E-01  0.1825E+03  0.1979E+01  0.1823E+03  0.1823E+03
  0.6720E-01  0.1784E+03  0.1848E+01  0.1793E+03  0.1793E+03
  0.6781E-01  0.1762E+03  0.1775E+01  0.1763E+03  0.1763E+03
  0.6841E-01  0.1731E+03  0.1861E+01  0.1734E+03  0.1734E+03
  0.6902E-01  0.1698E+03  0.1680E+01  0.1705E+03  0.1705E+03
  0.6963E-01  0.1677E+03  0.1788E+01  0.1678E+03  0.1678E+03
  0.7024E-01  0.1656E+03  0.1709E+01  0.1650E+03  0.1650E+03
  0.7085E-01  0.1618E+03  0.1637E+01  0.1623E+03  0.1623E+03
  0.7145E-01  0.1592E+03  0.1559E+01  0.1597E+03  0.1597E+03
  0.7206E-01  0.1564E+03  0.1635E+01  0.1572E+03  0.1572E+03
  0.7267E-01  0.1545E+03  0.1403E+01  0.1547E+03  0.1547E+03
  0.7328E-01  0.1522E+03  0.1392E+01  0.1522E+03  0.1522E+03
  0.7389E-01  0.1506E+03  0.1373E+01  0.1498E+03  0.1498E+03
  0.7450E-01  0.1478E+03  0.1586E+01  0.1475E+03  0.1475E+03
  0.7510E-01  0.1454E+03  0.1350E+01  0.1452E+03  0.1452E+03
  0.7571E-01  0.1426E+03  0.1300E+01  0.1430E+03  0.1430E+03
  0.7632E-01  0.1420E+03  0.1219E+01  0.1408E+03  0.1408E+03
  0.7693E-01  0.1392E+03  0.1196E+01  0.1386E+03  0.1386E+03
  0.7754E-01  0.1375E+03  0.1201E+01  0.1366E+03  0.1366E+03
  0.7814E-01  0.1351E+03  0.1160E+01  0.1345E+03  0.1345E+03
  0.7875E-01  0.1330E+03  0.1204E+01  0.1325E+03  0.1325E+03
  0.7936E-01  0.1306E+03  0.1103E+01  0.1306E+03  0.1306E+03
  0.7997E-01  0.1283E+03  0.1129E+01  0.1287E+03  0.1287E+03
  0.8058E-01  0.1270E+03  0.1018E+01  0.1268E+03  0.1268E+03
  0.8119E-01  0.1249E+03  0.1117E+01  0.1250E+03  0.1250E+03
  0.8179E-01  0.1239E+03  0.9864E+00  0.1233E+03  0.1233E+03
  0.8240E-01  0.1223E+03  0.1017E+01  0.1215E+03  0.1215E+03
  0.8301E-01  0.1194E+03  0.1009E+01  0.1199E+03  0.1199E+03
  0.8362E-01  0.1179E+03  0.9346E+00  0.1182E+03  0.1182E+03
  0.8423E-01  0.1167E+03  0.8997E+00  0.1166E+03  0.1166E+03
  0.8483E-01  0.1144E+03  0.9187E+00  0.1150E+03  0.1150E+03
  0.8544E-01  0.1136E+03  0.8290E+00  0.1135E+03  0.1135E+03
  0.8605E-01  0.1129E+03  0.8267E+00  0.1120E+03  0.1120E+03
  0.8666E-01  0.1112E+03  0.8416E+00  0.1105E+03  0.1105E+03
  0.8727E-01  0.1091E+03  0.8039E+00  0.1091E+03  0.1091E+03
  0.8787E-01  0.1085E+03  0.7992E+00  0.1077E+03  0.1077E+03
  0.8848E-01  0.1059E+03  0.7594E+00  0.1063E+03  0.1063E+03
  0.8909E-01  0.1050E+03  0.8102E+00  0.1050E+03  0.1050E+03
  0.8970E-01  0.1038E+03  0.7403E+00  0.1037E+03  0.1037E+03
  0.9031E-01  0.1022E+03  0.7900E+00  0.1024E+03  0.1024E+03
  0.9091E-01  0.1010E+03  0.7014E+00  0.1011E+03  0.1011E+03
  0.9152E-01  0.1009E+03  0.7425E+00  0.9992E+02  0.9992E+02
  0.9213E-01  0.9869E+02  0.6826E+00  0.9872E+02  0.9872E+02
  0.9274E-01  0.9758E+02  0.6584E+00  0.9755E+02  0.9755E+02
  0.9335E-01  0.9639E+02  0.6059E+00  0.9639E+02  0.9639E+02
  0.9395E-01  0.9483E+02  0.6334E+00  0.9526E+02  0.9526E+02
  0.9456E-01  0.9390E+02  0.6004E+00  0.9416E+02  0.9416E+02
  0.9517E-01  0.9338E+02  0.6216E+00  0.9307E+02  0.9307E+02
  0.9578E-01  0.9167E+02  0.6001E+00  0.9201E+02  0.9201E+02
  0.9639E-01  0.9044E+02  0.6177E+00  0.9097E+02  0.9097E+02
  0.9700E-01  0.9004E+02  0.6057E+00  0.8994E+02  0.8994E+02
  0.9760E-01  0.8812E+02  0.5909E+00  0.8894E+02  0.8894E+02
  0.9821E-01  0.8816E+02  0.5916E+00  0.8795E+02  0.8795E+02
  0.9882E-01  0.8683E+02  0.5421E+00  0.8699E+02  0.8699E+02
  0.9943E-01  0.8605E+02  0.5764E+00  0.8604E+02  0.8604E+02
  0.1000E+00  0.8487E+02  0.5145E+00  0.8510E+02  0.8510E+02
  0.1006E+00  0.8445E+02  0.5292E+00  0.8419E+02  0.8419E+02
  0.1013E+00  0.8260E+02  0.5116E+00  0.8329E+02  0.8329E+02
  0.1019E+00  0.8267E+02  0.5125E+00  0.8241E+02  0.8241E+02
  0.1025E+00  0.8103E+02  0.4725E+00  0.8154E+02  0.8154E+02
  0.1031E+00  0.8006E+02  0.5003E+00  0.8068E+02  0.8068E+02
  0.1037E+00  0.7986E+02  0.4528E+00  0.7984E+02  0.7984E+02
  0.1043E+00  0.7881E+02  0.4719E+00  0.7902E+02  0.7902E+02
  0.1049E+00  0.7787E+02  0.4589E+00  0.7821E+02  0.7821E+02
  0.1055E+00  0.7771E+02  0.4475E+00  0.7742E+02  0.7742E+02
  0.1061E+00  0.7660E+02  0.4449E+00  0.7664E+02  0.7664E+02
  0.1067E+00  0.7563E+02  0.4195E+00  0.7587E+02  0.7587E+02
  0.1073E+00  0.7497E+02  0.4022E+00  0.7511E+02  0.7511E+02
  0.1079E+00  0.7434E+02  0.4173E+00  0.7437E+02  0.7437E+02
  0.1085E+00  0.7359E+02  0.4213E+00  0.7364E+02  0.7364E+02
  0.1092E+00  0.7294E+02  0.4074E+00  0.7293E+02  0.7293E+02
  0.1098E+00  0.7269E+02  0.4529E+00  0.7223E+02  0.7223E+02
  0.1104E+00  0.7167E+02  0.5690E+00  0.7154E+02  0.7154E+02
  0.1110E+00  0.7112E+02  0.4319E+00  0.7086E+02  0.7086E+02
  0.1116E+00  0.7023E+02  0.3934E+00  0.7019E+02  0.7019E+02
  0.1122E+00  0.6915E+02  0.3757E+00  0.6954E+02  0.6954E+02
  0.1128E+00  0.6894E+02  0.3564E+00  0.6890E+02  0.6890E+02
  0.1134E+00  0.6821E+02  0.3717E+00  0.6827E+02  0.6827E+02
  0.1140E+00  0.6750E+02  0.3565E+00  0.6765E+02  0.6765E+02
  0.1146E+00  0.6695E+02  0.3548E+00  0.6704E+02  0.6704E+02
  0.1152E+00  0.6650E+02  0.3639E+00  0.6644E+02  0.6644E+02
  0.1158E+00  0.6601E+02  0.3649E+00  0.6585E+02  0.6585E+02
  0.1165E+00  0.6544E+02  0.3512E+00  0.6527E+02  0.6527E+02
  0.1171E+00  0.6490E+02  0.3430E+00  0.6471E+02  0.6471E+02
  0.1177E+00  0.6453E+02  0.3650E+00  0.6415E+02  0.6415E+02
  0.1183E+00  0.6375E+02  0.3962E+00  0.6360E+02  0.6360E+02
  0.1189E+00  0.6367E+02  0.4834E+00  0.6306E+02  0.6306E+02
  0.1195E+00  0.6274E+02  0.4731E+00  0.6254E+02  0.6254E+02
  0.1201E+00  0.6219E+02  0.6775E+00  0.6202E+02  0.6202E+02
  0.1207E+00  0.6165E+02  0.4797E+00  0.6150E+02  0.6150E+02
  0.1213E+00  0.6067E+02  0.3640E+00  0.6100E+02  0.6100E+02
  0.1219E+00  0.6020E+02  0.3835E+00  0.6050E+02  0.6050E+02
  0.1225E+00  0.6003E+02  0.4210E+00  0.6002E+02  0.6002E+02
  0.1231E+00  0.5965E+02  0.4473E+00  0.5954E+02  0.5954E+02
  0.1238E+00  0.5913E+02  0.4365E+00  0.5906E+02  0.5906E+02
  0.1244E+00  0.5847E+02  0.3768E+00  0.5860E+02  0.5860E+02
  0.1250E+00  0.5785E+02  0.4050E+00  0.5814E+02  0.5814E+02
  0.1256E+00  0.5768E+02  0.3875E+00  0.5768E+02  0.5768E+02
  0.1262E+00  0.5702E+02  0.6056E+00  0.5723E+02  0.5723E+02
  0.1268E+00  0.5681E+02  0.3742E+00  0.5679E+02  0.5679E+02
  0.1274E+00  0.5632E+02  0.2915E+00  0.5636E+02  0.5636E+02
  0.1280E+00  0.5577E+02  0.3199E+00  0.5592E+02  0.5592E+02
  0.1286E+00  0.5536E+02  0.3045E+00  0.5550E+02  0.5550E+02
  0.1292E+00  0.5489E+02  0.3286E+00  0.5508E+02  0.5508E+02
  0.1298E+00  0.5452E+02  0.3218E+00  0.5466E+02  0.5466E+02
  0.1304E+00  0.5424E+02  0.3017E+00  0.5425E+02  0.5425E+02
  0.1310E+00  0.5390E+02  0.3071E+00  0.5384E+02  0.5384E+02
  0.1317E+00  0.5356E+02  0.3098E+00  0.5344E+02  0.5344E+02
  0.1323E+00  0.5342E+02  0.2953E+00  0.5304E+02  0.5304E+02
  0.1329E+00  0.5285E+02  0.3437E+00  0.5264E+02  0.5264E+02
  0.1335E+00  0.5287E+02  0.5872E+00  0.5225E+02  0.5225E+02
  0.1341E+00  0.5240E+02  0.7004E+00  0.5186E+02  0.5186E+02
  0.1347E+00  0.5192E+02  0.5942E+00  0.5147E+02  0.5147E+02
  0.1353E+00  0.5134E+02  0.3643E+00  0.5109E+02  0.5109E+02
  0.1359E+00  0.5099E+02  0.3401E+00  0.5071E+02  0.5071E+02
  0.1365E+00  0.5030E+02  0.5175E+00  0.5033E+02  0.5033E+02
  0.1371E+00  0.4981E+02  0.3321E+00  0.4996E+02  0.4996E+02
  0.1377E+00  0.4929E+02  0.2716E+00  0.4959E+02  0.4959E+02
  0.1383E+00  0.4915E+02  0.2710E+00  0.4922E+02  0.4922E+02
  0.1390E+00  0.4879E+02  0.2742E+00  0.4885E+02  0.4885E+02
  0.1396E+00  0.4855E+02  0.2992E+00  0.4849E+02  0.4849E+02
  0.1402E+00  0.4833E+02  0.2874E+00  0.4813E+02  0.4813E+02
  0.1408E+00  0.4796E+02  0.2752E+00  0.4777E+02  0.4777E+02
  0.1414E+00  0.4739E+02  0.2740E+00  0.4741E+02  0.4741E+02
  0.1420E+00  0.4676E+02  0.2796E+00  0.4706E+02  0.4706E+02
  0.1426E+00  0.4655E+02  0.2715E+00  0.4671E+02  0.4671E+02
  0.1432E+00  0.4665E+02  0.2532E+00  0.4636E+02  0.4636E+02
  0.1438E+00  0.4618E+02  0.2463E+00  0.4601E+02  0.4601E+02
  0.1444E+00  0.4576E+02  0.2740E+00  0.4567E+02  0.4567E+02
  0.1450E+00  0.4510E+02  0.2550E+00  0.4532E+02  0.4532E+02
  0.1456E+00  0.4481E+02  0.2460E+00  0.4498E+02  0.4498E+02
  0.1463E+00  0.4450E+02  0.2681E+00  0.4465E+02  0.4465E+02
  0.1469E+00  0.4413E+02  0.2612E+00  0.4431E+02  0.4431E+02
  0.1475E+00  0.4406E+02  0.3301E+00  0.4398E+02  0.4398E+02
  0.1481E+00  0.4357E+02  0.4420E+00  0.4365E+02  0.4365E+02
  0.1487E+00  0.4328E+02  0.3422E+00  0.4332E+02  0.4332E+02
  0.1493E+00  0.4297E+02  0.3770E+00  0.4300E+02  0.4300E+02
  0.1499E+00  0.4262E+02  0.3218E+00  0.4267E+02  0.4267E+02
  0.1505E+00  0.4223E+02  0.2495E+00  0.4235E+02  0.4235E+02
  0.1511E+00  0.4182E+02  0.2542E+00  0.4204E+02  0.4204E+02
  0.1517E+00  0.4154E+02  0.2486E+00  0.4172E+02  0.4172E+02
  0.1523E+00  0.4160E+02  0.2385E+00  0.4141E+02  0.4141E+02
  0.1529E+00  0.4134E+02  0.2381E+00  0.4109E+02  0.4109E+02
  0.1535E+00  0.4108E+02  0.2443E+00  0.4078E+02  0.4078E+02
  0.1542E+00  0.4072E+02  0.2365E+00  0.4048E+02  0.4048E+02
  0.1548E+00  0.4088E+02  0.2513E+00  0.4017E+02  0.4017E+02
  0.1554E+00  0.4014E+02  0.2467E+00  0.3987E+02  0.3987E+02
  0.1560E+00  0.4001E+02  0.3122E+00  0.3957E+02  0.3957E+02
  0.1566E+00  0.3955E+02  0.5170E+00  0.3927E+02  0.3927E+02
  0.1572E+00  0.3910E+02  0.5509E+00  0.3897E+02  0.3897E+02
  0.1578E+00  0.3878E+02  0.9100E+00  0.3867E+02  0.3867E+02
  0.1584E+00  0.3836E+02  0.4376E+00  0.3838E+02  0.3838E+02
  0.1590E+00  0.3815E+02  0.2371E+00  0.3809E+02  0.3809E+02
  0.1596E+00  0.3818E+02  0.2247E+00  0.3780E+02  0.3780E+02
  0.1602E+00  0.3781E+02  0.2263E+00  0.3751E+02  0.3751E+02
  0.1608E+00  0.3782E+02  0.2272E+00  0.3722E+02  0.3722E+02
  0.1615E+00  0.3737E+02  0.2306E+00  0.3694E+02  0.3694E+02
  0.1621E+00  0.3690E+02  0.2219E+00  0.3665E+02  0.3665E+02
  0.1627E+00  0.3635E+02  0.2341E+00  0.3637E+02  0.3637E+02
  0.1633E+00  0.3604E+02  0.2260E+00  0.3609E+02  0.3609E+02
  0.1639E+00  0.3566E+02  0.2367E+00  0.3581E+02  0.3581E+02
  0.1645E+00  0.3523E+02  0.2229E+00  0.3553E+02  0.3553E+02
  0.1651E+00  0.3476E+02  0.2152E+00  0.3525E+02  0.3525E+02
  0.1657E+00  0.3474E+02  0.2231E+00  0.3497E+02  0.3497E+02
  0.1663E+00  0.3456E+02  0.2188E+00  0.3470E+02  0.3470E+02
  0.1669E+00  0.3442E+02  0.2175E+00  0.3442E+02  0.3442E+02
  0.1675E+00  0.3435E+02  0.2330E+00  0.3415E+02  0.3415E+02
  0.1681E+00  0.3395E+02  0.3316E+00  0.3388E+02  0.3388E+02
  0.1688E+00  0.3367E+02  0.3758E+00  0.3361E+02  0.3361E+02
  0.1694E+00  0.3336E+02  0.6454E+00  0.3334E+02  0.3334E+02
  0.1700E+00  0.3301E+02  0.4177E+00  0.3307E+02  0.3307E+02
  0.1706E+00  0.3274E+02  0.2600E+00  0.3280E+02  0.3280E+02
  0.1712E+00  0.3249E+02  0.2262E+00  0.3254E+02  0.3254E+02
  0.1718E+00  0.3223E+02  0.2316E+00  0.3227E+02  0.3227E+02
  0.1724E+00  0.3199E+02  0.2072E+00  0.3201E+02  0.3201E+02
  0.1730E+00  0.3172E+02  0.2097E+00  0.3175E+02  0.3175E+02
  0.1736E+00  0.3141E+02  0.2146E+00  0.3149E+02  0.3149E+02
  0.1742E+00  0.3098E+02  0.2179E+00  0.3123E+02  0.3123E+02
  0.1748E+00  0.3083E+02  0.2406E+00  0.3097E+02  0.3097E+02
  0.1754E+00  0.3056E+02  0.2231E+00  0.3071E+02  0.3071E+02
  0.1760E+00  0.3039E+02  0.2205E+00  0.3046E+02  0.3046E+02
  0.1767E+00  0.3008E+02  0.2084E+00  0.3020E+02  0.3020E+02
  0.1773E+00  0.3000E+02  0.2225E+00  0.2995E+02  0.2995E+02
  0.1779E+00  0.2982E+02  0.2203E+00  0.2970E+02  0.2970E+02
  0.1785E+00  0.2971E+02  0.2148E+00  0.2945E+02  0.2945E+02
  0.1791E+00  0.2934E+02  0.2139E+00  0.2920E+02  0.2920E+02
  0.1797E+00  0.2911E+02  0.2194E+00  0.2896E+02  0.2896E+02
  0.1803E+00  0.2886E+02  0.2004E+00  0.2872E+02  0.2872E+02
  0.1809E+00  0.2849E+02  0.2010E+00  0.2848E+02  0.2848E+02
  0.1815E+00  0.2841E+02  0.1933E+00  0.2824E+02  0.2824E+02
  0.1821E+00  0.2834E+02  0.1878E+00  0.2800E+02  0.2800E+02
  0.1827E+00  0.2791E+02  0.1852E+00  0.2776E+02  0.2776E+02
  0.1833E+00  0.2762E+02  0.1916E+00  0.2753E+02  0.2753E+02
  0.1840E+00  0.2737E+02  0.2004E+00  0.2730E+02  0.2730E+02
  0.1846E+00  0.2714E+02  0.1971E+00  0.2707E+02  0.2707E+02
  0.1852E+00  0.2688E+02  0.1893E+00  0.2685E+02  0.2685E+02
  0.1858E+00  0.2663E+02  0.1963E+00  0.2663E+02  0.2663E+02
  0.1864E+00  0.2625E+02  0.1908E+00  0.2641E+02  0.2641E+02
  0.1870E+00  0.2613E+02  0.1836E+00  0.2619E+02  0.2619E+02
  0.1876E+00  0.2606E+02  0.2018E+00  0.2597E+02  0.2597E+02
  0.1882E+00  0.2575E+02  0.1913E+00  0.2576E+02  0.2576E+02
  0.1888E+00  0.2567E+02  0.1976E+00  0.2555E+02  0.2555E+02
  0.1894E+00  0.2539E+02  0.1973E+00  0.2534E+02  0.2534E+02
  0.1900E+00  0.2513E+02  0.1977E+00  0.2513E+02  0.2513E+02
  0.1906E+00  0.2505E+02  0.1931E+00  0.2493E+02  0.2493E+02
  0.1912E+00  0.2467E+02  0.1911E+00  0.2473E+02  0.2473E+02
  0.1919E+00  0.2458E+02  0.1854E+00  0.2453E+02  0.2453E+02
  0.1925E+00  0.2442E+02  0.1833E+00  0.2434E+02  0.2434E+02
  0.1931E+00  0.2386E+02  0.1900E+00  0.2414E+02  0.2414E+02
  0.1937E+00  0.2389E+02  0.1893E+00  0.2395E+02  0.2395E+02
  0.1943E+00  0.2376E+02  0.1813E+00  0.2376E+02  0.2376E+02
  0.1949E+00  0.2345E+02  0.1981E+00  0.2358E+02  0.2358E+02
  0.1955E+00  0.2342E+02  0.1900E+00  0.2339E+02  0.2339E+02
  0.1961E+00  0.2340E+02  0.1828E+00  0.2321E+02  0.2321E+02
  0.1967E+00  0.2290E+02  0.1857E+00  0.2303E+02  0.2303E+02
  0.1973E+00  0.2278E+02  0.1802E+00  0.2286E+02  0.2286E+02
  0.1979E+00  0.2253E+02  0.1915E+00  0.2268E+02  0.2268E+02
  0.1985E+00  0.2233E+02  0.1922E+00  0.2251E+02  0.2251E+02
  0.1992E+00  0.2251E+02  0.1852E+00  0.2234E+02  0.2234E+02
  0.1998E+00  0.2218E+02  0.1796E+00  0.2217E+02  0.2217E+02
  0.2004E+00  0.2219E+02  0.1803E+00  0.2200E+02  0.2200E+02
  0.2010E+00  0.2183E+02  0.1777E+00  0.2184E+02  0.2184E+02
  0.2016E+00  0.2149E+02  0.1814E+00  0.2167E+02  0.2167E+02
  0.2022E+00  0.2131E+02  0.1706E+00  0.2151E+02  0.2151E+02
  0.2028E+00  0.2122E+02  0.1678E+00  0.2135E+02  0.2135E+02
  0.2034E+00  0.2102E+02  0.1685E+00  0.2119E+02  0.2119E+02
  0.2040E+00  0.2108E+02  0.1791E+00  0.2103E+02  0.2103E+02
  0.2046E+00  0.2103E+02  0.1844E+00  0.2088E+02  0.2088E+02
  0.2052E+00  0.2094E+02  0.2429E+00  0.2072E+02  0.2072E+02
  0.2058E+00  0.2077E+02  0.1950E+00  0.2057E+02  0.2057E+02
  0.2065E+00  0.2036E+02  0.1836E+00  0.2042E+02  0.2042E+02
  0.2071E+00  0.2009E+02  0.1836E+00  0.2027E+02  0.2027E+02
  0.2077E+00  0.2006E+02  0.1718E+00  0.2012E+02  0.2012E+02
  0.2083E+00  0.1995E+02  0.1763E+00  0.1997E+02  0.1997E+02
  0.2089E+00  0.1978E+02  0.1905E+00  0.1982E+02  0.1982E+02
  0.2095E+00  0.1983E+02  0.1875E+00  0.1968E+02  0.1968E+02
  0.2101E+00  0.1939E+02  0.1706E+00  0.1954E+02  0.1954E+02
  0.2107E+00  0.1912E+02  0.1623E+00  0.1939E+02  0.1939E+02
  0.2113E+00  0.1896E+02  0.1652E+00  0.1925E+02  0.1925E+02
  0.2119E+00  0.1900E+02  0.1729E+00  0.1911E+02  0.1911E+02
  0.2125E+00  0.1903E+02  0.1713E+00  0.1897E+02  0.1897E+02
  0.2131E+00  0.1907E+02  0.1693E+00  0.1883E+02  0.1883E+02
  0.2137E+00  0.1875E+02  0.1693E+00  0.1869E+02  0.1869E+02
  0.2144E+00  0.1844E+02  0.1644E+00  0.1856E+02  0.1856E+02
  0.2150E+00  0.1841E+02  0.1593E+00  0.1842E+02  0.1842E+02
  0.2156E+00  0.1852E+02  0.1630E+00  0.1829E+02  0.1829E+02
  0.2162E+00  0.1834E+02  0.1737E+00  0.1815E+02  0.1815E+02
  0.2168E+00  0.1811E+02  0.1665E+00  0.1802E+02  0.1802E+02
  0.2174E+00  0.1809E+02  0.1653E+00  0.1789E+02  0.1789E+02
  0.2180E+00  0.1771E+02  0.1622E+00  0.1776E+02  0.1776E+02
  0.2186E+00  0.1773E+02  0.1610E+00  0.1763E+02  0.1763E+02
  0.2192E+00  0.1769E+02  0.1709E+00  0.1750E+02  0.1750E+02
  0.2198E+00  0.1743E+02  0.1623E+00  0.1737E+02  0.1737E+02
  0.2204E+00  0.1739E+02  0.1591E+00  0.1725E+02  0.1725E+02
  0.2210E+00  0.1707E+02  0.1628E+00  0.1712E+02  0.1712E+02
  0.2217E+00  0.1700E+02  0.1538E+00  0.1700E+02  0.1700E+02
  0.2223E+00  0.1665E+02  0.1580E+00  0.1688E+02  0.1688E+02
  0.2229E+00  0.1654E+02  0.1679E+00  0.1676E+02  0.1676E+02
  0.2235E+00  0.1659E+02  0.1759E+00  0.1664E+02  0.1664E+02
  0.2241E+00  0.1651E+02  0.1609E+00  0.1652E+02  0.1652E+02
  0.2247E+00  0.1650E+02  0.1627E+00  0.1640E+02  0.1640E+02
  0.2253E+00  0.1664E+02  0.1645E+00  0.1629E+02  0.1629E+02
  0.2259E+00  0.1625E+02  0.1646E+00  0.1617E+02  0.1617E+02
  0.2265E+00  0.1626E+02  0.1867E+00  0.1606E+02  0.1606E+02
  0.2271E+00  0.1609E+02  0.2975E+00  0.1595E+02  0.1595E+02
  0.2277E+00  0.1575E+02  0.2579E+00  0.1584E+02  0.1584E+02
  0.2283E+00  0.1558E+02  0.4563E+00  0.1573E+02  0.1573E+02
  0.2289E+00  0.1561E+02  0.2427E+00  0.1562E+02  0.1562E+02
  0.2296E+00  0.1545E+02  0.1543E+00  0.1551E+02  0.1551E+02
  0.2302E+00  0.1529E+02  0.1549E+00  0.1541E+02  0.1541E+02
  0.2308E+00  0.1538E+02  0.1528E+00  0.1530E+02  0.1530E+02
  0.2314E+00  0.1503E+02  0.1561E+00  0.1520E+02  0.1520E+02
  0.2320E+00  0.1503E+02  0.1599E+00  0.1510E+02  0.1510E+02
  0.2326E+00  0.1483E+02  0.1555E+00  0.1500E+02  0.1500E+02
  0.2332E+00  0.1483E+02  0.1535E+00  0.1490E+02  0.1490E+02
  0.2338E+00  0.1468E+02  0.1565E+00  0.1480E+02  0.1480E+02
  0.2344E+00  0.1448E+02  0.1535E+00  0.1470E+02  0.1470E+02
  0.2350E+00  0.1457E+02  0.1541E+00  0.1460E+02  0.1460E+02
  0.2356E+00  0.1435E+02  0.1487E+00  0.1451E+02  0.1451E+02
  0.2362E+00  0.1429E+02  0.1555E+00  0.1442E+02  0.1442E+02
  0.2369E+00  0.1436E+02  0.1577E+00  0.1432E+02  0.1432E+02
  0.2375E+00  0.1430E+02  0.1857E+00  0.1423E+02  0.1423E+02
  0.2381E+00  0.1402E+02  0.1565E+00  0.1414E+02  0.1414E+02
  0.2387E+00  0.1391E+02  0.1533E+00  0.1405E+02  0.1405E+02
  0.2393E+00  0.1381E+02  0.1640E+00  0.1396E+02  0.1396E+02
  0.2399E+00  0.1373E+02  0.1629E+00  0.1388E+02  0.1388E+02
  0.2405E+00  0.1388E+02  0.1640E+00  0.1379E+02  0.1379E+02
  0.2411E+00  0.1374E+02  0.1633E+00  0.1370E+02  0.1370E+02
  0.2417E+00  0.1365E+02  0.1771E+00  0.1362E+02  0.1362E+02
  0.2423E+00  0.1361E+02  0.1637E+00  0.1354E+02  0.1354E+02
  0.2429E+00  0.1338E+02  0.2047E+00  0.1345E+02  0.1345E+02
  0.2435E+00  0.1351E+02  0.2504E+00  0.1337E+02  0.1337E+02
  0.2441E+00  0.1338E+02  0.1687E+00  0.1329E+02  0.1329E+02
  0.2448E+00  0.1339E+02  0.1520E+00  0.1321E+02  0.1321E+02
  0.2454E+00  0.1339E+02  0.1478E+00  0.1313E+02  0.1313E+02
  0.2460E+00  0.1316E+02  0.1451E+00  0.1305E+02  0.1305E+02
  0.2466E+00  0.1315E+02  0.1402E+00  0.1297E+02  0.1297E+02
  0.2472E+00  0.1304E+02  0.1488E+00  0.1289E+02  0.1289E+02
  0.2478E+00  0.1279E+02  0.1513E+00  0.1282E+02  0.1282E+02
  0.2484E+00  0.1256E+02  0.1756E+00  0.1274E+02  0.1274E+02
  0.2490E+00  0.1245E+02  0.1792E+00  0.1266E+02  0.1266E+02
  0.2496E+00  0.1248E+02  0.1647E+00  0.1259E+02  0.1259E+02
  0.2502E+00  0.1214E+02  0.1416E+00  0.1251E+02  0.1251E+02
  0.2508E+00  0.1222E+02  0.1452E+00  0.1244E+02  0.1244E+02
  0.2514E+00  0.1224E+02  0.1477E+00  0.1237E+02  0.1237E+02
  0.2521E+00  0.1230E+02  0.1427E+00  0.1230E+02  0.1230E+02
  0.2527E+00  0.1238E+02  0.1365E+00  0.1222E+02  0.1222E+02
  0.2533E+00  0.1238E+02  0.1394E+00  0.1215E+02  0.1215E+02
  0.2539E+00  0.1228E+02  0.1415E+00  0.1208E+02  0.1208E+02
  0.2545E+00  0.1215E+02  0.1453E+00  0.1201E+02  0.1201E+02
  0.2551E+00  0.1199E+02  0.1419E+00  0.1195E+02  0.1195E+02
  0.2557E+00  0.1161E+02  0.1404E+00  0.1188E+02  0.1188E+02
  0.2563E+00  0.1168E+02  0.1459E+00  0.1181E+02  0.1181E+02
  0.2569E+00  0.1151E+02  0.1499E+00  0.1174E+02  0.1174E+02
  0.2575E+00  0.1156E+02  0.1856E+00  0.1167E+02  0.1167E+02
  0.2581E+00  0.1158E+02  0.1733E+00  0.1161E+02  0.1161E+02
  0.2587E+00  0.1163E+02  0.2153E+00  0.1154E+02  0.1154E+02
  0.2593E+00  0.1160E+02  0.1513E+00  0.1148E+02  0.1148E+02
  0.2600E+00  0.1157E+02  0.1379E+00  0.1141E+02  0.1141E+02
  0.2606E+00  0.1153E+02  0.1376E+00  0.1135E+02  0.1135E+02
  0.2612E+00  0.1138E+02  0.1373E+00  0.1129E+02  0.1129E+02
  0.2618E+00  0.1126E+02  0.1393E+00  0.1122E+02  0.1122E+02
  0.2624E+00  0.1111E+02  0.1365E+00  0.1116E+02  0.1116E+02
  0.2630E+00  0.1110E+02  0.1417E+00  0.1110E+02  0.1110E+02
  0.2636E+00  0.1093E+02  0.1396E+00  0.1104E+02  0.1104E+02
  0.2642E+00  0.1070E+02  0.1374E+00  0.1098E+02  0.1098E+02
  0.2648E+00  0.1088E+02  0.1351E+00  0.1092E+02  0.1092E+02
  0.2654E+00  0.1086E+02  0.1366E+00  0.1086E+02  0.1086E+02
  0.2660E+00  0.1085E+02  0.1366E+00  0.1080E+02  0.1080E+02
  0.2666E+00  0.1075E+02  0.1336E+00  0.1074E+02  0.1074E+02
  0.2673E+00  0.1067E+02  0.1381E+00  0.1069E+02  0.1069E+02
  0.2679E+00  0.1069E+02  0.1410E+00  0.1063E+02  0.1063E+02
  0.2685E+00  0.1051E+02  0.1531E+00  0.1057E+02  0.1057E+02
  0.2691E+00  0.1072E+02  0.1506E+00  0.1052E+02  0.1052E+02
  0.2697E+00  0.1049E+02  0.1612E+00  0.1046E+02  0.1046E+02
  0.2703E+00  0.1030E+02  0.2012E+00  0.1041E+02  0.1041E+02
  0.2709E+00  0.1024E+02  0.1486E+00  0.1036E+02  0.1036E+02
  0.2715E+00  0.1004E+02  0.1396E+00  0.1030E+02  0.1030E+02
  0.2721E+00  0.9964E+01  0.1545E+00  0.1025E+02  0.1025E+02
  0.2727E+00  0.1013E+02  0.2174E+00  0.1020E+02  0.1020E+02
  0.2733E+00  0.1009E+02  0.1632E+00  0.1015E+02  0.1015E+02
  0.2739E+00  0.1003E+02  0.2072E+00  0.1009E+02  0.1009E+02
  0.2745E+00  0.9989E+01  0.1651E+00  0.1004E+02  0.1004E+02
  0.2752E+00  0.9885E+01  0.1352E+00  0.9994E+01  0.9994E+01
  0.2758E+00  0.9930E+01  0.1398E+00  0.9945E+01  0.9945E+01
  0.2764E+00  0.1003E+02  0.1396E+00  0.9896E+01  0.9896E+01
  0.2770E+00  0.9941E+01  0.1315E+00  0.9847E+01  0.9847E+01
  0.2776E+00  0.9816E+01  0.1343E+00  0.9800E+01  0.9800E+01
  0.2782E+00  0.9840E+01  0.1386E+00  0.9752E+01  0.9752E+01
  0.2788E+00  0.9490E+01  0.1373E+00  0.9707E+01  0.9707E+01
  0.2794E+00  0.9612E+01  0.1358E+00  0.9659E+01  0.9659E+01
  0.2800E+00  0.9633E+01  0.1826E+00  0.9614E+01  0.9614E+01
  0.2806E+00  0.9771E+01  0.3098E+00  0.9570E+01  0.9570E+01
  0.2812E+00  0.9690E+01  0.1815E+00  0.9524E+01  0.9524E+01
  0.2818E+00  0.9726E+01  0.1874E+00  0.9480E+01  0.9480E+01
  0.2825E+00  0.9398E+01  0.1822E+00  0.9437E+01  0.9437E+01
  0.2831E+00  0.9322E+01  0.1416E+00  0.9394E+01  0.9394E+01
  0.2837E+00  0.9307E+01  0.1644E+00  0.9352E+01  0.9352E+01
  0.2843E+00  0.9369E+01  0.1460E+00  0.9310E+01  0.9310E+01
  0.2849E+00  0.9357E+01  0.1381E+00  0.9269E+01  0.9269E+01
  0.2855E+00  0.9092E+01  0.1398E+00  0.9229E+01  0.9229E+01
  0.2861E+00  0.9105E+01  0.1311E+00  0.9189E+01  0.9189E+01
  0.2867E+00  0.9048E+01  0.1296E+00  0.9149E+01  0.9149E+01
  0.2873E+00  0.9138E+01  0.1263E+00  0.9111E+01  0.9111E+01
  0.2879E+00  0.9138E+01  0.1269E+00  0.9073E+01  0.9073E+01
  0.2885E+00  0.9230E+01  0.1447E+00  0.9035E+01  0.9035E+01
  0.2891E+00  0.9017E+01  0.1385E+00  0.8998E+01  0.8998E+01
  0.2897E+00  0.8796E+01  0.1243E+00  0.8962E+01  0.8962E+01
  0.2904E+00  0.8817E+01  0.1294E+00  0.8926E+01  0.8926E+01
  0.2910E+00  0.8770E+01  0.1279E+00  0.8890E+01  0.8890E+01
  0.2916E+00  0.8745E+01  0.1390E+00  0.8856E+01  0.8856E+01
  0.2922E+00  0.8796E+01  0.1248E+00  0.8821E+01  0.8821E+01
  0.2928E+00  0.8799E+01  0.1256E+00  0.8788E+01  0.8788E+01
  0.2934E+00  0.8580E+01  0.1234E+00  0.8756E+01  0.8756E+01
  0.2940E+00  0.8570E+01  0.1532E+00  0.8722E+01  0.8722E+01
  0.2946E+00  0.8486E+01  0.1259E+00  0.8690E+01  0.8690E+01
  0.2952E+00  0.8627E+01  0.1188E+00  0.8658E+01  0.8658E+01
  0.2958E+00  0.8520E+01  0.1232E+00  0.8627E+01  0.8627E+01
  0.2964E+00  0.8524E+01  0.1185E+00  0.8597E+01  0.8597E+01
  0.2970E+00  0.8658E+01  0.1274E+00  0.8566E+01  0.8566E+01
  0.2976E+00  0.8475E+01  0.1587E+00  0.8537E+01  0.8537E+01
  0.2983E+00  0.8525E+01  0.1289E+00  0.8507E+01  0.8507E+01
  0.2989E+00  0.8540E+01  0.1271E+00  0.8478E+01  0.8478E+01
  0.2995E+00  0.8560E+01  0.1362E+00  0.8449E+01  0.8449E+01
  0.3001E+00  0.8419E+01  0.1524E+00  0.8421E+01  0.8421E+01
  0.3007E+00  0.8368E+01  0.1289E+00  0.8393E+01  0.8393E+01
  0.3013E+00  0.8468E+01  0.1129E+00  0.8365E+01  0.8365E+01
  0.3019E+00  0.8365E+01  0.1117E+00  0.8338E+01  0.8338E+01
  0.3025E+00  0.8362E+01  0.1147E+00  0.8310E+01  0.8310E+01
  0.3031E+00  0.8302E+01  0.1189E+00  0.8283E+01  0.8283E+01
  0.3037E+00  0.8493E+01  0.1137E+00  0.8256E+01  0.8256E+01
  0.3043E+00  0.8212E+01  0.1174E+00  0.8230E+01  0.8230E+01
  0.3049E+00  0.8199E+01  0.1160E+00  0.8203E+01  0.8203E+01
  0.3056E+00  0.8129E+01  0.1164E+00  0.8177E+01  0.8177E+01
  0.3062E+00  0.8067E+01  0.1288E+00  0.8151E+01  0.8151E+01
  0.3068E+00  0.8045E+01  0.1171E+00  0.8124E+01  0.8124E+01
  0.3074E+00  0.7892E+01  0.1177E+00  0.8098E+01  0.8098E+01
  0.3080E+00  0.7935E+01  0.1268E+00  0.8072E+01  0.8072E+01
  0.3086E+00  0.7920E+01  0.1146E+00  0.8046E+01  0.8046E+01
  0.3092E+00  0.7942E+01  0.1236E+00  0.8020E+01  0.8020E+01
  0.3098E+00  0.8086E+01  0.1391E+00  0.7993E+01  0.7993E+01
  0.3104E+00  0.8026E+01  0.1206E+00  0.7967E+01  0.7967E+01
  0.3110E+00  0.8041E+01  0.1217E+00  0.7941E+01  0.7941E+01
  0.3116E+00  0.8124E+01  0.1492E+00  0.7914E+01  0.7914E+01
  0.3122E+00  0.8027E+01  0.1264E+00  0.7888E+01  0.7888E+01
  0.3128E+00  0.8060E+01  0.1388E+00  0.7861E+01  0.7861E+01
  0.3135E+00  0.7891E+01  0.1177E+00  0.7834E+01  0.7834E+01
  0.3141E+00  0.7856E+01  0.1177E+00  0.7807E+01  0.7807E+01
  0.3147E+00  0.7821E+01  0.1320E+00  0.7780E+01  0.7780E+01
  0.3153E+00  0.7991E+01  0.1139E+00  0.7753E+01  0.7753E+01
  0.3159E+00  0.7794E+01  0.1093E+00  0.7726E+01  0.7726E+01
  0.3165E+00  0.7692E+01  0.1300E+00  0.7698E+01  0.7698E+01
  0.3171E+00  0.7613E+01  0.1485E+00  0.7671E+01  0.7671E+01
  0.3177E+00  0.7677E+01  0.1700E+00  0.7643E+01  0.7643E+01

           Distance distribution  function of particle  


       R          P(R)      ERROR

  0.0000E+00  0.0000E+00  0.0000E+00
  0.1720E+01  0.1078E+00  0.2536E-03
  0.3440E+01  0.2142E+00  0.2870E-03
  0.5160E+01  0.3184E+00  0.1864E-03
  0.6880E+01  0.4188E+00  0.1996E-03
  0.8600E+01  0.5136E+00  0.3817E-03
  0.1032E+02  0.6009E+00  0.5325E-03
  0.1204E+02  0.6787E+00  0.6093E-03
  0.1376E+02  0.7456E+00  0.6485E-03
  0.1548E+02  0.8007E+00  0.7290E-03
  0.1720E+02  0.8439E+00  0.8874E-03
  0.1892E+02  0.8759E+00  0.1083E-02
  0.2064E+02  0.8984E+00  0.1263E-02
  0.2236E+02  0.9136E+00  0.1407E-02
  0.2408E+02  0.9241E+00  0.1530E-02
  0.2580E+02  0.9327E+00  0.1657E-02
  0.2752E+02  0.9417E+00  0.1796E-02
  0.2924E+02  0.9529E+00  0.1935E-02
  0.3096E+02  0.9671E+00  0.2054E-02
  0.3268E+02  0.9842E+00  0.2150E-02
  0.3440E+02  0.1003E+01  0.2239E-02
  0.3612E+02  0.1023E+01  0.2338E-02
  0.3784E+02  0.1042E+01  0.2449E-02
  0.3956E+02  0.1057E+01  0.2560E-02
  0.4128E+02  0.1067E+01  0.2659E-02
  0.4300E+02  0.1072E+01  0.2749E-02
  0.4472E+02  0.1071E+01  0.2847E-02
  0.4644E+02  0.1064E+01  0.2964E-02
  0.4816E+02  0.1052E+01  0.3095E-02
  0.4988E+02  0.1036E+01  0.3223E-02
  0.5160E+02  0.1018E+01  0.3328E-02
  0.5332E+02  0.9971E+00  0.3408E-02
  0.5504E+02  0.9749E+00  0.3474E-02
  0.5676E+02  0.9515E+00  0.3541E-02
  0.5848E+02  0.9268E+00  0.3618E-02
  0.6020E+02  0.9008E+00  0.3705E-02
  0.6192E+02  0.8734E+00  0.3805E-02
  0.6364E+02  0.8449E+00  0.3927E-02
  0.6536E+02  0.8156E+00  0.4081E-02
  0.6708E+02  0.7862E+00  0.4265E-02
  0.6880E+02  0.7575E+00  0.4466E-02
  0.7052E+02  0.7302E+00  0.4663E-02
  0.7224E+02  0.7049E+00  0.4846E-02
  0.7396E+02  0.6818E+00  0.5018E-02
  0.7568E+02  0.6609E+00  0.5186E-02
  0.7740E+02  0.6417E+00  0.5355E-02
  0.7912E+02  0.6236E+00  0.5515E-02
  0.8084E+02  0.6058E+00  0.5650E-02
  0.8256E+02  0.5877E+00  0.5751E-02
  0.8428E+02  0.5688E+00  0.5819E-02
  0.8600E+02  0.5490E+00  0.5868E-02
  0.8772E+02  0.5285E+00  0.5911E-02
  0.8944E+02  0.5076E+00  0.5955E-02
  0.9116E+02  0.4869E+00  0.5998E-02
  0.9288E+02  0.4668E+00  0.6039E-02
  0.9460E+02  0.4477E+00  0.6085E-02
  0.9632E+02  0.4296E+00  0.6144E-02
  0.9804E+02  0.4123E+00  0.6222E-02
  0.9976E+02  0.3957E+00  0.6319E-02
  0.1015E+03  0.3793E+00  0.6425E-02
  0.1032E+03  0.3629E+00  0.6532E-02
  0.1049E+03  0.3462E+00  0.6637E-02
  0.1066E+03  0.3294E+00  0.6739E-02
  0.1084E+03  0.3128E+00  0.6836E-02
  0.1101E+03  0.2966E+00  0.6917E-02
  0.1118E+03  0.2814E+00  0.6969E-02
  0.1135E+03  0.2675E+00  0.6980E-02
  0.1152E+03  0.2550E+00  0.6945E-02
  0.1170E+03  0.2437E+00  0.6870E-02
  0.1187E+03  0.2335E+00  0.6765E-02
  0.1204E+03  0.2238E+00  0.6646E-02
  0.1221E+03  0.2141E+00  0.6530E-02
  0.1238E+03  0.2040E+00  0.6431E-02
  0.1256E+03  0.1932E+00  0.6354E-02
  0.1273E+03  0.1818E+00  0.6293E-02
  0.1290E+03  0.1698E+00  0.6231E-02
  0.1307E+03  0.1576E+00  0.6153E-02
  0.1324E+03  0.1458E+00  0.6056E-02
  0.1342E+03  0.1347E+00  0.5954E-02
  0.1359E+03  0.1246E+00  0.5873E-02
  0.1376E+03  0.1157E+00  0.5838E-02
  0.1393E+03  0.1079E+00  0.5852E-02
  0.1410E+03  0.1010E+00  0.5896E-02
  0.1428E+03  0.9461E-01  0.5937E-02
  0.1445E+03  0.8849E-01  0.5947E-02
  0.1462E+03  0.8233E-01  0.5907E-02
  0.1479E+03  0.7600E-01  0.5810E-02
  0.1496E+03  0.6947E-01  0.5656E-02
  0.1514E+03  0.6286E-01  0.5450E-02
  0.1531E+03  0.5635E-01  0.5201E-02
  0.1548E+03  0.5011E-01  0.4921E-02
  0.1565E+03  0.4429E-01  0.4632E-02
  0.1582E+03  0.3894E-01  0.4355E-02
  0.1600E+03  0.3403E-01  0.4106E-02
  0.1617E+03  0.2943E-01  0.3878E-02
  0.1634E+03  0.2499E-01  0.3637E-02
  0.1651E+03  0.2054E-01  0.3323E-02
  0.1668E+03  0.1592E-01  0.2863E-02
  0.1686E+03  0.1103E-01  0.2185E-02
  0.1703E+03  0.5753E-02  0.1238E-02
  0.1720E+03  0.0000E+00  0.0000E+00
          Reciprocal space: Rg =   46.98     , I(0) =   0.1085E+04
     Real space: Rg =   47.29 +- 0.280  I(0) =   0.1085E+04 +-  0.6393E+01
