
           ####    G N O M   ---   Version 4.5a revised 09/02/02     ####

                                                  Fri Jan 30 02:13:26 2009
           ===    Run No   1   ===
 Run title:   0.118590E-01  0.141110E+05  0.152243E+03


   *******    Input file(s) : 30S_A6.dat
           Condition P(rmin) = 0 is used. 
           Condition P(rmax) = 0 is used. 

          Highest ALPHA is found to be   0.1731E+07

  The measure of inconsistency AN1 equals to    0.6542E+00
     Alpha    Discrp  Oscill  Stabil  Sysdev  Positv  Valcen    Total   
  0.1731E+10113.3934  2.7243  0.9887  0.0000  1.0000  0.6403  0.08360
  0.3462E+09112.9364  2.7220  0.9830  0.0000  1.0000  0.6402  0.08361
  0.6925E+08110.7561  2.7105  0.9561  0.0000  1.0000  0.6402  0.08363
  0.1385E+08101.9761  2.6561  0.8473  0.0000  1.0000  0.6399  0.08374
  0.2770E+07 82.1955  2.4505  0.6072  0.0000  1.0000  0.6386  0.08501
  0.5540E+06 64.4435  2.0769  0.4860  0.0160  1.0000  0.6366  0.10107
  0.1108E+06 47.4247  1.9025  0.4732  0.0160  1.0000  0.6528  0.12529
  0.2216E+05 29.2215  1.7819  0.4011  0.1440  1.0000  0.7142  0.15381
  0.4432E+04 16.5410  1.5414  0.3618  0.3760  1.0000  0.8039  0.24779
  0.8864E+03  7.5429  1.3589  0.2641  0.4600  1.0000  0.8742  0.34873
  0.1773E+03  2.2696  1.2801  0.1061  0.6840  1.0000  0.9031  0.49805
  0.3545E+02  0.6024  1.2548  0.0268  0.7800  1.0000  0.9107  0.71355
  0.7091E+01  0.3417  1.2487  0.0058  0.8320  1.0000  0.9124  0.69860
  0.1418E+01  0.3239  1.2481  0.0019  0.8400  1.0000  0.9127  0.70372
  0.2836E+00  0.3179  1.2585  0.0044  0.8480  1.0000  0.9127  0.70848
  0.5673E-01  0.3110  1.3137  0.0051  0.8560  1.0000  0.9125  0.70345
  0.1135E-01  0.3090  1.3798  0.0032  0.8400  1.0000  0.9124  0.66730
  0.2269E-02  0.3084  1.4816  0.0118  0.8320  1.0000  0.9121  0.62359
  0.4538E-03  0.3073  2.3909  0.0542  0.8320  0.9998  0.9100  0.41436
  0.9076E-04  0.3038  7.5729  0.1749  0.8440  0.9962  0.8921  0.23984
  0.1815E-04  0.2968 19.8439  0.3741  0.8440  0.9706  0.8020  0.00000

          ***  Golden section search to maximize estimate ***
     Alpha    Discrp  Oscill  Stabil  Sysdev  Positv  Valcen    Total   
  0.6556E+02  0.9676  1.2607  0.0469  0.7720  1.0000  0.9090  0.64919
  0.1753E+02  0.4138  1.2510  0.0138  0.8080  1.0000  0.9118  0.69284
  0.4484E+02  0.7138  1.2567  0.0333  0.7640  1.0000  0.9102  0.71134
  0.2709E+02  0.5085  1.2530  0.0209  0.7960  1.0000  0.9112  0.70453
  0.3878E+02  0.6414  1.2555  0.0292  0.7560  1.0000  0.9105  0.71177
  0.3199E+02  0.5627  1.2541  0.0244  0.7800  1.0000  0.9109  0.70847
  0.3669E+02  0.6168  1.2550  0.0277  0.7720  1.0000  0.9106  0.71298
  0.3409E+02  0.5866  1.2545  0.0259  0.7800  1.0000  0.9108  0.71175
  0.3592E+02  0.6079  1.2549  0.0272  0.7720  1.0000  0.9107  0.71218
  0.3493E+02  0.5963  1.2547  0.0265  0.7800  1.0000  0.9108  0.71289
  0.3563E+02  0.6045  1.2548  0.0270  0.7720  1.0000  0.9107  0.71185
  0.3525E+02  0.6001  1.2547  0.0267  0.7800  1.0000  0.9107  0.71330
  0.3552E+02  0.6032  1.2548  0.0269  0.7720  1.0000  0.9107  0.71172
  0.3545E+02  0.6024  1.2548  0.0268  0.7800  1.0000  0.9107  0.71355



             ####            Final results            ####

 Parameter    DISCRP    OSCILL    STABIL    SYSDEV    POSITV    VALCEN
 Weight        1.000     3.000     3.000     3.000     1.000     1.000
 Sigma         0.300     0.600     0.120     0.120     0.120     0.120
 Ideal         0.700     1.100     0.000     1.000     1.000     0.950
 Current       0.602     1.255     0.027     0.780     1.000     0.911
                - - - - - - - - - - - - - - - - - - - - - - - - - 
 Estimate      0.900     0.936     0.951     0.035     1.000     0.898

  Angular   range    :     from    0.0125   to    0.3165
  Real space range   :     from      0.00   to    231.00

  Highest ALPHA (theor) :   0.173E+10                 JOB = 0
  Current ALPHA         :   0.355E+02   Rg :  0.721E+02   I(0) :   0.178E+05

           Total  estimate : 0.714  which is  A REASONABLE  solution

      S          J EXP       ERROR       J REG       I REG

  0.0000E+00                                      0.1781E+05
  0.6234E-03                                      0.1780E+05
  0.1247E-02                                      0.1776E+05
  0.1870E-02                                      0.1770E+05
  0.2493E-02                                      0.1762E+05
  0.3117E-02                                      0.1751E+05
  0.3740E-02                                      0.1738E+05
  0.4363E-02                                      0.1723E+05
  0.4987E-02                                      0.1706E+05
  0.5610E-02                                      0.1687E+05
  0.6234E-02                                      0.1665E+05
  0.6857E-02                                      0.1642E+05
  0.7480E-02                                      0.1616E+05
  0.8104E-02                                      0.1590E+05
  0.8727E-02                                      0.1561E+05
  0.9350E-02                                      0.1531E+05
  0.9974E-02                                      0.1499E+05
  0.1060E-01                                      0.1466E+05
  0.1122E-01                                      0.1432E+05
  0.1184E-01                                      0.1397E+05
  0.1247E-01  0.1378E+05  0.1499E+03  0.1361E+05  0.1361E+05
  0.1308E-01  0.1349E+05  0.1314E+03  0.1326E+05  0.1326E+05
  0.1368E-01  0.1315E+05  0.1454E+03  0.1289E+05  0.1289E+05
  0.1429E-01  0.1264E+05  0.1283E+03  0.1252E+05  0.1252E+05
  0.1490E-01  0.1247E+05  0.1236E+03  0.1215E+05  0.1215E+05
  0.1551E-01  0.1201E+05  0.1153E+03  0.1177E+05  0.1177E+05
  0.1612E-01  0.1176E+05  0.1939E+03  0.1139E+05  0.1139E+05
  0.1672E-01  0.1131E+05  0.1203E+03  0.1101E+05  0.1101E+05
  0.1733E-01  0.1097E+05  0.1458E+03  0.1063E+05  0.1063E+05
  0.1794E-01  0.1050E+05  0.1028E+03  0.1025E+05  0.1025E+05
  0.1855E-01  0.1018E+05  0.1324E+03  0.9871E+04  0.9871E+04
  0.1916E-01  0.9689E+04  0.1115E+03  0.9497E+04  0.9497E+04
  0.1976E-01  0.9382E+04  0.7896E+02  0.9128E+04  0.9128E+04
  0.2037E-01  0.8940E+04  0.9607E+02  0.8763E+04  0.8763E+04
  0.2098E-01  0.8572E+04  0.6728E+02  0.8404E+04  0.8404E+04
  0.2159E-01  0.8209E+04  0.6336E+02  0.8050E+04  0.8050E+04
  0.2220E-01  0.7857E+04  0.5800E+02  0.7705E+04  0.7705E+04
  0.2281E-01  0.7469E+04  0.5867E+02  0.7366E+04  0.7366E+04
  0.2341E-01  0.7172E+04  0.5645E+02  0.7036E+04  0.7036E+04
  0.2402E-01  0.6865E+04  0.5441E+02  0.6715E+04  0.6715E+04
  0.2463E-01  0.6495E+04  0.5187E+02  0.6403E+04  0.6403E+04
  0.2524E-01  0.6250E+04  0.4699E+02  0.6100E+04  0.6100E+04
  0.2585E-01  0.5881E+04  0.4118E+02  0.5807E+04  0.5807E+04
  0.2645E-01  0.5630E+04  0.4476E+02  0.5523E+04  0.5523E+04
  0.2706E-01  0.5320E+04  0.4197E+02  0.5250E+04  0.5250E+04
  0.2767E-01  0.5099E+04  0.3994E+02  0.4988E+04  0.4988E+04
  0.2828E-01  0.4780E+04  0.4119E+02  0.4736E+04  0.4736E+04
  0.2889E-01  0.4574E+04  0.3401E+02  0.4494E+04  0.4494E+04
  0.2949E-01  0.4292E+04  0.3138E+02  0.4262E+04  0.4262E+04
  0.3010E-01  0.4084E+04  0.3087E+02  0.4041E+04  0.4041E+04
  0.3071E-01  0.3856E+04  0.2908E+02  0.3830E+04  0.3830E+04
  0.3132E-01  0.3687E+04  0.2482E+02  0.3629E+04  0.3629E+04
  0.3193E-01  0.3444E+04  0.2615E+02  0.3439E+04  0.3439E+04
  0.3254E-01  0.3276E+04  0.2353E+02  0.3258E+04  0.3258E+04
  0.3314E-01  0.3101E+04  0.2201E+02  0.3086E+04  0.3086E+04
  0.3375E-01  0.2923E+04  0.1976E+02  0.2924E+04  0.2924E+04
  0.3436E-01  0.2785E+04  0.2087E+02  0.2770E+04  0.2770E+04
  0.3497E-01  0.2635E+04  0.1719E+02  0.2625E+04  0.2625E+04
  0.3558E-01  0.2423E+04  0.2285E+02  0.2489E+04  0.2489E+04
  0.3618E-01  0.2350E+04  0.1122E+02  0.2360E+04  0.2360E+04
  0.3679E-01  0.2242E+04  0.1007E+02  0.2239E+04  0.2239E+04
  0.3740E-01  0.2113E+04  0.9539E+01  0.2125E+04  0.2125E+04
  0.3801E-01  0.2023E+04  0.8917E+01  0.2018E+04  0.2018E+04
  0.3862E-01  0.1911E+04  0.8227E+01  0.1918E+04  0.1918E+04
  0.3922E-01  0.1824E+04  0.7401E+01  0.1824E+04  0.1824E+04
  0.3983E-01  0.1736E+04  0.7550E+01  0.1736E+04  0.1736E+04
  0.4044E-01  0.1658E+04  0.6474E+01  0.1653E+04  0.1653E+04
  0.4105E-01  0.1575E+04  0.6452E+01  0.1575E+04  0.1575E+04
  0.4166E-01  0.1504E+04  0.5747E+01  0.1502E+04  0.1502E+04
  0.4227E-01  0.1434E+04  0.6027E+01  0.1434E+04  0.1434E+04
  0.4287E-01  0.1366E+04  0.5061E+01  0.1370E+04  0.1370E+04
  0.4348E-01  0.1309E+04  0.5178E+01  0.1309E+04  0.1309E+04
  0.4409E-01  0.1255E+04  0.4505E+01  0.1253E+04  0.1253E+04
  0.4470E-01  0.1202E+04  0.4523E+01  0.1199E+04  0.1199E+04
  0.4531E-01  0.1148E+04  0.4236E+01  0.1149E+04  0.1149E+04
  0.4591E-01  0.1101E+04  0.4109E+01  0.1101E+04  0.1101E+04
  0.4652E-01  0.1053E+04  0.4146E+01  0.1056E+04  0.1056E+04
  0.4713E-01  0.1013E+04  0.3920E+01  0.1013E+04  0.1013E+04
  0.4774E-01  0.9728E+03  0.3564E+01  0.9731E+03  0.9731E+03
  0.4835E-01  0.9339E+03  0.3792E+01  0.9348E+03  0.9348E+03
  0.4895E-01  0.8986E+03  0.3866E+01  0.8983E+03  0.8983E+03
  0.4956E-01  0.8628E+03  0.3526E+01  0.8636E+03  0.8636E+03
  0.5017E-01  0.8269E+03  0.3649E+01  0.8304E+03  0.8304E+03
  0.5078E-01  0.7991E+03  0.3218E+01  0.7987E+03  0.7987E+03
  0.5139E-01  0.7663E+03  0.3057E+01  0.7683E+03  0.7683E+03
  0.5200E-01  0.7389E+03  0.2962E+01  0.7393E+03  0.7393E+03
  0.5260E-01  0.7138E+03  0.3024E+01  0.7114E+03  0.7114E+03
  0.5321E-01  0.6840E+03  0.2545E+01  0.6845E+03  0.6845E+03
  0.5382E-01  0.6591E+03  0.2621E+01  0.6588E+03  0.6588E+03
  0.5443E-01  0.6342E+03  0.2302E+01  0.6340E+03  0.6340E+03
  0.5504E-01  0.6099E+03  0.2277E+01  0.6101E+03  0.6101E+03
  0.5564E-01  0.5849E+03  0.2263E+01  0.5870E+03  0.5870E+03
  0.5625E-01  0.5656E+03  0.2295E+01  0.5649E+03  0.5649E+03
  0.5686E-01  0.5416E+03  0.2051E+01  0.5435E+03  0.5435E+03
  0.5747E-01  0.5231E+03  0.2078E+01  0.5229E+03  0.5229E+03
  0.5808E-01  0.5031E+03  0.1927E+01  0.5030E+03  0.5030E+03
  0.5868E-01  0.4848E+03  0.1830E+01  0.4839E+03  0.4839E+03
  0.5929E-01  0.4651E+03  0.1774E+01  0.4655E+03  0.4655E+03
  0.5990E-01  0.4478E+03  0.1681E+01  0.4478E+03  0.4478E+03
  0.6051E-01  0.4299E+03  0.2035E+01  0.4307E+03  0.4307E+03
  0.6112E-01  0.4137E+03  0.1939E+01  0.4143E+03  0.4143E+03
  0.6173E-01  0.3990E+03  0.3013E+01  0.3985E+03  0.3985E+03
  0.6233E-01  0.3831E+03  0.2251E+01  0.3834E+03  0.3834E+03
  0.6294E-01  0.3683E+03  0.3717E+01  0.3688E+03  0.3688E+03
  0.6355E-01  0.3554E+03  0.2055E+01  0.3549E+03  0.3549E+03
  0.6416E-01  0.3431E+03  0.2334E+01  0.3415E+03  0.3415E+03
  0.6477E-01  0.3283E+03  0.2982E+01  0.3287E+03  0.3287E+03
  0.6537E-01  0.3194E+03  0.2257E+01  0.3164E+03  0.3164E+03
  0.6598E-01  0.3059E+03  0.3655E+01  0.3047E+03  0.3047E+03
  0.6659E-01  0.2957E+03  0.2409E+01  0.2935E+03  0.2935E+03
  0.6720E-01  0.2819E+03  0.3848E+01  0.2828E+03  0.2828E+03
  0.6781E-01  0.2728E+03  0.1999E+01  0.2725E+03  0.2725E+03
  0.6841E-01  0.2626E+03  0.1936E+01  0.2627E+03  0.2627E+03
  0.6902E-01  0.2540E+03  0.1295E+01  0.2533E+03  0.2533E+03
  0.6963E-01  0.2444E+03  0.1394E+01  0.2444E+03  0.2444E+03
  0.7024E-01  0.2362E+03  0.1057E+01  0.2359E+03  0.2359E+03
  0.7085E-01  0.2276E+03  0.1019E+01  0.2277E+03  0.2277E+03
  0.7146E-01  0.2189E+03  0.9522E+00  0.2199E+03  0.2199E+03
  0.7206E-01  0.2113E+03  0.1003E+01  0.2124E+03  0.2124E+03
  0.7267E-01  0.2053E+03  0.9313E+00  0.2053E+03  0.2053E+03
  0.7328E-01  0.1974E+03  0.8712E+00  0.1985E+03  0.1985E+03
  0.7389E-01  0.1921E+03  0.8714E+00  0.1919E+03  0.1919E+03
  0.7450E-01  0.1869E+03  0.8854E+00  0.1857E+03  0.1857E+03
  0.7510E-01  0.1801E+03  0.7796E+00  0.1797E+03  0.1797E+03
  0.7571E-01  0.1749E+03  0.7573E+00  0.1740E+03  0.1740E+03
  0.7632E-01  0.1683E+03  0.8394E+00  0.1685E+03  0.1685E+03
  0.7693E-01  0.1625E+03  0.7520E+00  0.1631E+03  0.1631E+03
  0.7754E-01  0.1578E+03  0.7369E+00  0.1580E+03  0.1580E+03
  0.7814E-01  0.1533E+03  0.7577E+00  0.1531E+03  0.1531E+03
  0.7875E-01  0.1478E+03  0.6976E+00  0.1484E+03  0.1484E+03
  0.7936E-01  0.1442E+03  0.7417E+00  0.1438E+03  0.1438E+03
  0.7997E-01  0.1391E+03  0.6928E+00  0.1395E+03  0.1395E+03
  0.8058E-01  0.1349E+03  0.6752E+00  0.1353E+03  0.1353E+03
  0.8119E-01  0.1308E+03  0.6824E+00  0.1312E+03  0.1312E+03
  0.8179E-01  0.1274E+03  0.6829E+00  0.1273E+03  0.1273E+03
  0.8240E-01  0.1240E+03  0.6307E+00  0.1235E+03  0.1235E+03
  0.8301E-01  0.1194E+03  0.6132E+00  0.1199E+03  0.1199E+03
  0.8362E-01  0.1164E+03  0.5819E+00  0.1164E+03  0.1164E+03
  0.8423E-01  0.1130E+03  0.5727E+00  0.1130E+03  0.1130E+03
  0.8483E-01  0.1092E+03  0.5744E+00  0.1098E+03  0.1098E+03
  0.8544E-01  0.1066E+03  0.5721E+00  0.1067E+03  0.1067E+03
  0.8605E-01  0.1036E+03  0.5741E+00  0.1037E+03  0.1037E+03
  0.8666E-01  0.1011E+03  0.5798E+00  0.1008E+03  0.1008E+03
  0.8727E-01  0.9862E+02  0.6002E+00  0.9806E+02  0.9806E+02
  0.8787E-01  0.9563E+02  0.5667E+00  0.9542E+02  0.9542E+02
  0.8848E-01  0.9327E+02  0.5849E+00  0.9289E+02  0.9289E+02
  0.8909E-01  0.9035E+02  0.6426E+00  0.9047E+02  0.9047E+02
  0.8970E-01  0.8732E+02  0.6375E+00  0.8815E+02  0.8815E+02
  0.9031E-01  0.8552E+02  0.5691E+00  0.8594E+02  0.8594E+02
  0.9091E-01  0.8384E+02  0.5487E+00  0.8384E+02  0.8384E+02
  0.9152E-01  0.8186E+02  0.5543E+00  0.8183E+02  0.8183E+02
  0.9213E-01  0.8001E+02  0.5337E+00  0.7991E+02  0.7991E+02
  0.9274E-01  0.7799E+02  0.5344E+00  0.7810E+02  0.7810E+02
  0.9335E-01  0.7677E+02  0.5072E+00  0.7636E+02  0.7636E+02
  0.9396E-01  0.7478E+02  0.5462E+00  0.7472E+02  0.7472E+02
  0.9456E-01  0.7378E+02  0.5210E+00  0.7315E+02  0.7315E+02
  0.9517E-01  0.7163E+02  0.5050E+00  0.7168E+02  0.7168E+02
  0.9578E-01  0.7016E+02  0.5217E+00  0.7026E+02  0.7026E+02
  0.9639E-01  0.6867E+02  0.5277E+00  0.6893E+02  0.6893E+02
  0.9700E-01  0.6797E+02  0.5413E+00  0.6766E+02  0.6766E+02
  0.9760E-01  0.6731E+02  0.5466E+00  0.6646E+02  0.6646E+02
  0.9821E-01  0.6538E+02  0.5067E+00  0.6531E+02  0.6531E+02
  0.9882E-01  0.6373E+02  0.5666E+00  0.6423E+02  0.6423E+02
  0.9943E-01  0.6292E+02  0.8535E+00  0.6319E+02  0.6319E+02
  0.1000E+00  0.6237E+02  0.8830E+00  0.6221E+02  0.6221E+02
  0.1006E+00  0.6090E+02  0.1793E+01  0.6126E+02  0.6126E+02
  0.1013E+00  0.6046E+02  0.1524E+01  0.6036E+02  0.6036E+02
  0.1019E+00  0.5969E+02  0.8506E+00  0.5950E+02  0.5950E+02
  0.1025E+00  0.5831E+02  0.6812E+00  0.5870E+02  0.5870E+02
  0.1031E+00  0.5777E+02  0.5298E+00  0.5792E+02  0.5792E+02
  0.1037E+00  0.5738E+02  0.4817E+00  0.5716E+02  0.5716E+02
  0.1043E+00  0.5535E+02  0.4952E+00  0.5644E+02  0.5644E+02
  0.1049E+00  0.5547E+02  0.5262E+00  0.5574E+02  0.5574E+02
  0.1055E+00  0.5521E+02  0.4755E+00  0.5507E+02  0.5507E+02
  0.1061E+00  0.5437E+02  0.4586E+00  0.5442E+02  0.5442E+02
  0.1067E+00  0.5347E+02  0.4930E+00  0.5380E+02  0.5380E+02
  0.1073E+00  0.5323E+02  0.5000E+00  0.5319E+02  0.5319E+02
  0.1079E+00  0.5275E+02  0.4849E+00  0.5260E+02  0.5260E+02
  0.1086E+00  0.5171E+02  0.4702E+00  0.5203E+02  0.5203E+02
  0.1092E+00  0.5098E+02  0.4637E+00  0.5148E+02  0.5148E+02
  0.1098E+00  0.5030E+02  0.4678E+00  0.5095E+02  0.5095E+02
  0.1104E+00  0.5011E+02  0.4377E+00  0.5043E+02  0.5043E+02
  0.1110E+00  0.4951E+02  0.4146E+00  0.4992E+02  0.4992E+02
  0.1116E+00  0.4957E+02  0.4488E+00  0.4943E+02  0.4943E+02
  0.1122E+00  0.4952E+02  0.4309E+00  0.4896E+02  0.4896E+02
  0.1128E+00  0.4927E+02  0.4469E+00  0.4850E+02  0.4850E+02
  0.1134E+00  0.4856E+02  0.4351E+00  0.4804E+02  0.4804E+02
  0.1140E+00  0.4799E+02  0.4364E+00  0.4760E+02  0.4760E+02
  0.1146E+00  0.4777E+02  0.4490E+00  0.4717E+02  0.4717E+02
  0.1152E+00  0.4717E+02  0.4194E+00  0.4678E+02  0.4678E+02
  0.1158E+00  0.4650E+02  0.4324E+00  0.4638E+02  0.4638E+02
  0.1165E+00  0.4613E+02  0.4147E+00  0.4599E+02  0.4599E+02
  0.1171E+00  0.4611E+02  0.4252E+00  0.4561E+02  0.4561E+02
  0.1177E+00  0.4469E+02  0.4264E+00  0.4524E+02  0.4524E+02
  0.1183E+00  0.4517E+02  0.4039E+00  0.4488E+02  0.4488E+02
  0.1189E+00  0.4390E+02  0.4353E+00  0.4453E+02  0.4453E+02
  0.1195E+00  0.4438E+02  0.5194E+00  0.4418E+02  0.4418E+02
  0.1201E+00  0.4386E+02  0.5206E+00  0.4385E+02  0.4385E+02
  0.1207E+00  0.4364E+02  0.4742E+00  0.4351E+02  0.4351E+02
  0.1213E+00  0.4357E+02  0.4341E+00  0.4318E+02  0.4318E+02
  0.1219E+00  0.4269E+02  0.4030E+00  0.4286E+02  0.4286E+02
  0.1225E+00  0.4176E+02  0.4048E+00  0.4254E+02  0.4254E+02
  0.1231E+00  0.4226E+02  0.3946E+00  0.4222E+02  0.4222E+02
  0.1238E+00  0.4168E+02  0.3861E+00  0.4190E+02  0.4190E+02
  0.1244E+00  0.4206E+02  0.3900E+00  0.4158E+02  0.4158E+02
  0.1250E+00  0.4111E+02  0.4138E+00  0.4126E+02  0.4126E+02
  0.1256E+00  0.4074E+02  0.4054E+00  0.4093E+02  0.4093E+02
  0.1262E+00  0.4047E+02  0.4127E+00  0.4063E+02  0.4063E+02
  0.1268E+00  0.3965E+02  0.3930E+00  0.4028E+02  0.4028E+02
  0.1274E+00  0.3958E+02  0.3760E+00  0.3994E+02  0.3994E+02
  0.1280E+00  0.3923E+02  0.3770E+00  0.3961E+02  0.3961E+02
  0.1286E+00  0.3934E+02  0.3976E+00  0.3927E+02  0.3927E+02
  0.1292E+00  0.3858E+02  0.4331E+00  0.3893E+02  0.3893E+02
  0.1298E+00  0.3860E+02  0.4038E+00  0.3858E+02  0.3858E+02
  0.1304E+00  0.3894E+02  0.3794E+00  0.3822E+02  0.3822E+02
  0.1310E+00  0.3833E+02  0.4072E+00  0.3786E+02  0.3786E+02
  0.1317E+00  0.3744E+02  0.4031E+00  0.3749E+02  0.3749E+02
  0.1323E+00  0.3705E+02  0.3765E+00  0.3712E+02  0.3712E+02
  0.1329E+00  0.3686E+02  0.4011E+00  0.3674E+02  0.3674E+02
  0.1335E+00  0.3639E+02  0.4005E+00  0.3636E+02  0.3636E+02
  0.1341E+00  0.3604E+02  0.4076E+00  0.3597E+02  0.3597E+02
  0.1347E+00  0.3592E+02  0.4381E+00  0.3558E+02  0.3558E+02
  0.1353E+00  0.3534E+02  0.4057E+00  0.3519E+02  0.3519E+02
  0.1359E+00  0.3464E+02  0.4276E+00  0.3480E+02  0.3480E+02
  0.1365E+00  0.3496E+02  0.4202E+00  0.3440E+02  0.3440E+02
  0.1371E+00  0.3384E+02  0.3917E+00  0.3400E+02  0.3400E+02
  0.1377E+00  0.3363E+02  0.4037E+00  0.3360E+02  0.3360E+02
  0.1383E+00  0.3312E+02  0.3946E+00  0.3320E+02  0.3320E+02
  0.1390E+00  0.3262E+02  0.3968E+00  0.3280E+02  0.3280E+02
  0.1396E+00  0.3207E+02  0.4420E+00  0.3241E+02  0.3241E+02
  0.1402E+00  0.3154E+02  0.6053E+00  0.3202E+02  0.3202E+02
  0.1408E+00  0.3158E+02  0.4483E+00  0.3164E+02  0.3164E+02
  0.1414E+00  0.3097E+02  0.5695E+00  0.3125E+02  0.3125E+02
  0.1420E+00  0.3066E+02  0.4191E+00  0.3087E+02  0.3087E+02
  0.1426E+00  0.3089E+02  0.3721E+00  0.3050E+02  0.3050E+02
  0.1432E+00  0.3032E+02  0.3798E+00  0.3013E+02  0.3013E+02
  0.1438E+00  0.2992E+02  0.3655E+00  0.2977E+02  0.2977E+02
  0.1444E+00  0.2961E+02  0.3566E+00  0.2942E+02  0.2942E+02
  0.1450E+00  0.2927E+02  0.3499E+00  0.2908E+02  0.2908E+02
  0.1456E+00  0.2900E+02  0.3758E+00  0.2874E+02  0.2874E+02
  0.1463E+00  0.2854E+02  0.3730E+00  0.2841E+02  0.2841E+02
  0.1469E+00  0.2826E+02  0.3889E+00  0.2809E+02  0.2809E+02
  0.1475E+00  0.2795E+02  0.3754E+00  0.2778E+02  0.2778E+02
  0.1481E+00  0.2731E+02  0.3659E+00  0.2747E+02  0.2747E+02
  0.1487E+00  0.2691E+02  0.7303E+00  0.2718E+02  0.2718E+02
  0.1493E+00  0.2696E+02  0.1591E+01  0.2689E+02  0.2689E+02
  0.1499E+00  0.2674E+02  0.7445E+00  0.2662E+02  0.2662E+02
  0.1505E+00  0.2629E+02  0.4068E+00  0.2635E+02  0.2635E+02
  0.1511E+00  0.2546E+02  0.4525E+00  0.2607E+02  0.2607E+02
  0.1517E+00  0.2518E+02  0.6884E+00  0.2583E+02  0.2583E+02
  0.1523E+00  0.2525E+02  0.4382E+00  0.2559E+02  0.2559E+02
  0.1529E+00  0.2457E+02  0.4317E+00  0.2534E+02  0.2534E+02
  0.1535E+00  0.2447E+02  0.6357E+00  0.2512E+02  0.2512E+02
  0.1542E+00  0.2442E+02  0.4230E+00  0.2489E+02  0.2489E+02
  0.1548E+00  0.2443E+02  0.3446E+00  0.2467E+02  0.2467E+02
  0.1554E+00  0.2439E+02  0.3452E+00  0.2446E+02  0.2446E+02
  0.1560E+00  0.2406E+02  0.3468E+00  0.2426E+02  0.2426E+02
  0.1566E+00  0.2390E+02  0.3482E+00  0.2405E+02  0.2405E+02
  0.1572E+00  0.2386E+02  0.4005E+00  0.2385E+02  0.2385E+02
  0.1578E+00  0.2400E+02  0.3682E+00  0.2366E+02  0.2366E+02
  0.1584E+00  0.2395E+02  0.3487E+00  0.2347E+02  0.2347E+02
  0.1590E+00  0.2375E+02  0.3594E+00  0.2329E+02  0.2329E+02
  0.1596E+00  0.2376E+02  0.3629E+00  0.2311E+02  0.2311E+02
  0.1602E+00  0.2336E+02  0.3298E+00  0.2293E+02  0.2293E+02
  0.1608E+00  0.2268E+02  0.3207E+00  0.2275E+02  0.2275E+02
  0.1615E+00  0.2275E+02  0.3272E+00  0.2258E+02  0.2258E+02
  0.1621E+00  0.2208E+02  0.3186E+00  0.2241E+02  0.2241E+02
  0.1627E+00  0.2231E+02  0.3153E+00  0.2224E+02  0.2224E+02
  0.1633E+00  0.2200E+02  0.3198E+00  0.2208E+02  0.2208E+02
  0.1639E+00  0.2188E+02  0.3417E+00  0.2192E+02  0.2192E+02
  0.1645E+00  0.2165E+02  0.3682E+00  0.2175E+02  0.2175E+02
  0.1651E+00  0.2166E+02  0.3333E+00  0.2158E+02  0.2158E+02
  0.1657E+00  0.2115E+02  0.3304E+00  0.2142E+02  0.2142E+02
  0.1663E+00  0.2087E+02  0.3390E+00  0.2127E+02  0.2127E+02
  0.1669E+00  0.2091E+02  0.4263E+00  0.2111E+02  0.2111E+02
  0.1675E+00  0.2116E+02  0.4180E+00  0.2095E+02  0.2095E+02
  0.1681E+00  0.2110E+02  0.3464E+00  0.2079E+02  0.2079E+02
  0.1688E+00  0.2036E+02  0.3363E+00  0.2064E+02  0.2064E+02
  0.1694E+00  0.2065E+02  0.3379E+00  0.2048E+02  0.2048E+02
  0.1700E+00  0.2075E+02  0.3494E+00  0.2033E+02  0.2033E+02
  0.1706E+00  0.2025E+02  0.3546E+00  0.2017E+02  0.2017E+02
  0.1712E+00  0.2005E+02  0.3891E+00  0.2002E+02  0.2002E+02
  0.1718E+00  0.1982E+02  0.3680E+00  0.1987E+02  0.1987E+02
  0.1724E+00  0.1909E+02  0.3599E+00  0.1972E+02  0.1972E+02
  0.1730E+00  0.1956E+02  0.3367E+00  0.1956E+02  0.1956E+02
  0.1736E+00  0.1948E+02  0.3384E+00  0.1941E+02  0.1941E+02
  0.1742E+00  0.1950E+02  0.3217E+00  0.1927E+02  0.1927E+02
  0.1748E+00  0.1948E+02  0.3533E+00  0.1912E+02  0.1912E+02
  0.1754E+00  0.1919E+02  0.4706E+00  0.1897E+02  0.1897E+02
  0.1760E+00  0.1921E+02  0.3935E+00  0.1882E+02  0.1882E+02
  0.1767E+00  0.1855E+02  0.4194E+00  0.1869E+02  0.1869E+02
  0.1773E+00  0.1846E+02  0.3604E+00  0.1853E+02  0.1853E+02
  0.1779E+00  0.1825E+02  0.3884E+00  0.1840E+02  0.1840E+02
  0.1785E+00  0.1799E+02  0.3502E+00  0.1826E+02  0.1826E+02
  0.1791E+00  0.1825E+02  0.3662E+00  0.1812E+02  0.1812E+02
  0.1797E+00  0.1817E+02  0.3474E+00  0.1799E+02  0.1799E+02
  0.1803E+00  0.1746E+02  0.3391E+00  0.1785E+02  0.1785E+02
  0.1809E+00  0.1724E+02  0.3118E+00  0.1772E+02  0.1772E+02
  0.1815E+00  0.1733E+02  0.3149E+00  0.1760E+02  0.1760E+02
  0.1821E+00  0.1754E+02  0.3398E+00  0.1747E+02  0.1747E+02
  0.1827E+00  0.1740E+02  0.3234E+00  0.1735E+02  0.1735E+02
  0.1833E+00  0.1721E+02  0.3411E+00  0.1724E+02  0.1724E+02
  0.1840E+00  0.1714E+02  0.4369E+00  0.1713E+02  0.1713E+02
  0.1846E+00  0.1700E+02  0.3700E+00  0.1702E+02  0.1702E+02
  0.1852E+00  0.1696E+02  0.3549E+00  0.1691E+02  0.1691E+02
  0.1858E+00  0.1675E+02  0.3339E+00  0.1681E+02  0.1681E+02
  0.1864E+00  0.1664E+02  0.3047E+00  0.1672E+02  0.1672E+02
  0.1870E+00  0.1669E+02  0.3111E+00  0.1663E+02  0.1663E+02
  0.1876E+00  0.1622E+02  0.2906E+00  0.1654E+02  0.1654E+02
  0.1882E+00  0.1670E+02  0.3053E+00  0.1646E+02  0.1646E+02
  0.1888E+00  0.1672E+02  0.2956E+00  0.1638E+02  0.1638E+02
  0.1894E+00  0.1640E+02  0.2996E+00  0.1631E+02  0.1631E+02
  0.1900E+00  0.1603E+02  0.3253E+00  0.1624E+02  0.1624E+02
  0.1906E+00  0.1627E+02  0.3111E+00  0.1618E+02  0.1618E+02
  0.1912E+00  0.1591E+02  0.3134E+00  0.1612E+02  0.1612E+02
  0.1919E+00  0.1646E+02  0.3367E+00  0.1607E+02  0.1607E+02
  0.1925E+00  0.1614E+02  0.3357E+00  0.1603E+02  0.1603E+02
  0.1931E+00  0.1645E+02  0.4081E+00  0.1598E+02  0.1598E+02
  0.1937E+00  0.1613E+02  0.3242E+00  0.1595E+02  0.1595E+02
  0.1943E+00  0.1600E+02  0.3151E+00  0.1591E+02  0.1591E+02
  0.1949E+00  0.1592E+02  0.3116E+00  0.1588E+02  0.1588E+02
  0.1955E+00  0.1591E+02  0.3212E+00  0.1586E+02  0.1586E+02
  0.1961E+00  0.1589E+02  0.3376E+00  0.1584E+02  0.1584E+02
  0.1967E+00  0.1604E+02  0.3173E+00  0.1582E+02  0.1582E+02
  0.1973E+00  0.1587E+02  0.3177E+00  0.1580E+02  0.1580E+02
  0.1979E+00  0.1557E+02  0.2937E+00  0.1579E+02  0.1579E+02
  0.1985E+00  0.1571E+02  0.2993E+00  0.1578E+02  0.1578E+02
  0.1992E+00  0.1551E+02  0.3046E+00  0.1577E+02  0.1577E+02
  0.1998E+00  0.1603E+02  0.3129E+00  0.1576E+02  0.1576E+02
  0.2004E+00  0.1568E+02  0.2870E+00  0.1575E+02  0.1575E+02
  0.2010E+00  0.1562E+02  0.2762E+00  0.1575E+02  0.1575E+02
  0.2016E+00  0.1559E+02  0.2955E+00  0.1573E+02  0.1573E+02
  0.2022E+00  0.1578E+02  0.2986E+00  0.1574E+02  0.1574E+02
  0.2028E+00  0.1567E+02  0.2856E+00  0.1573E+02  0.1573E+02
  0.2034E+00  0.1528E+02  0.2944E+00  0.1574E+02  0.1574E+02
  0.2040E+00  0.1540E+02  0.2753E+00  0.1572E+02  0.1572E+02
  0.2046E+00  0.1572E+02  0.2838E+00  0.1572E+02  0.1572E+02
  0.2052E+00  0.1539E+02  0.3186E+00  0.1571E+02  0.1571E+02
  0.2058E+00  0.1538E+02  0.3637E+00  0.1570E+02  0.1570E+02
  0.2065E+00  0.1563E+02  0.3428E+00  0.1569E+02  0.1569E+02
  0.2071E+00  0.1602E+02  0.4827E+00  0.1568E+02  0.1568E+02
  0.2077E+00  0.1613E+02  0.4940E+00  0.1567E+02  0.1567E+02
  0.2083E+00  0.1611E+02  0.6093E+00  0.1565E+02  0.1565E+02
  0.2089E+00  0.1615E+02  0.4128E+00  0.1564E+02  0.1564E+02
  0.2095E+00  0.1583E+02  0.4646E+00  0.1562E+02  0.1562E+02
  0.2101E+00  0.1584E+02  0.3319E+00  0.1560E+02  0.1560E+02
  0.2107E+00  0.1571E+02  0.2998E+00  0.1558E+02  0.1558E+02
  0.2113E+00  0.1530E+02  0.2942E+00  0.1556E+02  0.1556E+02
  0.2119E+00  0.1560E+02  0.2849E+00  0.1553E+02  0.1553E+02
  0.2125E+00  0.1543E+02  0.2975E+00  0.1550E+02  0.1550E+02
  0.2131E+00  0.1560E+02  0.3612E+00  0.1548E+02  0.1548E+02
  0.2137E+00  0.1571E+02  0.6093E+00  0.1545E+02  0.1545E+02
  0.2144E+00  0.1581E+02  0.3552E+00  0.1543E+02  0.1543E+02
  0.2150E+00  0.1567E+02  0.3133E+00  0.1538E+02  0.1538E+02
  0.2156E+00  0.1555E+02  0.3030E+00  0.1535E+02  0.1535E+02
  0.2162E+00  0.1561E+02  0.2870E+00  0.1533E+02  0.1533E+02
  0.2168E+00  0.1557E+02  0.2752E+00  0.1528E+02  0.1528E+02
  0.2174E+00  0.1524E+02  0.2791E+00  0.1524E+02  0.1524E+02
  0.2180E+00  0.1532E+02  0.2837E+00  0.1520E+02  0.1520E+02
  0.2186E+00  0.1507E+02  0.2882E+00  0.1517E+02  0.1517E+02
  0.2192E+00  0.1474E+02  0.2742E+00  0.1513E+02  0.1513E+02
  0.2198E+00  0.1484E+02  0.2829E+00  0.1509E+02  0.1509E+02
  0.2204E+00  0.1465E+02  0.2834E+00  0.1505E+02  0.1505E+02
  0.2210E+00  0.1491E+02  0.2925E+00  0.1501E+02  0.1501E+02
  0.2217E+00  0.1467E+02  0.2894E+00  0.1497E+02  0.1497E+02
  0.2223E+00  0.1508E+02  0.2849E+00  0.1493E+02  0.1493E+02
  0.2229E+00  0.1496E+02  0.2884E+00  0.1489E+02  0.1489E+02
  0.2235E+00  0.1523E+02  0.2780E+00  0.1485E+02  0.1485E+02
  0.2241E+00  0.1472E+02  0.2786E+00  0.1480E+02  0.1480E+02
  0.2247E+00  0.1446E+02  0.2912E+00  0.1476E+02  0.1476E+02
  0.2253E+00  0.1458E+02  0.2978E+00  0.1472E+02  0.1472E+02
  0.2259E+00  0.1449E+02  0.3330E+00  0.1467E+02  0.1467E+02
  0.2265E+00  0.1455E+02  0.3628E+00  0.1463E+02  0.1463E+02
  0.2271E+00  0.1482E+02  0.3108E+00  0.1458E+02  0.1458E+02
  0.2277E+00  0.1478E+02  0.3081E+00  0.1453E+02  0.1453E+02
  0.2283E+00  0.1448E+02  0.2879E+00  0.1448E+02  0.1448E+02
  0.2289E+00  0.1463E+02  0.2916E+00  0.1446E+02  0.1446E+02
  0.2296E+00  0.1438E+02  0.3102E+00  0.1439E+02  0.1439E+02
  0.2302E+00  0.1395E+02  0.3064E+00  0.1434E+02  0.1434E+02
  0.2308E+00  0.1407E+02  0.3332E+00  0.1428E+02  0.1428E+02
  0.2314E+00  0.1411E+02  0.3625E+00  0.1423E+02  0.1423E+02
  0.2320E+00  0.1425E+02  0.6376E+00  0.1418E+02  0.1418E+02
  0.2326E+00  0.1449E+02  0.6027E+00  0.1412E+02  0.1412E+02
  0.2332E+00  0.1450E+02  0.3891E+00  0.1407E+02  0.1407E+02
  0.2338E+00  0.1426E+02  0.5576E+00  0.1401E+02  0.1401E+02
  0.2344E+00  0.1420E+02  0.4600E+00  0.1395E+02  0.1395E+02
  0.2350E+00  0.1435E+02  0.8151E+00  0.1389E+02  0.1389E+02
  0.2356E+00  0.1419E+02  0.7034E+00  0.1383E+02  0.1383E+02
  0.2362E+00  0.1395E+02  0.6279E+00  0.1377E+02  0.1377E+02
  0.2369E+00  0.1382E+02  0.3502E+00  0.1371E+02  0.1371E+02
  0.2375E+00  0.1379E+02  0.3788E+00  0.1365E+02  0.1365E+02
  0.2381E+00  0.1367E+02  0.6564E+00  0.1359E+02  0.1359E+02
  0.2387E+00  0.1346E+02  0.4571E+00  0.1352E+02  0.1352E+02
  0.2393E+00  0.1341E+02  0.3241E+00  0.1346E+02  0.1346E+02
  0.2399E+00  0.1350E+02  0.3514E+00  0.1340E+02  0.1340E+02
  0.2405E+00  0.1329E+02  0.2872E+00  0.1334E+02  0.1334E+02
  0.2411E+00  0.1352E+02  0.2673E+00  0.1328E+02  0.1328E+02
  0.2417E+00  0.1312E+02  0.2722E+00  0.1324E+02  0.1324E+02
  0.2423E+00  0.1287E+02  0.2681E+00  0.1316E+02  0.1316E+02
  0.2429E+00  0.1328E+02  0.2730E+00  0.1310E+02  0.1310E+02
  0.2435E+00  0.1298E+02  0.2615E+00  0.1305E+02  0.1305E+02
  0.2441E+00  0.1302E+02  0.2581E+00  0.1299E+02  0.1299E+02
  0.2448E+00  0.1266E+02  0.2777E+00  0.1294E+02  0.1294E+02
  0.2454E+00  0.1282E+02  0.3172E+00  0.1288E+02  0.1288E+02
  0.2460E+00  0.1293E+02  0.2902E+00  0.1283E+02  0.1283E+02
  0.2466E+00  0.1279E+02  0.2864E+00  0.1278E+02  0.1278E+02
  0.2472E+00  0.1275E+02  0.2596E+00  0.1274E+02  0.1274E+02
  0.2478E+00  0.1261E+02  0.2549E+00  0.1269E+02  0.1269E+02
  0.2484E+00  0.1269E+02  0.2565E+00  0.1264E+02  0.1264E+02
  0.2490E+00  0.1274E+02  0.2641E+00  0.1260E+02  0.1260E+02
  0.2496E+00  0.1218E+02  0.2755E+00  0.1256E+02  0.1256E+02
  0.2502E+00  0.1209E+02  0.2626E+00  0.1252E+02  0.1252E+02
  0.2508E+00  0.1232E+02  0.2698E+00  0.1248E+02  0.1248E+02
  0.2514E+00  0.1268E+02  0.2617E+00  0.1245E+02  0.1245E+02
  0.2521E+00  0.1238E+02  0.2651E+00  0.1240E+02  0.1240E+02
  0.2527E+00  0.1264E+02  0.2589E+00  0.1238E+02  0.1238E+02
  0.2533E+00  0.1256E+02  0.2605E+00  0.1234E+02  0.1234E+02
  0.2539E+00  0.1255E+02  0.2544E+00  0.1232E+02  0.1232E+02
  0.2545E+00  0.1248E+02  0.2659E+00  0.1229E+02  0.1229E+02
  0.2551E+00  0.1238E+02  0.3334E+00  0.1225E+02  0.1225E+02
  0.2557E+00  0.1220E+02  0.3862E+00  0.1222E+02  0.1222E+02
  0.2563E+00  0.1218E+02  0.3105E+00  0.1220E+02  0.1220E+02
  0.2569E+00  0.1197E+02  0.2799E+00  0.1217E+02  0.1217E+02
  0.2575E+00  0.1206E+02  0.3058E+00  0.1214E+02  0.1214E+02
  0.2581E+00  0.1209E+02  0.4529E+00  0.1211E+02  0.1211E+02
  0.2587E+00  0.1191E+02  0.2910E+00  0.1208E+02  0.1208E+02
  0.2593E+00  0.1162E+02  0.2664E+00  0.1206E+02  0.1206E+02
  0.2600E+00  0.1203E+02  0.2493E+00  0.1203E+02  0.1203E+02
  0.2606E+00  0.1241E+02  0.2517E+00  0.1200E+02  0.1200E+02
  0.2612E+00  0.1205E+02  0.2546E+00  0.1197E+02  0.1197E+02
  0.2618E+00  0.1208E+02  0.2527E+00  0.1194E+02  0.1194E+02
  0.2624E+00  0.1221E+02  0.2846E+00  0.1191E+02  0.1191E+02
  0.2630E+00  0.1183E+02  0.4214E+00  0.1188E+02  0.1188E+02
  0.2636E+00  0.1175E+02  0.2788E+00  0.1185E+02  0.1185E+02
  0.2642E+00  0.1184E+02  0.2582E+00  0.1182E+02  0.1182E+02
  0.2648E+00  0.1154E+02  0.2590E+00  0.1181E+02  0.1181E+02
  0.2654E+00  0.1177E+02  0.2595E+00  0.1177E+02  0.1177E+02
  0.2660E+00  0.1154E+02  0.2531E+00  0.1173E+02  0.1173E+02
  0.2666E+00  0.1171E+02  0.2564E+00  0.1170E+02  0.1170E+02
  0.2673E+00  0.1171E+02  0.2543E+00  0.1166E+02  0.1166E+02
  0.2679E+00  0.1154E+02  0.2706E+00  0.1164E+02  0.1164E+02
  0.2685E+00  0.1161E+02  0.2516E+00  0.1161E+02  0.1161E+02
  0.2691E+00  0.1156E+02  0.2477E+00  0.1158E+02  0.1158E+02
  0.2697E+00  0.1137E+02  0.2564E+00  0.1155E+02  0.1155E+02
  0.2703E+00  0.1141E+02  0.2598E+00  0.1152E+02  0.1152E+02
  0.2709E+00  0.1135E+02  0.2494E+00  0.1149E+02  0.1149E+02
  0.2715E+00  0.1142E+02  0.2484E+00  0.1146E+02  0.1146E+02
  0.2721E+00  0.1134E+02  0.2380E+00  0.1144E+02  0.1144E+02
  0.2727E+00  0.1163E+02  0.2353E+00  0.1141E+02  0.1141E+02
  0.2733E+00  0.1129E+02  0.2332E+00  0.1138E+02  0.1138E+02
  0.2739E+00  0.1152E+02  0.2416E+00  0.1135E+02  0.1135E+02
  0.2745E+00  0.1110E+02  0.2422E+00  0.1133E+02  0.1133E+02
  0.2752E+00  0.1149E+02  0.2571E+00  0.1130E+02  0.1130E+02
  0.2758E+00  0.1165E+02  0.2757E+00  0.1128E+02  0.1128E+02
  0.2764E+00  0.1143E+02  0.2451E+00  0.1125E+02  0.1125E+02
  0.2770E+00  0.1129E+02  0.2394E+00  0.1123E+02  0.1123E+02
  0.2776E+00  0.1157E+02  0.2459E+00  0.1121E+02  0.1121E+02
  0.2782E+00  0.1103E+02  0.2304E+00  0.1118E+02  0.1118E+02
  0.2788E+00  0.1137E+02  0.2356E+00  0.1116E+02  0.1116E+02
  0.2794E+00  0.1115E+02  0.2376E+00  0.1114E+02  0.1114E+02
  0.2800E+00  0.1110E+02  0.2507E+00  0.1111E+02  0.1111E+02
  0.2806E+00  0.1116E+02  0.2677E+00  0.1110E+02  0.1110E+02
  0.2812E+00  0.1108E+02  0.3517E+00  0.1108E+02  0.1108E+02
  0.2818E+00  0.1086E+02  0.2293E+01  0.1106E+02  0.1106E+02
  0.2825E+00  0.1098E+02  0.5858E+01  0.1104E+02  0.1104E+02
  0.2831E+00  0.1107E+02  0.5921E+01  0.1102E+02  0.1102E+02
  0.2837E+00  0.1068E+02  0.3862E+01  0.1099E+02  0.1099E+02
  0.2843E+00  0.1040E+02  0.7684E+01  0.1097E+02  0.1097E+02
  0.2849E+00  0.1037E+02  0.3144E+01  0.1095E+02  0.1095E+02
  0.2855E+00  0.1026E+02  0.2330E+00  0.1093E+02  0.1093E+02
  0.2861E+00  0.1065E+02  0.2384E+00  0.1091E+02  0.1091E+02
  0.2867E+00  0.1059E+02  0.2442E+00  0.1088E+02  0.1088E+02
  0.2873E+00  0.1085E+02  0.2390E+00  0.1086E+02  0.1086E+02
  0.2879E+00  0.1083E+02  0.2387E+00  0.1083E+02  0.1083E+02
  0.2885E+00  0.1096E+02  0.2292E+00  0.1081E+02  0.1081E+02
  0.2891E+00  0.1083E+02  0.2249E+00  0.1079E+02  0.1079E+02
  0.2897E+00  0.1070E+02  0.2250E+00  0.1076E+02  0.1076E+02
  0.2904E+00  0.1061E+02  0.2397E+00  0.1073E+02  0.1073E+02
  0.2910E+00  0.1047E+02  0.2437E+00  0.1071E+02  0.1071E+02
  0.2916E+00  0.1099E+02  0.2306E+00  0.1068E+02  0.1068E+02
  0.2922E+00  0.1079E+02  0.2384E+00  0.1065E+02  0.1065E+02
  0.2928E+00  0.1107E+02  0.2297E+00  0.1062E+02  0.1062E+02
  0.2934E+00  0.1063E+02  0.2203E+00  0.1060E+02  0.1060E+02
  0.2940E+00  0.1057E+02  0.2277E+00  0.1057E+02  0.1057E+02
  0.2946E+00  0.1051E+02  0.2255E+00  0.1054E+02  0.1054E+02
  0.2952E+00  0.1058E+02  0.2271E+00  0.1051E+02  0.1051E+02
  0.2958E+00  0.1053E+02  0.2347E+00  0.1048E+02  0.1048E+02
  0.2964E+00  0.1068E+02  0.2341E+00  0.1046E+02  0.1046E+02
  0.2970E+00  0.1061E+02  0.2265E+00  0.1043E+02  0.1043E+02
  0.2976E+00  0.1036E+02  0.2259E+00  0.1040E+02  0.1040E+02
  0.2983E+00  0.1027E+02  0.2239E+00  0.1037E+02  0.1037E+02
  0.2989E+00  0.1024E+02  0.2475E+00  0.1034E+02  0.1034E+02
  0.2995E+00  0.1017E+02  0.2336E+00  0.1031E+02  0.1031E+02
  0.3001E+00  0.1036E+02  0.2219E+00  0.1029E+02  0.1029E+02
  0.3007E+00  0.1019E+02  0.2191E+00  0.1026E+02  0.1026E+02
  0.3013E+00  0.1029E+02  0.2175E+00  0.1023E+02  0.1023E+02
  0.3019E+00  0.1029E+02  0.2101E+00  0.1020E+02  0.1020E+02
  0.3025E+00  0.1013E+02  0.2102E+00  0.1017E+02  0.1017E+02
  0.3031E+00  0.1034E+02  0.2171E+00  0.1015E+02  0.1015E+02
  0.3037E+00  0.9861E+01  0.2143E+00  0.1012E+02  0.1012E+02
  0.3043E+00  0.9778E+01  0.2134E+00  0.1009E+02  0.1009E+02
  0.3049E+00  0.9895E+01  0.2089E+00  0.1007E+02  0.1007E+02
  0.3056E+00  0.9836E+01  0.2108E+00  0.1003E+02  0.1003E+02
  0.3062E+00  0.9906E+01  0.2077E+00  0.1001E+02  0.1001E+02
  0.3068E+00  0.1000E+02  0.2053E+00  0.9982E+01  0.9982E+01
  0.3074E+00  0.9919E+01  0.2082E+00  0.9952E+01  0.9952E+01
  0.3080E+00  0.1004E+02  0.2164E+00  0.9923E+01  0.9923E+01
  0.3086E+00  0.1018E+02  0.2135E+00  0.9893E+01  0.9893E+01
  0.3092E+00  0.1004E+02  0.2129E+00  0.9862E+01  0.9862E+01
  0.3098E+00  0.1001E+02  0.2197E+00  0.9831E+01  0.9831E+01
  0.3104E+00  0.9965E+01  0.2200E+00  0.9798E+01  0.9798E+01
  0.3110E+00  0.9861E+01  0.2266E+00  0.9765E+01  0.9765E+01
  0.3116E+00  0.9667E+01  0.2129E+00  0.9731E+01  0.9731E+01
  0.3122E+00  0.9710E+01  0.2719E+00  0.9697E+01  0.9697E+01
  0.3128E+00  0.9527E+01  0.3776E+00  0.9663E+01  0.9663E+01
  0.3135E+00  0.9477E+01  0.2569E+00  0.9625E+01  0.9625E+01
  0.3141E+00  0.9503E+01  0.2080E+00  0.9587E+01  0.9587E+01
  0.3147E+00  0.9654E+01  0.2056E+00  0.9549E+01  0.9549E+01
  0.3153E+00  0.9463E+01  0.2211E+00  0.9520E+01  0.9520E+01
  0.3159E+00  0.9428E+01  0.2363E+00  0.9470E+01  0.9470E+01
  0.3165E+00  0.9256E+01  0.2789E+00  0.9428E+01  0.9428E+01

           Distance distribution  function of particle  


       R          P(R)      ERROR

  0.0000E+00  0.0000E+00  0.0000E+00
  0.2310E+01  0.1895E+00  0.1622E-02
  0.4620E+01  0.4022E+00  0.1102E-02
  0.6930E+01  0.6498E+00  0.6093E-03
  0.9240E+01  0.9477E+00  0.1921E-02
  0.1155E+02  0.1309E+01  0.2216E-02
  0.1386E+02  0.1740E+01  0.1544E-02
  0.1617E+02  0.2239E+01  0.1769E-02
  0.1848E+02  0.2794E+01  0.3064E-02
  0.2079E+02  0.3389E+01  0.3752E-02
  0.2310E+02  0.4004E+01  0.3681E-02
  0.2541E+02  0.4625E+01  0.3761E-02
  0.2772E+02  0.5242E+01  0.4589E-02
  0.3003E+02  0.5848E+01  0.5500E-02
  0.3234E+02  0.6445E+01  0.6138E-02
  0.3465E+02  0.7031E+01  0.6931E-02
  0.3696E+02  0.7608E+01  0.8138E-02
  0.3927E+02  0.8170E+01  0.9310E-02
  0.4158E+02  0.8713E+01  0.1003E-01
  0.4389E+02  0.9231E+01  0.1049E-01
  0.4620E+02  0.9715E+01  0.1113E-01
  0.4851E+02  0.1016E+02  0.1203E-01
  0.5082E+02  0.1057E+02  0.1295E-01
  0.5313E+02  0.1095E+02  0.1388E-01
  0.5544E+02  0.1128E+02  0.1501E-01
  0.5775E+02  0.1158E+02  0.1629E-01
  0.6006E+02  0.1183E+02  0.1737E-01
  0.6237E+02  0.1204E+02  0.1812E-01
  0.6468E+02  0.1221E+02  0.1880E-01
  0.6699E+02  0.1232E+02  0.1965E-01
  0.6930E+02  0.1240E+02  0.2065E-01
  0.7161E+02  0.1244E+02  0.2168E-01
  0.7392E+02  0.1245E+02  0.2278E-01
  0.7623E+02  0.1245E+02  0.2403E-01
  0.7854E+02  0.1243E+02  0.2526E-01
  0.8085E+02  0.1239E+02  0.2620E-01
  0.8316E+02  0.1235E+02  0.2679E-01
  0.8547E+02  0.1229E+02  0.2720E-01
  0.8778E+02  0.1220E+02  0.2756E-01
  0.9009E+02  0.1210E+02  0.2795E-01
  0.9240E+02  0.1198E+02  0.2845E-01
  0.9471E+02  0.1183E+02  0.2920E-01
  0.9702E+02  0.1167E+02  0.3017E-01
  0.9933E+02  0.1150E+02  0.3111E-01
  0.1016E+03  0.1131E+02  0.3183E-01
  0.1040E+03  0.1111E+02  0.3238E-01
  0.1063E+03  0.1090E+02  0.3292E-01
  0.1086E+03  0.1068E+02  0.3343E-01
  0.1109E+03  0.1044E+02  0.3383E-01
  0.1132E+03  0.1020E+02  0.3412E-01
  0.1155E+03  0.9943E+01  0.3438E-01
  0.1178E+03  0.9675E+01  0.3462E-01
  0.1201E+03  0.9396E+01  0.3475E-01
  0.1224E+03  0.9107E+01  0.3479E-01
  0.1247E+03  0.8807E+01  0.3489E-01
  0.1270E+03  0.8499E+01  0.3513E-01
  0.1294E+03  0.8185E+01  0.3540E-01
  0.1317E+03  0.7868E+01  0.3561E-01
  0.1340E+03  0.7551E+01  0.3575E-01
  0.1363E+03  0.7238E+01  0.3583E-01
  0.1386E+03  0.6931E+01  0.3576E-01
  0.1409E+03  0.6630E+01  0.3551E-01
  0.1432E+03  0.6335E+01  0.3521E-01
  0.1455E+03  0.6044E+01  0.3507E-01
  0.1478E+03  0.5754E+01  0.3513E-01
  0.1502E+03  0.5464E+01  0.3525E-01
  0.1525E+03  0.5176E+01  0.3536E-01
  0.1548E+03  0.4888E+01  0.3545E-01
  0.1571E+03  0.4604E+01  0.3548E-01
  0.1594E+03  0.4325E+01  0.3530E-01
  0.1617E+03  0.4052E+01  0.3486E-01
  0.1640E+03  0.3785E+01  0.3422E-01
  0.1663E+03  0.3524E+01  0.3346E-01
  0.1686E+03  0.3270E+01  0.3254E-01
  0.1709E+03  0.3024E+01  0.3147E-01
  0.1732E+03  0.2786E+01  0.3042E-01
  0.1756E+03  0.2559E+01  0.2958E-01
  0.1779E+03  0.2345E+01  0.2897E-01
  0.1802E+03  0.2143E+01  0.2846E-01
  0.1825E+03  0.1954E+01  0.2803E-01
  0.1848E+03  0.1776E+01  0.2771E-01
  0.1871E+03  0.1608E+01  0.2735E-01
  0.1894E+03  0.1449E+01  0.2668E-01
  0.1917E+03  0.1297E+01  0.2562E-01
  0.1940E+03  0.1153E+01  0.2434E-01
  0.1963E+03  0.1017E+01  0.2302E-01
  0.1987E+03  0.8899E+00  0.2172E-01
  0.2010E+03  0.7730E+00  0.2057E-01
  0.2033E+03  0.6661E+00  0.1980E-01
  0.2056E+03  0.5685E+00  0.1939E-01
  0.2079E+03  0.4794E+00  0.1886E-01
  0.2102E+03  0.3982E+00  0.1784E-01
  0.2125E+03  0.3247E+00  0.1657E-01
  0.2148E+03  0.2599E+00  0.1570E-01
  0.2171E+03  0.2051E+00  0.1530E-01
  0.2195E+03  0.1614E+00  0.1474E-01
  0.2218E+03  0.1286E+00  0.1385E-01
  0.2241E+03  0.1041E+00  0.1364E-01
  0.2264E+03  0.8151E-01  0.1407E-01
  0.2287E+03  0.5115E-01  0.1147E-01
  0.2310E+03  0.0000E+00  0.0000E+00
          Reciprocal space: Rg =   72.12     , I(0) =   0.1781E+05
     Real space: Rg =   72.17 +- 0.113  I(0) =   0.1781E+05 +-  0.5654E+02
